#
# There is insufficient memory for the Java Runtime Environment to continue.
# Native memory allocation (mmap) failed to map 268435456 bytes for G1 virtual space
# Possible reasons:
#   The system is out of physical RAM or swap space
#   The process is running with CompressedOops enabled, and the Java Heap may be blocking the growth of the native heap
# Possible solutions:
#   Reduce memory load on the system
#   Increase physical memory or swap space
#   Check if swap backing store is full
#   Decrease Java heap size (-Xmx/-Xms)
#   Decrease number of Java threads
#   Decrease Java thread stack sizes (-Xss)
#   Set larger code cache with -XX:ReservedCodeCacheSize=
#   JVM is running with Unscaled Compressed Oops mode in which the Java heap is
#     placed in the first 4GB address space. The Java Heap base address is the
#     maximum limit for the native heap growth. Please use -XX:HeapBaseMinAddress
#     to set the Java Heap base and to place the Java Heap above 4GB virtual address.
# This output file may be truncated or incomplete.
#
#  Out of Memory Error (os_windows.cpp:3532), pid=13536, tid=11836
#
# JRE version:  (17.0.2+8) (build )
# Java VM: OpenJDK 64-Bit Server VM (17.0.2+8, mixed mode, sharing, tiered, compressed oops, compressed class ptrs, g1 gc, windows-amd64)
# No core dump will be written. Minidumps are not enabled by default on client versions of Windows
#

---------------  S U M M A R Y ------------

Command Line: -Dosgi.requiredJavaVersion=11 -Dosgi.instance.area.default=@user.home/eclipse-workspace -XX:+UseG1GC -XX:+UseStringDeduplication --add-modules=ALL-SYSTEM -Dosgi.requiredJavaVersion=11 -Dosgi.dataAreaRequiresExplicitInit=true -Dorg.eclipse.swt.graphics.Resource.reportNonDisposed=true -Xms256m -Xmx2048m --add-modules=ALL-SYSTEM Eclipse

Host: AMD E2-7015 APU with AMD Radeon R2 Graphics, 2 cores, 3G,  Windows 10 , 64 bit Build 19041 (10.0.19041.1889)
Time: Thu Aug 18 17:02:03 2022 India Standard Time elapsed time: 0.077073 seconds (0d 0h 0m 0s)

---------------  T H R E A D  ---------------

Current thread (0x0000020eb9d721c0):  JavaThread "Unknown thread" [_thread_in_vm, id=11836, stack(0x000000519c4e0000,0x000000519c5e0000)]

Stack: [0x000000519c4e0000,0x000000519c5e0000]
Native frames: (J=compiled Java code, j=interpreted, Vv=VM code, C=native code)
V  [jvm.dll+0x67564a]
V  [jvm.dll+0x82fc04]
V  [jvm.dll+0x8313ae]
V  [jvm.dll+0x831a13]
V  [jvm.dll+0x245235]
V  [jvm.dll+0x672539]
V  [jvm.dll+0x666e82]
V  [jvm.dll+0x30401b]
V  [jvm.dll+0x30b566]
V  [jvm.dll+0x35b1fe]
V  [jvm.dll+0x35b42f]
V  [jvm.dll+0x2daf58]
V  [jvm.dll+0x2dbec4]
V  [jvm.dll+0x801881]
V  [jvm.dll+0x368f81]
V  [jvm.dll+0x7e0cdc]
V  [jvm.dll+0x3eb8bf]
V  [jvm.dll+0x3ed441]
C  [eclipse_11602.dll+0x72e2]
C  [eclipse_11602.dll+0x3f69]
C  [eclipse.exe+0x1f27]
C  [eclipse.exe+0x3b74]
C  [KERNEL32.DLL+0x17034]
C  [ntdll.dll+0x52651]


---------------  P R O C E S S  ---------------

Threads class SMR info:
_java_thread_list=0x00007fff89495e98, length=0, elements={
}

Java Threads: ( => current thread )

Other Threads:
  0x0000020eb9db5240 GCTaskThread "GC Thread#0" [stack: 0x000000519ca00000,0x000000519cb00000] [id=9276]
  0x0000020eb9dc6080 ConcurrentGCThread "G1 Main Marker" [stack: 0x000000519cb00000,0x000000519cc00000] [id=18880]
  0x0000020eb9dc6990 ConcurrentGCThread "G1 Conc#0" [stack: 0x000000519cc00000,0x000000519cd00000] [id=18588]

[error occurred during error reporting (printing all threads), id 0xc0000005, EXCEPTION_ACCESS_VIOLATION (0xc0000005) at pc=0x00007fff88c6b9d7]

VM state: not at safepoint (not fully initialized)

VM Mutex/Monitor currently owned by a thread:  ([mutex/lock_event])
[0x0000020eb9d70570] Heap_lock - owner thread: 0x0000020eb9d721c0

Heap address: 0x0000000080000000, size: 2048 MB, Compressed Oops mode: 32-bit

CDS archive(s) mapped at: [0x0000000000000000-0x0000000000000000-0x0000000000000000), size 0, SharedBaseAddress: 0x0000000800000000, ArchiveRelocationMode: 0.
Narrow klass base: 0x0000000000000000, Narrow klass shift: 0, Narrow klass range: 0x0

GC Precious Log:
<Empty>

Heap:
 garbage-first heap   total 0K, used 0K [0x0000000080000000, 0x0000000100000000)
  region size 1024K, 0 young (0K), 0 survivors (0K)

[error occurred during error reporting (printing heap information), id 0xc0000005, EXCEPTION_ACCESS_VIOLATION (0xc0000005) at pc=0x00007fff8904e899]

GC Heap History (0 events):
No events

Deoptimization events (0 events):
No events

Classes unloaded (0 events):
No events

Classes redefined (0 events):
No events

Internal exceptions (0 events):
No events

VM Operations (0 events):
No events

Events (1 events):
Event: 0.045 Loaded shared library C:\Users\ASUS\eclipse\plugins\org.eclipse.justj.openjdk.hotspot.jre.full.win32.x86_64_17.0.2.v20220201-1208\jre\bin\java.dll


Dynamic libraries:
0x00007ff7b5bf0000 - 0x00007ff7b5c74000 	C:\Users\ASUS\eclipse\eclipse.exe
0x00007fffbfa30000 - 0x00007fffbfc28000 	C:\Windows\SYSTEM32\ntdll.dll
0x00007fffbf220000 - 0x00007fffbf2dd000 	C:\Windows\System32\KERNEL32.DLL
0x00007fffbd670000 - 0x00007fffbd93e000 	C:\Windows\System32\KERNELBASE.dll
0x00007fffbf640000 - 0x00007fffbf7e0000 	C:\Windows\System32\USER32.dll
0x00007fffbd400000 - 0x00007fffbd422000 	C:\Windows\System32\win32u.dll
0x00007fffbf920000 - 0x00007fffbf94a000 	C:\Windows\System32\GDI32.dll
0x00007fffbd560000 - 0x00007fffbd66b000 	C:\Windows\System32\gdi32full.dll
0x00007fffbd9f0000 - 0x00007fffbda8d000 	C:\Windows\System32\msvcp_win.dll
0x00007fffbd2b0000 - 0x00007fffbd3b0000 	C:\Windows\System32\ucrtbase.dll
0x00007fffa8e00000 - 0x00007fffa909a000 	C:\Windows\WinSxS\amd64_microsoft.windows.common-controls_6595b64144ccf1df_6.0.19041.1110_none_60b5254171f9507e\COMCTL32.dll
0x00007fffbf100000 - 0x00007fffbf19e000 	C:\Windows\System32\msvcrt.dll
0x00007fffbf950000 - 0x00007fffbf980000 	C:\Windows\System32\IMM32.DLL
0x00007fffb2840000 - 0x00007fffb287e000 	C:\Users\ASUS\eclipse\plugins\org.eclipse.equinox.launcher.win32.win32.x86_64_1.2.400.v20211117-0650\eclipse_11602.dll
0x00007fffbdb70000 - 0x00007fffbdc1e000 	C:\Windows\System32\ADVAPI32.dll
0x00007fffbf430000 - 0x00007fffbf4cc000 	C:\Windows\System32\sechost.dll
0x00007fffbe4a0000 - 0x00007fffbe5c5000 	C:\Windows\System32\RPCRT4.dll
0x00007fffbe370000 - 0x00007fffbe49a000 	C:\Windows\System32\ole32.dll
0x00007fffbead0000 - 0x00007fffbee24000 	C:\Windows\System32\combase.dll
0x00007fffb1580000 - 0x00007fffb158a000 	C:\Windows\SYSTEM32\VERSION.dll
0x00007fffbab70000 - 0x00007fffbac0e000 	C:\Windows\system32\uxtheme.dll
0x00007fffbf7e0000 - 0x00007fffbf8f5000 	C:\Windows\System32\MSCTF.dll
0x00007fffbf360000 - 0x00007fffbf42d000 	C:\Windows\System32\OLEAUT32.dll
0x00007fffbaf40000 - 0x00007fffbaf52000 	C:\Windows\SYSTEM32\kernel.appcore.dll
0x00007fffbd430000 - 0x00007fffbd4b2000 	C:\Windows\System32\bcryptPrimitives.dll
0x00007fffbee40000 - 0x00007fffbeee9000 	C:\Windows\System32\clbcatq.dll
0x00007fffbd4c0000 - 0x00007fffbd4e7000 	C:\Windows\System32\bcrypt.dll
0x00007fffb53b0000 - 0x00007fffb54a9000 	C:\Windows\SYSTEM32\textinputframework.dll
0x00007fffba870000 - 0x00007fffba962000 	C:\Windows\System32\CoreMessaging.dll
0x00007fffba510000 - 0x00007fffba86e000 	C:\Windows\System32\CoreUIComponents.dll
0x00007fffbf980000 - 0x00007fffbf9eb000 	C:\Windows\System32\WS2_32.dll
0x00007fffbf590000 - 0x00007fffbf63d000 	C:\Windows\System32\SHCORE.dll
0x00007fffb9de0000 - 0x00007fffb9f34000 	C:\Windows\SYSTEM32\wintypes.dll
0x00007fffbbe50000 - 0x00007fffbbe83000 	C:\Windows\SYSTEM32\ntmarta.dll
0x00007fff88980000 - 0x00007fff895c7000 	C:\Users\ASUS\eclipse\plugins\org.eclipse.justj.openjdk.hotspot.jre.full.win32.x86_64_17.0.2.v20220201-1208\jre\bin\server\jvm.dll
0x00007fffbf200000 - 0x00007fffbf208000 	C:\Windows\System32\PSAPI.DLL
0x00007fffb4650000 - 0x00007fffb4659000 	C:\Windows\SYSTEM32\WSOCK32.dll
0x00007fffb1550000 - 0x00007fffb1577000 	C:\Windows\SYSTEM32\WINMM.dll
0x00007fffa9100000 - 0x00007fffa911b000 	C:\Windows\SYSTEM32\VCRUNTIME140.dll
0x00007fffa9120000 - 0x00007fffa912c000 	C:\Windows\SYSTEM32\VCRUNTIME140_1.dll
0x00007fffb4530000 - 0x00007fffb453a000 	C:\Users\ASUS\eclipse\plugins\org.eclipse.justj.openjdk.hotspot.jre.full.win32.x86_64_17.0.2.v20220201-1208\jre\bin\jimage.dll
0x00007fffb5e20000 - 0x00007fffb6004000 	C:\Windows\SYSTEM32\DBGHELP.DLL
0x00007fffb5dc0000 - 0x00007fffb5dec000 	C:\Windows\SYSTEM32\dbgcore.DLL
0x00007fffb1a70000 - 0x00007fffb1a95000 	C:\Users\ASUS\eclipse\plugins\org.eclipse.justj.openjdk.hotspot.jre.full.win32.x86_64_17.0.2.v20220201-1208\jre\bin\java.dll

dbghelp: loaded successfully - version: 4.0.5 - missing functions: none
symbol engine: initialized successfully - sym options: 0x614 - pdb path: .;C:\Users\ASUS\eclipse;C:\Windows\SYSTEM32;C:\Windows\WinSxS\amd64_microsoft.windows.common-controls_6595b64144ccf1df_6.0.19041.1110_none_60b5254171f9507e;C:\Users\ASUS\eclipse\plugins\org.eclipse.equinox.launcher.win32.win32.x86_64_1.2.400.v20211117-0650;C:\Users\ASUS\eclipse\plugins\org.eclipse.justj.openjdk.hotspot.jre.full.win32.x86_64_17.0.2.v20220201-1208\jre\bin\server;C:\Users\ASUS\eclipse\plugins\org.eclipse.justj.openjdk.hotspot.jre.full.win32.x86_64_17.0.2.v20220201-1208\jre\bin

VM Arguments:
jvm_args: -Dosgi.requiredJavaVersion=11 -Dosgi.instance.area.default=@user.home/eclipse-workspace -XX:+UseG1GC -XX:+UseStringDeduplication --add-modules=ALL-SYSTEM -Dosgi.requiredJavaVersion=11 -Dosgi.dataAreaRequiresExplicitInit=true -Dorg.eclipse.swt.graphics.Resource.reportNonDisposed=true -Xms256m -Xmx2048m --add-modules=ALL-SYSTEM 
java_command: Eclipse
java_class_path (initial): C:\Users\ASUS\eclipse\\plugins/org.eclipse.equinox.launcher_1.6.400.v20210924-0641.jar
Launcher Type: generic

[Global flags]
     intx CICompilerCount                          = 2                                         {product} {ergonomic}
     uint ConcGCThreads                            = 1                                         {product} {ergonomic}
     uint G1ConcRefinementThreads                  = 2                                         {product} {ergonomic}
   size_t G1HeapRegionSize                         = 1048576                                   {product} {ergonomic}
    uintx GCDrainStackTargetSize                   = 64                                        {product} {ergonomic}
   size_t InitialHeapSize                          = 268435456                                 {product} {command line}
   size_t MarkStackSize                            = 4194304                                   {product} {ergonomic}
   size_t MaxHeapSize                              = 2147483648                                {product} {command line}
   size_t MinHeapDeltaBytes                        = 1048576                                   {product} {ergonomic}
   size_t MinHeapSize                              = 268435456                                 {product} {command line}
    uintx NonNMethodCodeHeapSize                   = 5826188                                {pd product} {ergonomic}
    uintx NonProfiledCodeHeapSize                  = 122916026                              {pd product} {ergonomic}
    uintx ProfiledCodeHeapSize                     = 122916026                              {pd product} {ergonomic}
    uintx ReservedCodeCacheSize                    = 251658240                              {pd product} {ergonomic}
     bool SegmentedCodeCache                       = true                                      {product} {ergonomic}
   size_t SoftMaxHeapSize                          = 2147483648                             {manageable} {ergonomic}
     bool UseCompressedClassPointers               = true                           {product lp64_product} {ergonomic}
     bool UseCompressedOops                        = true                           {product lp64_product} {ergonomic}
     bool UseG1GC                                  = true                                      {product} {command line}
     bool UseLargePagesIndividualAllocation        = false                                  {pd product} {ergonomic}
     bool UseStringDeduplication                   = true                                      {product} {command line}

Logging:
Log output configuration:
 #0: stdout all=warning uptime,level,tags
 #1: stderr all=off uptime,level,tags

Environment Variables:
PATH=C:\Program Files (x86)\Common Files\Oracle\Java\javapath;C:\Program Files\Java\jdk-17.0.3\bin;C:\Python310\Scripts\;C:\Python310\;C:\Windows\system32;C:\Windows;C:\Windows\System32\Wbem;C:\Windows\System32\WindowsPowerShell\v1.0\;C:\Windows\System32\OpenSSH\;C:\Program Files\Git\cmd;C:\Program Files (x86)\nodejs\;C:\ProgramData\chocolatey\bin;C:\Program Files\Java\jdk1.8.0_333\bin\;C:\Users\ASUS\AppData\Local\Microsoft\WindowsApps;;C:\Users\ASUS\AppData\Local\Programs\Microsoft VS Code\bin;C:\Program Files\heroku\bin;C:\Users\ASUS\AppData\Roaming\npm
USERNAME=ASUS
OS=Windows_NT
PROCESSOR_IDENTIFIER=AMD64 Family 22 Model 48 Stepping 1, AuthenticAMD



---------------  S Y S T E M  ---------------

OS:
 Windows 10 , 64 bit Build 19041 (10.0.19041.1889)
OS uptime: 4 days 9:20 hours

CPU: total 2 (initial active 2) (2 cores per cpu, 1 threads per core) family 22 model 48 stepping 1 microcode 0x0, cx8, cmov, fxsr, mmx, 3dnowpref, sse, sse2, sse3, ssse3, sse4a, sse4.1, sse4.2, popcnt, lzcnt, tsc, tscinvbit, avx, aes, clmul, bmi1, vzeroupper, clflush

Memory: 4k page, system-wide physical 3508M (198M free)
TotalPageFile size 14260M (AvailPageFile size 46M)
current process WorkingSet (physical memory assigned to process): 15M, peak: 15M
current process commit charge ("private bytes"): 48M, peak: 304M

vm_info: OpenJDK 64-Bit Server VM (17.0.2+8) for windows-amd64 JRE (17.0.2+8), built on Jan 20 2022 04:52:34 by "" with MS VC++ 16.7 (VS2019)

END.
