#
# There is insufficient memory for the Java Runtime Environment to continue.
# Native memory allocation (malloc) failed to allocate 717136 bytes for Chunk::new
# Possible reasons:
#   The system is out of physical RAM or swap space
#   The process is running with CompressedOops enabled, and the Java Heap may be blocking the growth of the native heap
# Possible solutions:
#   Reduce memory load on the system
#   Increase physical memory or swap space
#   Check if swap backing store is full
#   Decrease Java heap size (-Xmx/-Xms)
#   Decrease number of Java threads
#   Decrease Java thread stack sizes (-Xss)
#   Set larger code cache with -XX:ReservedCodeCacheSize=
#   JVM is running with Unscaled Compressed Oops mode in which the Java heap is
#     placed in the first 4GB address space. The Java Heap base address is the
#     maximum limit for the native heap growth. Please use -XX:HeapBaseMinAddress
#     to set the Java Heap base and to place the Java Heap above 4GB virtual address.
# This output file may be truncated or incomplete.
#
#  Out of Memory Error (arena.cpp:189), pid=14724, tid=8948
#
# JRE version: OpenJDK Runtime Environment Temurin-17.0.2+8 (17.0.2+8) (build 17.0.2+8)
# Java VM: OpenJDK 64-Bit Server VM Temurin-17.0.2+8 (17.0.2+8, mixed mode, tiered, compressed oops, compressed class ptrs, g1 gc, windows-amd64)
# No core dump will be written. Minidumps are not enabled by default on client versions of Windows
#

---------------  S U M M A R Y ------------

Command Line: -Dosgi.requiredJavaVersion=11 -Dosgi.instance.area.default=@user.home/eclipse-workspace -XX:+UseG1GC -XX:+UseStringDeduplication --add-modules=ALL-SYSTEM -Dosgi.requiredJavaVersion=11 -Dosgi.dataAreaRequiresExplicitInit=true -Dorg.eclipse.swt.graphics.Resource.reportNonDisposed=true -Xms256m -Xmx2048m --add-modules=ALL-SYSTEM Eclipse

Host: AMD E2-7015 APU with AMD Radeon R2 Graphics, 2 cores, 3G,  Windows 10 , 64 bit Build 19041 (10.0.19041.1889)
Time: Thu Aug 18 17:04:02 2022 India Standard Time elapsed time: 18.864476 seconds (0d 0h 0m 18s)

---------------  T H R E A D  ---------------

Current thread (0x000001977f0c0110):  JavaThread "C2 CompilerThread0" daemon [_thread_in_native, id=8948, stack(0x0000003d21c00000,0x0000003d21d00000)]


Current CompileTask:
C2:  18864 2688       4       org.eclipse.osgi.internal.loader.BundleLoader::addExportedProvidersFor (167 bytes)

Stack: [0x0000003d21c00000,0x0000003d21d00000]
Native frames: (J=compiled Java code, j=interpreted, Vv=VM code, C=native code)
V  [jvm.dll+0x67564a]
V  [jvm.dll+0x82fc04]
V  [jvm.dll+0x8313ae]
V  [jvm.dll+0x831a13]
V  [jvm.dll+0x245235]
V  [jvm.dll+0xabd7b]
V  [jvm.dll+0xac30c]
V  [jvm.dll+0x2ac33f]
V  [jvm.dll+0x57c559]
V  [jvm.dll+0x2202ed]
V  [jvm.dll+0x21978f]
V  [jvm.dll+0x2173eb]
V  [jvm.dll+0x1a3a8d]
V  [jvm.dll+0x226ef8]
V  [jvm.dll+0x22503c]
V  [jvm.dll+0x7e596b]
V  [jvm.dll+0x7dff2a]
V  [jvm.dll+0x6744d5]
C  [ucrtbase.dll+0x21bb2]
C  [KERNEL32.DLL+0x17034]
C  [ntdll.dll+0x52651]


---------------  P R O C E S S  ---------------

Threads class SMR info:
_java_thread_list=0x00000197190df9c0, length=19, elements={
0x000001977d773e30, 0x000001977f046250, 0x000001977f052320, 0x000001977f0b36a0,
0x000001977f0b3b70, 0x000001977f0b6fb0, 0x000001977f0bf520, 0x000001977f0c0110,
0x000001977f0c21c0, 0x000001977f0c4ea0, 0x000001977f1ea3c0, 0x000001977f3a0730,
0x000001977fbcfff0, 0x000001977fb09780, 0x000001977fb09c50, 0x000001977f2fe430,
0x00000197191b05e0, 0x000001971924a0a0, 0x00000197194b5fe0
}

Java Threads: ( => current thread )
  0x000001977d773e30 JavaThread "main" [_thread_blocked, id=16932, stack(0x0000003d20c00000,0x0000003d20d00000)]
  0x000001977f046250 JavaThread "Reference Handler" daemon [_thread_blocked, id=5904, stack(0x0000003d21600000,0x0000003d21700000)]
  0x000001977f052320 JavaThread "Finalizer" daemon [_thread_blocked, id=15372, stack(0x0000003d21700000,0x0000003d21800000)]
  0x000001977f0b36a0 JavaThread "Signal Dispatcher" daemon [_thread_blocked, id=16016, stack(0x0000003d21800000,0x0000003d21900000)]
  0x000001977f0b3b70 JavaThread "Attach Listener" daemon [_thread_blocked, id=14660, stack(0x0000003d21900000,0x0000003d21a00000)]
  0x000001977f0b6fb0 JavaThread "Service Thread" daemon [_thread_blocked, id=14044, stack(0x0000003d21a00000,0x0000003d21b00000)]
  0x000001977f0bf520 JavaThread "Monitor Deflation Thread" daemon [_thread_blocked, id=17324, stack(0x0000003d21b00000,0x0000003d21c00000)]
=>0x000001977f0c0110 JavaThread "C2 CompilerThread0" daemon [_thread_in_native, id=8948, stack(0x0000003d21c00000,0x0000003d21d00000)]
  0x000001977f0c21c0 JavaThread "C1 CompilerThread0" daemon [_thread_blocked, id=11508, stack(0x0000003d21d00000,0x0000003d21e00000)]
  0x000001977f0c4ea0 JavaThread "Sweeper thread" daemon [_thread_blocked, id=4164, stack(0x0000003d21e00000,0x0000003d21f00000)]
  0x000001977f1ea3c0 JavaThread "Common-Cleaner" daemon [_thread_blocked, id=17440, stack(0x0000003d21f00000,0x0000003d22000000)]
  0x000001977f3a0730 JavaThread "Notification Thread" daemon [_thread_blocked, id=8368, stack(0x0000003d22000000,0x0000003d22100000)]
  0x000001977fbcfff0 JavaThread "Active Thread: Equinox Container: 2cc31822-70e8-44ba-a112-800d666ebc14" [_thread_blocked, id=17104, stack(0x0000003d22400000,0x0000003d22500000)]
  0x000001977fb09780 JavaThread "Framework Event Dispatcher: Equinox Container: 2cc31822-70e8-44ba-a112-800d666ebc14" daemon [_thread_blocked, id=12928, stack(0x0000003d22500000,0x0000003d22600000)]
  0x000001977fb09c50 JavaThread "Start Level: Equinox Container: 2cc31822-70e8-44ba-a112-800d666ebc14" daemon [_thread_in_Java, id=1344, stack(0x0000003d22600000,0x0000003d22700000)]
  0x000001977f2fe430 JavaThread "SCR Component Actor" daemon [_thread_blocked, id=16584, stack(0x0000003d22700000,0x0000003d22800000)]
  0x00000197191b05e0 JavaThread "Timer-0" [_thread_blocked, id=15172, stack(0x0000003d22800000,0x0000003d22900000)]
  0x000001971924a0a0 JavaThread "EMF Reference Cleaner" daemon [_thread_blocked, id=1236, stack(0x0000003d22900000,0x0000003d22a00000)]
  0x00000197194b5fe0 JavaThread "Worker-JM" [_thread_blocked, id=2100, stack(0x0000003d22a00000,0x0000003d22b00000)]

Other Threads:
  0x000001977f0420f0 VMThread "VM Thread" [stack: 0x0000003d21500000,0x0000003d21600000] [id=17004]
  0x000001977f3a0c00 WatcherThread [stack: 0x0000003d22100000,0x0000003d22200000] [id=15824]
  0x000001977d7bbbf0 GCTaskThread "GC Thread#0" [stack: 0x0000003d20f00000,0x0000003d21000000] [id=15148]
  0x000001977f7f5690 GCTaskThread "GC Thread#1" [stack: 0x0000003d22200000,0x0000003d22300000] [id=17008]
  0x000001977d7ce5b0 ConcurrentGCThread "G1 Main Marker" [stack: 0x0000003d21000000,0x0000003d21100000] [id=17752]
  0x000001977d7d02d0 ConcurrentGCThread "G1 Conc#0" [stack: 0x0000003d21100000,0x0000003d21200000] [id=16824]
  0x000001977e493ef0 ConcurrentGCThread "G1 Refine#0" [stack: 0x0000003d21200000,0x0000003d21300000] [id=5088]
  0x000001977f8522d0 ConcurrentGCThread "G1 Refine#1" [stack: 0x0000003d22300000,0x0000003d22400000] [id=15400]
  0x000001977e4946b0 ConcurrentGCThread "G1 Service" [stack: 0x0000003d21300000,0x0000003d21400000] [id=10568]
  0x000001977f00d090 ConcurrentGCThread "StringDedupProcessor" [stack: 0x0000003d21400000,0x0000003d21500000] [id=17680]

Threads with active compile tasks:
C2 CompilerThread0    18969 2688       4       org.eclipse.osgi.internal.loader.BundleLoader::addExportedProvidersFor (167 bytes)

VM state: not at safepoint (normal execution)

VM Mutex/Monitor currently owned by a thread: None

Heap address: 0x0000000080000000, size: 2048 MB, Compressed Oops mode: 32-bit

CDS archive(s) not mapped
Compressed class space mapped at: 0x0000000100000000-0x0000000140000000, reserved size: 1073741824
Narrow klass base: 0x0000000000000000, Narrow klass shift: 3, Narrow klass range: 0x140000000

GC Precious Log:
 CPUs: 2 total, 2 available
 Memory: 3508M
 Large Page Support: Disabled
 NUMA Support: Disabled
 Compressed Oops: Enabled (32-bit)
 Heap Region Size: 1M
 Heap Min Capacity: 256M
 Heap Initial Capacity: 256M
 Heap Max Capacity: 2G
 Pre-touch: Disabled
 Parallel Workers: 2
 Concurrent Workers: 1
 Concurrent Refinement Workers: 2
 Periodic GC: Disabled
 String Deduplication is enabled

Heap:
 garbage-first heap   total 262144K, used 28541K [0x0000000080000000, 0x0000000100000000)
  region size 1024K, 12 young (12288K), 5 survivors (5120K)
 Metaspace       used 23085K, committed 23680K, reserved 1073152K
  class space    used 2272K, committed 2496K, reserved 1048576K

Heap Regions: E=young(eden), S=young(survivor), O=old, HS=humongous(starts), HC=humongous(continues), CS=collection set, F=free, OA=open archive, CA=closed archive, TAMS=top-at-mark-start (previous, next)
|   0|0x0000000080000000, 0x0000000080100000, 0x0000000080100000|100%| O|  |TAMS 0x0000000080100000, 0x0000000080000000| Untracked 
|   1|0x0000000080100000, 0x0000000080200000, 0x0000000080200000|100%| O|  |TAMS 0x0000000080200000, 0x0000000080100000| Untracked 
|   2|0x0000000080200000, 0x0000000080300000, 0x0000000080300000|100%| O|  |TAMS 0x0000000080300000, 0x0000000080200000| Untracked 
|   3|0x0000000080300000, 0x0000000080400000, 0x0000000080400000|100%| O|  |TAMS 0x0000000080400000, 0x0000000080300000| Untracked 
|   4|0x0000000080400000, 0x0000000080500000, 0x0000000080500000|100%| O|  |TAMS 0x0000000080500000, 0x0000000080400000| Untracked 
|   5|0x0000000080500000, 0x0000000080600000, 0x0000000080600000|100%| O|  |TAMS 0x0000000080600000, 0x0000000080500000| Untracked 
|   6|0x0000000080600000, 0x0000000080700000, 0x0000000080700000|100%| O|  |TAMS 0x0000000080700000, 0x0000000080600000| Untracked 
|   7|0x0000000080700000, 0x0000000080800000, 0x0000000080800000|100%| O|  |TAMS 0x0000000080800000, 0x0000000080700000| Untracked 
|   8|0x0000000080800000, 0x0000000080900000, 0x0000000080900000|100%| O|  |TAMS 0x0000000080900000, 0x0000000080800000| Untracked 
|   9|0x0000000080900000, 0x0000000080a00000, 0x0000000080a00000|100%| O|  |TAMS 0x0000000080a00000, 0x0000000080900000| Untracked 
|  10|0x0000000080a00000, 0x0000000080b00000, 0x0000000080b00000|100%| O|  |TAMS 0x0000000080b00000, 0x0000000080a00000| Untracked 
|  11|0x0000000080b00000, 0x0000000080c00000, 0x0000000080c00000|100%| O|  |TAMS 0x0000000080c00000, 0x0000000080b00000| Untracked 
|  12|0x0000000080c00000, 0x0000000080d00000, 0x0000000080d00000|100%| O|  |TAMS 0x0000000080d00000, 0x0000000080c00000| Untracked 
|  13|0x0000000080d00000, 0x0000000080e00000, 0x0000000080e00000|100%| O|  |TAMS 0x0000000080e00000, 0x0000000080d00000| Untracked 
|  14|0x0000000080e00000, 0x0000000080f00000, 0x0000000080f00000|100%| O|  |TAMS 0x0000000080f00000, 0x0000000080e00000| Untracked 
|  15|0x0000000080f00000, 0x0000000081000000, 0x0000000081000000|100%| O|  |TAMS 0x0000000081000000, 0x0000000080f00000| Untracked 
|  16|0x0000000081000000, 0x00000000810fae00, 0x0000000081100000| 97%| O|  |TAMS 0x00000000810fae00, 0x0000000081000000| Untracked 
|  17|0x0000000081100000, 0x0000000081100000, 0x0000000081200000|  0%| F|  |TAMS 0x0000000081100000, 0x0000000081100000| Untracked 
|  18|0x0000000081200000, 0x0000000081200000, 0x0000000081300000|  0%| F|  |TAMS 0x0000000081200000, 0x0000000081200000| Untracked 
|  19|0x0000000081300000, 0x0000000081300000, 0x0000000081400000|  0%| F|  |TAMS 0x0000000081300000, 0x0000000081300000| Untracked 
|  20|0x0000000081400000, 0x0000000081400000, 0x0000000081500000|  0%| F|  |TAMS 0x0000000081400000, 0x0000000081400000| Untracked 
|  21|0x0000000081500000, 0x0000000081500000, 0x0000000081600000|  0%| F|  |TAMS 0x0000000081500000, 0x0000000081500000| Untracked 
|  22|0x0000000081600000, 0x0000000081600000, 0x0000000081700000|  0%| F|  |TAMS 0x0000000081600000, 0x0000000081600000| Untracked 
|  23|0x0000000081700000, 0x0000000081700000, 0x0000000081800000|  0%| F|  |TAMS 0x0000000081700000, 0x0000000081700000| Untracked 
|  24|0x0000000081800000, 0x0000000081800000, 0x0000000081900000|  0%| F|  |TAMS 0x0000000081800000, 0x0000000081800000| Untracked 
|  25|0x0000000081900000, 0x0000000081900000, 0x0000000081a00000|  0%| F|  |TAMS 0x0000000081900000, 0x0000000081900000| Untracked 
|  26|0x0000000081a00000, 0x0000000081a00000, 0x0000000081b00000|  0%| F|  |TAMS 0x0000000081a00000, 0x0000000081a00000| Untracked 
|  27|0x0000000081b00000, 0x0000000081b00000, 0x0000000081c00000|  0%| F|  |TAMS 0x0000000081b00000, 0x0000000081b00000| Untracked 
|  28|0x0000000081c00000, 0x0000000081c00000, 0x0000000081d00000|  0%| F|  |TAMS 0x0000000081c00000, 0x0000000081c00000| Untracked 
|  29|0x0000000081d00000, 0x0000000081d00000, 0x0000000081e00000|  0%| F|  |TAMS 0x0000000081d00000, 0x0000000081d00000| Untracked 
|  30|0x0000000081e00000, 0x0000000081e00000, 0x0000000081f00000|  0%| F|  |TAMS 0x0000000081e00000, 0x0000000081e00000| Untracked 
|  31|0x0000000081f00000, 0x0000000081f00000, 0x0000000082000000|  0%| F|  |TAMS 0x0000000081f00000, 0x0000000081f00000| Untracked 
|  32|0x0000000082000000, 0x0000000082000000, 0x0000000082100000|  0%| F|  |TAMS 0x0000000082000000, 0x0000000082000000| Untracked 
|  33|0x0000000082100000, 0x0000000082100000, 0x0000000082200000|  0%| F|  |TAMS 0x0000000082100000, 0x0000000082100000| Untracked 
|  34|0x0000000082200000, 0x0000000082200000, 0x0000000082300000|  0%| F|  |TAMS 0x0000000082200000, 0x0000000082200000| Untracked 
|  35|0x0000000082300000, 0x0000000082300000, 0x0000000082400000|  0%| F|  |TAMS 0x0000000082300000, 0x0000000082300000| Untracked 
|  36|0x0000000082400000, 0x0000000082400000, 0x0000000082500000|  0%| F|  |TAMS 0x0000000082400000, 0x0000000082400000| Untracked 
|  37|0x0000000082500000, 0x0000000082500000, 0x0000000082600000|  0%| F|  |TAMS 0x0000000082500000, 0x0000000082500000| Untracked 
|  38|0x0000000082600000, 0x0000000082600000, 0x0000000082700000|  0%| F|  |TAMS 0x0000000082600000, 0x0000000082600000| Untracked 
|  39|0x0000000082700000, 0x0000000082700000, 0x0000000082800000|  0%| F|  |TAMS 0x0000000082700000, 0x0000000082700000| Untracked 
|  40|0x0000000082800000, 0x0000000082800000, 0x0000000082900000|  0%| F|  |TAMS 0x0000000082800000, 0x0000000082800000| Untracked 
|  41|0x0000000082900000, 0x0000000082900000, 0x0000000082a00000|  0%| F|  |TAMS 0x0000000082900000, 0x0000000082900000| Untracked 
|  42|0x0000000082a00000, 0x0000000082a00000, 0x0000000082b00000|  0%| F|  |TAMS 0x0000000082a00000, 0x0000000082a00000| Untracked 
|  43|0x0000000082b00000, 0x0000000082b00000, 0x0000000082c00000|  0%| F|  |TAMS 0x0000000082b00000, 0x0000000082b00000| Untracked 
|  44|0x0000000082c00000, 0x0000000082c00000, 0x0000000082d00000|  0%| F|  |TAMS 0x0000000082c00000, 0x0000000082c00000| Untracked 
|  45|0x0000000082d00000, 0x0000000082d00000, 0x0000000082e00000|  0%| F|  |TAMS 0x0000000082d00000, 0x0000000082d00000| Untracked 
|  46|0x0000000082e00000, 0x0000000082e00000, 0x0000000082f00000|  0%| F|  |TAMS 0x0000000082e00000, 0x0000000082e00000| Untracked 
|  47|0x0000000082f00000, 0x0000000082f00000, 0x0000000083000000|  0%| F|  |TAMS 0x0000000082f00000, 0x0000000082f00000| Untracked 
|  48|0x0000000083000000, 0x0000000083000000, 0x0000000083100000|  0%| F|  |TAMS 0x0000000083000000, 0x0000000083000000| Untracked 
|  49|0x0000000083100000, 0x0000000083100000, 0x0000000083200000|  0%| F|  |TAMS 0x0000000083100000, 0x0000000083100000| Untracked 
|  50|0x0000000083200000, 0x0000000083200000, 0x0000000083300000|  0%| F|  |TAMS 0x0000000083200000, 0x0000000083200000| Untracked 
|  51|0x0000000083300000, 0x0000000083300000, 0x0000000083400000|  0%| F|  |TAMS 0x0000000083300000, 0x0000000083300000| Untracked 
|  52|0x0000000083400000, 0x0000000083400000, 0x0000000083500000|  0%| F|  |TAMS 0x0000000083400000, 0x0000000083400000| Untracked 
|  53|0x0000000083500000, 0x0000000083500000, 0x0000000083600000|  0%| F|  |TAMS 0x0000000083500000, 0x0000000083500000| Untracked 
|  54|0x0000000083600000, 0x0000000083600000, 0x0000000083700000|  0%| F|  |TAMS 0x0000000083600000, 0x0000000083600000| Untracked 
|  55|0x0000000083700000, 0x0000000083700000, 0x0000000083800000|  0%| F|  |TAMS 0x0000000083700000, 0x0000000083700000| Untracked 
|  56|0x0000000083800000, 0x0000000083800000, 0x0000000083900000|  0%| F|  |TAMS 0x0000000083800000, 0x0000000083800000| Untracked 
|  57|0x0000000083900000, 0x0000000083900000, 0x0000000083a00000|  0%| F|  |TAMS 0x0000000083900000, 0x0000000083900000| Untracked 
|  58|0x0000000083a00000, 0x0000000083a00000, 0x0000000083b00000|  0%| F|  |TAMS 0x0000000083a00000, 0x0000000083a00000| Untracked 
|  59|0x0000000083b00000, 0x0000000083b00000, 0x0000000083c00000|  0%| F|  |TAMS 0x0000000083b00000, 0x0000000083b00000| Untracked 
|  60|0x0000000083c00000, 0x0000000083c00000, 0x0000000083d00000|  0%| F|  |TAMS 0x0000000083c00000, 0x0000000083c00000| Untracked 
|  61|0x0000000083d00000, 0x0000000083d00000, 0x0000000083e00000|  0%| F|  |TAMS 0x0000000083d00000, 0x0000000083d00000| Untracked 
|  62|0x0000000083e00000, 0x0000000083e00000, 0x0000000083f00000|  0%| F|  |TAMS 0x0000000083e00000, 0x0000000083e00000| Untracked 
|  63|0x0000000083f00000, 0x0000000083f00000, 0x0000000084000000|  0%| F|  |TAMS 0x0000000083f00000, 0x0000000083f00000| Untracked 
|  64|0x0000000084000000, 0x0000000084000000, 0x0000000084100000|  0%| F|  |TAMS 0x0000000084000000, 0x0000000084000000| Untracked 
|  65|0x0000000084100000, 0x0000000084100000, 0x0000000084200000|  0%| F|  |TAMS 0x0000000084100000, 0x0000000084100000| Untracked 
|  66|0x0000000084200000, 0x0000000084200000, 0x0000000084300000|  0%| F|  |TAMS 0x0000000084200000, 0x0000000084200000| Untracked 
|  67|0x0000000084300000, 0x0000000084300000, 0x0000000084400000|  0%| F|  |TAMS 0x0000000084300000, 0x0000000084300000| Untracked 
|  68|0x0000000084400000, 0x0000000084400000, 0x0000000084500000|  0%| F|  |TAMS 0x0000000084400000, 0x0000000084400000| Untracked 
|  69|0x0000000084500000, 0x0000000084500000, 0x0000000084600000|  0%| F|  |TAMS 0x0000000084500000, 0x0000000084500000| Untracked 
|  70|0x0000000084600000, 0x0000000084600000, 0x0000000084700000|  0%| F|  |TAMS 0x0000000084600000, 0x0000000084600000| Untracked 
|  71|0x0000000084700000, 0x0000000084700000, 0x0000000084800000|  0%| F|  |TAMS 0x0000000084700000, 0x0000000084700000| Untracked 
|  72|0x0000000084800000, 0x0000000084800000, 0x0000000084900000|  0%| F|  |TAMS 0x0000000084800000, 0x0000000084800000| Untracked 
|  73|0x0000000084900000, 0x0000000084900000, 0x0000000084a00000|  0%| F|  |TAMS 0x0000000084900000, 0x0000000084900000| Untracked 
|  74|0x0000000084a00000, 0x0000000084a00000, 0x0000000084b00000|  0%| F|  |TAMS 0x0000000084a00000, 0x0000000084a00000| Untracked 
|  75|0x0000000084b00000, 0x0000000084b00000, 0x0000000084c00000|  0%| F|  |TAMS 0x0000000084b00000, 0x0000000084b00000| Untracked 
|  76|0x0000000084c00000, 0x0000000084c00000, 0x0000000084d00000|  0%| F|  |TAMS 0x0000000084c00000, 0x0000000084c00000| Untracked 
|  77|0x0000000084d00000, 0x0000000084d00000, 0x0000000084e00000|  0%| F|  |TAMS 0x0000000084d00000, 0x0000000084d00000| Untracked 
|  78|0x0000000084e00000, 0x0000000084e00000, 0x0000000084f00000|  0%| F|  |TAMS 0x0000000084e00000, 0x0000000084e00000| Untracked 
|  79|0x0000000084f00000, 0x0000000084f00000, 0x0000000085000000|  0%| F|  |TAMS 0x0000000084f00000, 0x0000000084f00000| Untracked 
|  80|0x0000000085000000, 0x0000000085000000, 0x0000000085100000|  0%| F|  |TAMS 0x0000000085000000, 0x0000000085000000| Untracked 
|  81|0x0000000085100000, 0x0000000085100000, 0x0000000085200000|  0%| F|  |TAMS 0x0000000085100000, 0x0000000085100000| Untracked 
|  82|0x0000000085200000, 0x0000000085200000, 0x0000000085300000|  0%| F|  |TAMS 0x0000000085200000, 0x0000000085200000| Untracked 
|  83|0x0000000085300000, 0x0000000085300000, 0x0000000085400000|  0%| F|  |TAMS 0x0000000085300000, 0x0000000085300000| Untracked 
|  84|0x0000000085400000, 0x0000000085400000, 0x0000000085500000|  0%| F|  |TAMS 0x0000000085400000, 0x0000000085400000| Untracked 
|  85|0x0000000085500000, 0x0000000085500000, 0x0000000085600000|  0%| F|  |TAMS 0x0000000085500000, 0x0000000085500000| Untracked 
|  86|0x0000000085600000, 0x0000000085600000, 0x0000000085700000|  0%| F|  |TAMS 0x0000000085600000, 0x0000000085600000| Untracked 
|  87|0x0000000085700000, 0x0000000085700000, 0x0000000085800000|  0%| F|  |TAMS 0x0000000085700000, 0x0000000085700000| Untracked 
|  88|0x0000000085800000, 0x0000000085800000, 0x0000000085900000|  0%| F|  |TAMS 0x0000000085800000, 0x0000000085800000| Untracked 
|  89|0x0000000085900000, 0x0000000085900000, 0x0000000085a00000|  0%| F|  |TAMS 0x0000000085900000, 0x0000000085900000| Untracked 
|  90|0x0000000085a00000, 0x0000000085a00000, 0x0000000085b00000|  0%| F|  |TAMS 0x0000000085a00000, 0x0000000085a00000| Untracked 
|  91|0x0000000085b00000, 0x0000000085b00000, 0x0000000085c00000|  0%| F|  |TAMS 0x0000000085b00000, 0x0000000085b00000| Untracked 
|  92|0x0000000085c00000, 0x0000000085c00000, 0x0000000085d00000|  0%| F|  |TAMS 0x0000000085c00000, 0x0000000085c00000| Untracked 
|  93|0x0000000085d00000, 0x0000000085d00000, 0x0000000085e00000|  0%| F|  |TAMS 0x0000000085d00000, 0x0000000085d00000| Untracked 
|  94|0x0000000085e00000, 0x0000000085e00000, 0x0000000085f00000|  0%| F|  |TAMS 0x0000000085e00000, 0x0000000085e00000| Untracked 
|  95|0x0000000085f00000, 0x0000000085f00000, 0x0000000086000000|  0%| F|  |TAMS 0x0000000085f00000, 0x0000000085f00000| Untracked 
|  96|0x0000000086000000, 0x0000000086000000, 0x0000000086100000|  0%| F|  |TAMS 0x0000000086000000, 0x0000000086000000| Untracked 
|  97|0x0000000086100000, 0x0000000086100000, 0x0000000086200000|  0%| F|  |TAMS 0x0000000086100000, 0x0000000086100000| Untracked 
|  98|0x0000000086200000, 0x0000000086200000, 0x0000000086300000|  0%| F|  |TAMS 0x0000000086200000, 0x0000000086200000| Untracked 
|  99|0x0000000086300000, 0x0000000086300000, 0x0000000086400000|  0%| F|  |TAMS 0x0000000086300000, 0x0000000086300000| Untracked 
| 100|0x0000000086400000, 0x0000000086400000, 0x0000000086500000|  0%| F|  |TAMS 0x0000000086400000, 0x0000000086400000| Untracked 
| 101|0x0000000086500000, 0x0000000086500000, 0x0000000086600000|  0%| F|  |TAMS 0x0000000086500000, 0x0000000086500000| Untracked 
| 102|0x0000000086600000, 0x0000000086600000, 0x0000000086700000|  0%| F|  |TAMS 0x0000000086600000, 0x0000000086600000| Untracked 
| 103|0x0000000086700000, 0x0000000086700000, 0x0000000086800000|  0%| F|  |TAMS 0x0000000086700000, 0x0000000086700000| Untracked 
| 104|0x0000000086800000, 0x0000000086800000, 0x0000000086900000|  0%| F|  |TAMS 0x0000000086800000, 0x0000000086800000| Untracked 
| 105|0x0000000086900000, 0x0000000086900000, 0x0000000086a00000|  0%| F|  |TAMS 0x0000000086900000, 0x0000000086900000| Untracked 
| 106|0x0000000086a00000, 0x0000000086a00000, 0x0000000086b00000|  0%| F|  |TAMS 0x0000000086a00000, 0x0000000086a00000| Untracked 
| 107|0x0000000086b00000, 0x0000000086b00000, 0x0000000086c00000|  0%| F|  |TAMS 0x0000000086b00000, 0x0000000086b00000| Untracked 
| 108|0x0000000086c00000, 0x0000000086c00000, 0x0000000086d00000|  0%| F|  |TAMS 0x0000000086c00000, 0x0000000086c00000| Untracked 
| 109|0x0000000086d00000, 0x0000000086d00000, 0x0000000086e00000|  0%| F|  |TAMS 0x0000000086d00000, 0x0000000086d00000| Untracked 
| 110|0x0000000086e00000, 0x0000000086e00000, 0x0000000086f00000|  0%| F|  |TAMS 0x0000000086e00000, 0x0000000086e00000| Untracked 
| 111|0x0000000086f00000, 0x0000000086f00000, 0x0000000087000000|  0%| F|  |TAMS 0x0000000086f00000, 0x0000000086f00000| Untracked 
| 112|0x0000000087000000, 0x0000000087000000, 0x0000000087100000|  0%| F|  |TAMS 0x0000000087000000, 0x0000000087000000| Untracked 
| 113|0x0000000087100000, 0x0000000087100000, 0x0000000087200000|  0%| F|  |TAMS 0x0000000087100000, 0x0000000087100000| Untracked 
| 114|0x0000000087200000, 0x0000000087200000, 0x0000000087300000|  0%| F|  |TAMS 0x0000000087200000, 0x0000000087200000| Untracked 
| 115|0x0000000087300000, 0x0000000087300000, 0x0000000087400000|  0%| F|  |TAMS 0x0000000087300000, 0x0000000087300000| Untracked 
| 116|0x0000000087400000, 0x0000000087400000, 0x0000000087500000|  0%| F|  |TAMS 0x0000000087400000, 0x0000000087400000| Untracked 
| 117|0x0000000087500000, 0x0000000087500000, 0x0000000087600000|  0%| F|  |TAMS 0x0000000087500000, 0x0000000087500000| Untracked 
| 118|0x0000000087600000, 0x0000000087600000, 0x0000000087700000|  0%| F|  |TAMS 0x0000000087600000, 0x0000000087600000| Untracked 
| 119|0x0000000087700000, 0x0000000087700000, 0x0000000087800000|  0%| F|  |TAMS 0x0000000087700000, 0x0000000087700000| Untracked 
| 120|0x0000000087800000, 0x0000000087800000, 0x0000000087900000|  0%| F|  |TAMS 0x0000000087800000, 0x0000000087800000| Untracked 
| 121|0x0000000087900000, 0x0000000087900000, 0x0000000087a00000|  0%| F|  |TAMS 0x0000000087900000, 0x0000000087900000| Untracked 
| 122|0x0000000087a00000, 0x0000000087a00000, 0x0000000087b00000|  0%| F|  |TAMS 0x0000000087a00000, 0x0000000087a00000| Untracked 
| 123|0x0000000087b00000, 0x0000000087b00000, 0x0000000087c00000|  0%| F|  |TAMS 0x0000000087b00000, 0x0000000087b00000| Untracked 
| 124|0x0000000087c00000, 0x0000000087c00000, 0x0000000087d00000|  0%| F|  |TAMS 0x0000000087c00000, 0x0000000087c00000| Untracked 
| 125|0x0000000087d00000, 0x0000000087d00000, 0x0000000087e00000|  0%| F|  |TAMS 0x0000000087d00000, 0x0000000087d00000| Untracked 
| 126|0x0000000087e00000, 0x0000000087e00000, 0x0000000087f00000|  0%| F|  |TAMS 0x0000000087e00000, 0x0000000087e00000| Untracked 
| 127|0x0000000087f00000, 0x0000000087f00000, 0x0000000088000000|  0%| F|  |TAMS 0x0000000087f00000, 0x0000000087f00000| Untracked 
| 128|0x0000000088000000, 0x0000000088000000, 0x0000000088100000|  0%| F|  |TAMS 0x0000000088000000, 0x0000000088000000| Untracked 
| 129|0x0000000088100000, 0x0000000088100000, 0x0000000088200000|  0%| F|  |TAMS 0x0000000088100000, 0x0000000088100000| Untracked 
| 130|0x0000000088200000, 0x0000000088200000, 0x0000000088300000|  0%| F|  |TAMS 0x0000000088200000, 0x0000000088200000| Untracked 
| 131|0x0000000088300000, 0x0000000088300000, 0x0000000088400000|  0%| F|  |TAMS 0x0000000088300000, 0x0000000088300000| Untracked 
| 132|0x0000000088400000, 0x0000000088400000, 0x0000000088500000|  0%| F|  |TAMS 0x0000000088400000, 0x0000000088400000| Untracked 
| 133|0x0000000088500000, 0x0000000088500000, 0x0000000088600000|  0%| F|  |TAMS 0x0000000088500000, 0x0000000088500000| Untracked 
| 134|0x0000000088600000, 0x0000000088600000, 0x0000000088700000|  0%| F|  |TAMS 0x0000000088600000, 0x0000000088600000| Untracked 
| 135|0x0000000088700000, 0x0000000088700000, 0x0000000088800000|  0%| F|  |TAMS 0x0000000088700000, 0x0000000088700000| Untracked 
| 136|0x0000000088800000, 0x0000000088800000, 0x0000000088900000|  0%| F|  |TAMS 0x0000000088800000, 0x0000000088800000| Untracked 
| 137|0x0000000088900000, 0x0000000088900000, 0x0000000088a00000|  0%| F|  |TAMS 0x0000000088900000, 0x0000000088900000| Untracked 
| 138|0x0000000088a00000, 0x0000000088a00000, 0x0000000088b00000|  0%| F|  |TAMS 0x0000000088a00000, 0x0000000088a00000| Untracked 
| 139|0x0000000088b00000, 0x0000000088b00000, 0x0000000088c00000|  0%| F|  |TAMS 0x0000000088b00000, 0x0000000088b00000| Untracked 
| 140|0x0000000088c00000, 0x0000000088c00000, 0x0000000088d00000|  0%| F|  |TAMS 0x0000000088c00000, 0x0000000088c00000| Untracked 
| 141|0x0000000088d00000, 0x0000000088d00000, 0x0000000088e00000|  0%| F|  |TAMS 0x0000000088d00000, 0x0000000088d00000| Untracked 
| 142|0x0000000088e00000, 0x0000000088e00000, 0x0000000088f00000|  0%| F|  |TAMS 0x0000000088e00000, 0x0000000088e00000| Untracked 
| 143|0x0000000088f00000, 0x0000000088f00000, 0x0000000089000000|  0%| F|  |TAMS 0x0000000088f00000, 0x0000000088f00000| Untracked 
| 144|0x0000000089000000, 0x0000000089000000, 0x0000000089100000|  0%| F|  |TAMS 0x0000000089000000, 0x0000000089000000| Untracked 
| 145|0x0000000089100000, 0x0000000089100000, 0x0000000089200000|  0%| F|  |TAMS 0x0000000089100000, 0x0000000089100000| Untracked 
| 146|0x0000000089200000, 0x0000000089200000, 0x0000000089300000|  0%| F|  |TAMS 0x0000000089200000, 0x0000000089200000| Untracked 
| 147|0x0000000089300000, 0x0000000089300000, 0x0000000089400000|  0%| F|  |TAMS 0x0000000089300000, 0x0000000089300000| Untracked 
| 148|0x0000000089400000, 0x0000000089400000, 0x0000000089500000|  0%| F|  |TAMS 0x0000000089400000, 0x0000000089400000| Untracked 
| 149|0x0000000089500000, 0x0000000089500000, 0x0000000089600000|  0%| F|  |TAMS 0x0000000089500000, 0x0000000089500000| Untracked 
| 150|0x0000000089600000, 0x0000000089600000, 0x0000000089700000|  0%| F|  |TAMS 0x0000000089600000, 0x0000000089600000| Untracked 
| 151|0x0000000089700000, 0x0000000089700000, 0x0000000089800000|  0%| F|  |TAMS 0x0000000089700000, 0x0000000089700000| Untracked 
| 152|0x0000000089800000, 0x0000000089800000, 0x0000000089900000|  0%| F|  |TAMS 0x0000000089800000, 0x0000000089800000| Untracked 
| 153|0x0000000089900000, 0x0000000089900000, 0x0000000089a00000|  0%| F|  |TAMS 0x0000000089900000, 0x0000000089900000| Untracked 
| 154|0x0000000089a00000, 0x0000000089a00000, 0x0000000089b00000|  0%| F|  |TAMS 0x0000000089a00000, 0x0000000089a00000| Untracked 
| 155|0x0000000089b00000, 0x0000000089b00000, 0x0000000089c00000|  0%| F|  |TAMS 0x0000000089b00000, 0x0000000089b00000| Untracked 
| 156|0x0000000089c00000, 0x0000000089c00000, 0x0000000089d00000|  0%| F|  |TAMS 0x0000000089c00000, 0x0000000089c00000| Untracked 
| 157|0x0000000089d00000, 0x0000000089d00000, 0x0000000089e00000|  0%| F|  |TAMS 0x0000000089d00000, 0x0000000089d00000| Untracked 
| 158|0x0000000089e00000, 0x0000000089e00000, 0x0000000089f00000|  0%| F|  |TAMS 0x0000000089e00000, 0x0000000089e00000| Untracked 
| 159|0x0000000089f00000, 0x0000000089f00000, 0x000000008a000000|  0%| F|  |TAMS 0x0000000089f00000, 0x0000000089f00000| Untracked 
| 160|0x000000008a000000, 0x000000008a000000, 0x000000008a100000|  0%| F|  |TAMS 0x000000008a000000, 0x000000008a000000| Untracked 
| 161|0x000000008a100000, 0x000000008a100000, 0x000000008a200000|  0%| F|  |TAMS 0x000000008a100000, 0x000000008a100000| Untracked 
| 162|0x000000008a200000, 0x000000008a200000, 0x000000008a300000|  0%| F|  |TAMS 0x000000008a200000, 0x000000008a200000| Untracked 
| 163|0x000000008a300000, 0x000000008a300000, 0x000000008a400000|  0%| F|  |TAMS 0x000000008a300000, 0x000000008a300000| Untracked 
| 164|0x000000008a400000, 0x000000008a400000, 0x000000008a500000|  0%| F|  |TAMS 0x000000008a400000, 0x000000008a400000| Untracked 
| 165|0x000000008a500000, 0x000000008a500000, 0x000000008a600000|  0%| F|  |TAMS 0x000000008a500000, 0x000000008a500000| Untracked 
| 166|0x000000008a600000, 0x000000008a600000, 0x000000008a700000|  0%| F|  |TAMS 0x000000008a600000, 0x000000008a600000| Untracked 
| 167|0x000000008a700000, 0x000000008a700000, 0x000000008a800000|  0%| F|  |TAMS 0x000000008a700000, 0x000000008a700000| Untracked 
| 168|0x000000008a800000, 0x000000008a800000, 0x000000008a900000|  0%| F|  |TAMS 0x000000008a800000, 0x000000008a800000| Untracked 
| 169|0x000000008a900000, 0x000000008a900000, 0x000000008aa00000|  0%| F|  |TAMS 0x000000008a900000, 0x000000008a900000| Untracked 
| 170|0x000000008aa00000, 0x000000008aa00000, 0x000000008ab00000|  0%| F|  |TAMS 0x000000008aa00000, 0x000000008aa00000| Untracked 
| 171|0x000000008ab00000, 0x000000008ab00000, 0x000000008ac00000|  0%| F|  |TAMS 0x000000008ab00000, 0x000000008ab00000| Untracked 
| 172|0x000000008ac00000, 0x000000008ac00000, 0x000000008ad00000|  0%| F|  |TAMS 0x000000008ac00000, 0x000000008ac00000| Untracked 
| 173|0x000000008ad00000, 0x000000008ad00000, 0x000000008ae00000|  0%| F|  |TAMS 0x000000008ad00000, 0x000000008ad00000| Untracked 
| 174|0x000000008ae00000, 0x000000008ae00000, 0x000000008af00000|  0%| F|  |TAMS 0x000000008ae00000, 0x000000008ae00000| Untracked 
| 175|0x000000008af00000, 0x000000008af00000, 0x000000008b000000|  0%| F|  |TAMS 0x000000008af00000, 0x000000008af00000| Untracked 
| 176|0x000000008b000000, 0x000000008b000000, 0x000000008b100000|  0%| F|  |TAMS 0x000000008b000000, 0x000000008b000000| Untracked 
| 177|0x000000008b100000, 0x000000008b100000, 0x000000008b200000|  0%| F|  |TAMS 0x000000008b100000, 0x000000008b100000| Untracked 
| 178|0x000000008b200000, 0x000000008b200000, 0x000000008b300000|  0%| F|  |TAMS 0x000000008b200000, 0x000000008b200000| Untracked 
| 179|0x000000008b300000, 0x000000008b300000, 0x000000008b400000|  0%| F|  |TAMS 0x000000008b300000, 0x000000008b300000| Untracked 
| 180|0x000000008b400000, 0x000000008b400000, 0x000000008b500000|  0%| F|  |TAMS 0x000000008b400000, 0x000000008b400000| Untracked 
| 181|0x000000008b500000, 0x000000008b500000, 0x000000008b600000|  0%| F|  |TAMS 0x000000008b500000, 0x000000008b500000| Untracked 
| 182|0x000000008b600000, 0x000000008b600000, 0x000000008b700000|  0%| F|  |TAMS 0x000000008b600000, 0x000000008b600000| Untracked 
| 183|0x000000008b700000, 0x000000008b700000, 0x000000008b800000|  0%| F|  |TAMS 0x000000008b700000, 0x000000008b700000| Untracked 
| 184|0x000000008b800000, 0x000000008b800000, 0x000000008b900000|  0%| F|  |TAMS 0x000000008b800000, 0x000000008b800000| Untracked 
| 185|0x000000008b900000, 0x000000008b900000, 0x000000008ba00000|  0%| F|  |TAMS 0x000000008b900000, 0x000000008b900000| Untracked 
| 186|0x000000008ba00000, 0x000000008ba00000, 0x000000008bb00000|  0%| F|  |TAMS 0x000000008ba00000, 0x000000008ba00000| Untracked 
| 187|0x000000008bb00000, 0x000000008bb00000, 0x000000008bc00000|  0%| F|  |TAMS 0x000000008bb00000, 0x000000008bb00000| Untracked 
| 188|0x000000008bc00000, 0x000000008bc00000, 0x000000008bd00000|  0%| F|  |TAMS 0x000000008bc00000, 0x000000008bc00000| Untracked 
| 189|0x000000008bd00000, 0x000000008bd00000, 0x000000008be00000|  0%| F|  |TAMS 0x000000008bd00000, 0x000000008bd00000| Untracked 
| 190|0x000000008be00000, 0x000000008be00000, 0x000000008bf00000|  0%| F|  |TAMS 0x000000008be00000, 0x000000008be00000| Untracked 
| 191|0x000000008bf00000, 0x000000008bf00000, 0x000000008c000000|  0%| F|  |TAMS 0x000000008bf00000, 0x000000008bf00000| Untracked 
| 192|0x000000008c000000, 0x000000008c000000, 0x000000008c100000|  0%| F|  |TAMS 0x000000008c000000, 0x000000008c000000| Untracked 
| 193|0x000000008c100000, 0x000000008c100000, 0x000000008c200000|  0%| F|  |TAMS 0x000000008c100000, 0x000000008c100000| Untracked 
| 194|0x000000008c200000, 0x000000008c200000, 0x000000008c300000|  0%| F|  |TAMS 0x000000008c200000, 0x000000008c200000| Untracked 
| 195|0x000000008c300000, 0x000000008c300000, 0x000000008c400000|  0%| F|  |TAMS 0x000000008c300000, 0x000000008c300000| Untracked 
| 196|0x000000008c400000, 0x000000008c400000, 0x000000008c500000|  0%| F|  |TAMS 0x000000008c400000, 0x000000008c400000| Untracked 
| 197|0x000000008c500000, 0x000000008c500000, 0x000000008c600000|  0%| F|  |TAMS 0x000000008c500000, 0x000000008c500000| Untracked 
| 198|0x000000008c600000, 0x000000008c600000, 0x000000008c700000|  0%| F|  |TAMS 0x000000008c600000, 0x000000008c600000| Untracked 
| 199|0x000000008c700000, 0x000000008c700000, 0x000000008c800000|  0%| F|  |TAMS 0x000000008c700000, 0x000000008c700000| Untracked 
| 200|0x000000008c800000, 0x000000008c800000, 0x000000008c900000|  0%| F|  |TAMS 0x000000008c800000, 0x000000008c800000| Untracked 
| 201|0x000000008c900000, 0x000000008c900000, 0x000000008ca00000|  0%| F|  |TAMS 0x000000008c900000, 0x000000008c900000| Untracked 
| 202|0x000000008ca00000, 0x000000008ca00000, 0x000000008cb00000|  0%| F|  |TAMS 0x000000008ca00000, 0x000000008ca00000| Untracked 
| 203|0x000000008cb00000, 0x000000008cb00000, 0x000000008cc00000|  0%| F|  |TAMS 0x000000008cb00000, 0x000000008cb00000| Untracked 
| 204|0x000000008cc00000, 0x000000008cc00000, 0x000000008cd00000|  0%| F|  |TAMS 0x000000008cc00000, 0x000000008cc00000| Untracked 
| 205|0x000000008cd00000, 0x000000008cd00000, 0x000000008ce00000|  0%| F|  |TAMS 0x000000008cd00000, 0x000000008cd00000| Untracked 
| 206|0x000000008ce00000, 0x000000008ce00000, 0x000000008cf00000|  0%| F|  |TAMS 0x000000008ce00000, 0x000000008ce00000| Untracked 
| 207|0x000000008cf00000, 0x000000008cf00000, 0x000000008d000000|  0%| F|  |TAMS 0x000000008cf00000, 0x000000008cf00000| Untracked 
| 208|0x000000008d000000, 0x000000008d000000, 0x000000008d100000|  0%| F|  |TAMS 0x000000008d000000, 0x000000008d000000| Untracked 
| 209|0x000000008d100000, 0x000000008d100000, 0x000000008d200000|  0%| F|  |TAMS 0x000000008d100000, 0x000000008d100000| Untracked 
| 210|0x000000008d200000, 0x000000008d200000, 0x000000008d300000|  0%| F|  |TAMS 0x000000008d200000, 0x000000008d200000| Untracked 
| 211|0x000000008d300000, 0x000000008d300000, 0x000000008d400000|  0%| F|  |TAMS 0x000000008d300000, 0x000000008d300000| Untracked 
| 212|0x000000008d400000, 0x000000008d400000, 0x000000008d500000|  0%| F|  |TAMS 0x000000008d400000, 0x000000008d400000| Untracked 
| 213|0x000000008d500000, 0x000000008d500000, 0x000000008d600000|  0%| F|  |TAMS 0x000000008d500000, 0x000000008d500000| Untracked 
| 214|0x000000008d600000, 0x000000008d600000, 0x000000008d700000|  0%| F|  |TAMS 0x000000008d600000, 0x000000008d600000| Untracked 
| 215|0x000000008d700000, 0x000000008d700000, 0x000000008d800000|  0%| F|  |TAMS 0x000000008d700000, 0x000000008d700000| Untracked 
| 216|0x000000008d800000, 0x000000008d800000, 0x000000008d900000|  0%| F|  |TAMS 0x000000008d800000, 0x000000008d800000| Untracked 
| 217|0x000000008d900000, 0x000000008d900000, 0x000000008da00000|  0%| F|  |TAMS 0x000000008d900000, 0x000000008d900000| Untracked 
| 218|0x000000008da00000, 0x000000008da00000, 0x000000008db00000|  0%| F|  |TAMS 0x000000008da00000, 0x000000008da00000| Untracked 
| 219|0x000000008db00000, 0x000000008db00000, 0x000000008dc00000|  0%| F|  |TAMS 0x000000008db00000, 0x000000008db00000| Untracked 
| 220|0x000000008dc00000, 0x000000008dc00000, 0x000000008dd00000|  0%| F|  |TAMS 0x000000008dc00000, 0x000000008dc00000| Untracked 
| 221|0x000000008dd00000, 0x000000008dd00000, 0x000000008de00000|  0%| F|  |TAMS 0x000000008dd00000, 0x000000008dd00000| Untracked 
| 222|0x000000008de00000, 0x000000008de00000, 0x000000008df00000|  0%| F|  |TAMS 0x000000008de00000, 0x000000008de00000| Untracked 
| 223|0x000000008df00000, 0x000000008df00000, 0x000000008e000000|  0%| F|  |TAMS 0x000000008df00000, 0x000000008df00000| Untracked 
| 224|0x000000008e000000, 0x000000008e000000, 0x000000008e100000|  0%| F|  |TAMS 0x000000008e000000, 0x000000008e000000| Untracked 
| 225|0x000000008e100000, 0x000000008e100000, 0x000000008e200000|  0%| F|  |TAMS 0x000000008e100000, 0x000000008e100000| Untracked 
| 226|0x000000008e200000, 0x000000008e200000, 0x000000008e300000|  0%| F|  |TAMS 0x000000008e200000, 0x000000008e200000| Untracked 
| 227|0x000000008e300000, 0x000000008e3e48c8, 0x000000008e400000| 89%| S|CS|TAMS 0x000000008e300000, 0x000000008e300000| Complete 
| 228|0x000000008e400000, 0x000000008e500000, 0x000000008e500000|100%| S|CS|TAMS 0x000000008e400000, 0x000000008e400000| Complete 
| 229|0x000000008e500000, 0x000000008e600000, 0x000000008e600000|100%| S|CS|TAMS 0x000000008e500000, 0x000000008e500000| Complete 
| 230|0x000000008e600000, 0x000000008e700000, 0x000000008e700000|100%| S|CS|TAMS 0x000000008e600000, 0x000000008e600000| Complete 
| 231|0x000000008e700000, 0x000000008e800000, 0x000000008e800000|100%| S|CS|TAMS 0x000000008e700000, 0x000000008e700000| Complete 
| 232|0x000000008e800000, 0x000000008e800000, 0x000000008e900000|  0%| F|  |TAMS 0x000000008e800000, 0x000000008e800000| Untracked 
| 233|0x000000008e900000, 0x000000008e900000, 0x000000008ea00000|  0%| F|  |TAMS 0x000000008e900000, 0x000000008e900000| Untracked 
| 234|0x000000008ea00000, 0x000000008ea00000, 0x000000008eb00000|  0%| F|  |TAMS 0x000000008ea00000, 0x000000008ea00000| Untracked 
| 235|0x000000008eb00000, 0x000000008eb00000, 0x000000008ec00000|  0%| F|  |TAMS 0x000000008eb00000, 0x000000008eb00000| Untracked 
| 236|0x000000008ec00000, 0x000000008ec00000, 0x000000008ed00000|  0%| F|  |TAMS 0x000000008ec00000, 0x000000008ec00000| Untracked 
| 237|0x000000008ed00000, 0x000000008ed00000, 0x000000008ee00000|  0%| F|  |TAMS 0x000000008ed00000, 0x000000008ed00000| Untracked 
| 238|0x000000008ee00000, 0x000000008ee00000, 0x000000008ef00000|  0%| F|  |TAMS 0x000000008ee00000, 0x000000008ee00000| Untracked 
| 239|0x000000008ef00000, 0x000000008ef00000, 0x000000008f000000|  0%| F|  |TAMS 0x000000008ef00000, 0x000000008ef00000| Untracked 
| 240|0x000000008f000000, 0x000000008f000000, 0x000000008f100000|  0%| F|  |TAMS 0x000000008f000000, 0x000000008f000000| Untracked 
| 241|0x000000008f100000, 0x000000008f100000, 0x000000008f200000|  0%| F|  |TAMS 0x000000008f100000, 0x000000008f100000| Untracked 
| 242|0x000000008f200000, 0x000000008f200000, 0x000000008f300000|  0%| F|  |TAMS 0x000000008f200000, 0x000000008f200000| Untracked 
| 243|0x000000008f300000, 0x000000008f300000, 0x000000008f400000|  0%| F|  |TAMS 0x000000008f300000, 0x000000008f300000| Untracked 
| 244|0x000000008f400000, 0x000000008f400000, 0x000000008f500000|  0%| F|  |TAMS 0x000000008f400000, 0x000000008f400000| Untracked 
| 245|0x000000008f500000, 0x000000008f500000, 0x000000008f600000|  0%| F|  |TAMS 0x000000008f500000, 0x000000008f500000| Untracked 
| 246|0x000000008f600000, 0x000000008f600000, 0x000000008f700000|  0%| F|  |TAMS 0x000000008f600000, 0x000000008f600000| Untracked 
| 247|0x000000008f700000, 0x000000008f700000, 0x000000008f800000|  0%| F|  |TAMS 0x000000008f700000, 0x000000008f700000| Untracked 
| 248|0x000000008f800000, 0x000000008f800000, 0x000000008f900000|  0%| F|  |TAMS 0x000000008f800000, 0x000000008f800000| Untracked 
| 249|0x000000008f900000, 0x000000008fa00000, 0x000000008fa00000|100%| E|  |TAMS 0x000000008f900000, 0x000000008f900000| Complete 
| 250|0x000000008fa00000, 0x000000008fb00000, 0x000000008fb00000|100%| E|CS|TAMS 0x000000008fa00000, 0x000000008fa00000| Complete 
| 251|0x000000008fb00000, 0x000000008fc00000, 0x000000008fc00000|100%| E|CS|TAMS 0x000000008fb00000, 0x000000008fb00000| Complete 
| 252|0x000000008fc00000, 0x000000008fd00000, 0x000000008fd00000|100%| E|CS|TAMS 0x000000008fc00000, 0x000000008fc00000| Complete 
| 253|0x000000008fd00000, 0x000000008fe00000, 0x000000008fe00000|100%| E|CS|TAMS 0x000000008fd00000, 0x000000008fd00000| Complete 
| 254|0x000000008fe00000, 0x000000008ff00000, 0x000000008ff00000|100%| E|CS|TAMS 0x000000008fe00000, 0x000000008fe00000| Complete 
| 255|0x000000008ff00000, 0x0000000090000000, 0x0000000090000000|100%| E|CS|TAMS 0x000000008ff00000, 0x000000008ff00000| Complete 

Card table byte_map: [0x000001977dbe0000,0x000001977dfe0000] _byte_map_base: 0x000001977d7e0000

Marking Bits (Prev, Next): (CMBitMap*) 0x000001977d7bc140, (CMBitMap*) 0x000001977d7bc100
 Prev Bits: [0x00000197145e0000, 0x00000197165e0000)
 Next Bits: [0x00000197125e0000, 0x00000197145e0000)

Polling page: 0x000001977c080000

Metaspace:

Usage:
  Non-class:     20.33 MB used.
      Class:      2.22 MB used.
       Both:     22.54 MB used.

Virtual space:
  Non-class space:       24.00 MB reserved,      20.69 MB ( 86%) committed,  3 nodes.
      Class space:        1.00 GB reserved,       2.44 MB ( <1%) committed,  1 nodes.
             Both:        1.02 GB reserved,      23.12 MB (  2%) committed. 

Chunk freelists:
   Non-Class:  2.88 MB
       Class:  1.50 MB
        Both:  4.38 MB

MaxMetaspaceSize: unlimited
CompressedClassSpaceSize: 1.00 GB
Initial GC threshold: 21.00 MB
Current GC threshold: 35.44 MB
CDS: off
MetaspaceReclaimPolicy: balanced
 - commit_granule_bytes: 65536.
 - commit_granule_words: 8192.
 - virtual_space_node_default_size: 1048576.
 - enlarge_chunks_in_place: 1.
 - new_chunks_are_fully_committed: 0.
 - uncommit_free_chunks: 1.
 - use_allocation_guard: 0.
 - handle_deallocations: 1.


Internal statistics:

num_allocs_failed_limit: 3.
num_arena_births: 178.
num_arena_deaths: 0.
num_vsnodes_births: 4.
num_vsnodes_deaths: 0.
num_space_committed: 370.
num_space_uncommitted: 0.
num_chunks_returned_to_freelist: 3.
num_chunks_taken_from_freelist: 733.
num_chunk_merges: 3.
num_chunk_splits: 487.
num_chunks_enlarged: 332.
num_purges: 0.
num_inconsistent_stats: 0.

CodeHeap 'non-profiled nmethods': size=120064Kb used=1096Kb max_used=1096Kb free=118967Kb
 bounds [0x000001970b0a0000, 0x000001970b310000, 0x00000197125e0000]
CodeHeap 'profiled nmethods': size=120000Kb used=5976Kb max_used=5976Kb free=114023Kb
 bounds [0x0000019703b70000, 0x0000019704150000, 0x000001970b0a0000]
CodeHeap 'non-nmethods': size=5696Kb used=1191Kb max_used=1212Kb free=4504Kb
 bounds [0x00000197035e0000, 0x0000019703850000, 0x0000019703b70000]
 total_blobs=3162 nmethods=2672 adapters=403
 compilation: enabled
              stopped_count=0, restarted_count=0
 full_count=0

Compilation events (20 events):
Event: 18.445 Thread 0x000001977f0c21c0 nmethod 2679 0x000001970b1b1290 code [0x000001970b1b1420, 0x000001970b1b14f8]
Event: 18.449 Thread 0x000001977f0c21c0 2680       3       java.util.TaskQueue::getMin (7 bytes)
Event: 18.449 Thread 0x000001977f0c21c0 nmethod 2680 0x0000019704140110 code [0x00000197041402a0, 0x00000197041403d8]
Event: 18.624 Thread 0x000001977f0c21c0 2681       3       java.lang.invoke.VarHandleGuards::guard_LLL_Z (86 bytes)
Event: 18.650 Thread 0x000001977f0c21c0 nmethod 2681 0x0000019704140490 code [0x00000197041407e0, 0x0000019704142588]
Event: 18.650 Thread 0x000001977f0c21c0 2683       3       java.lang.invoke.VarHandleReferences$FieldInstanceReadWrite::compareAndSet (48 bytes)
Event: 18.652 Thread 0x000001977f0c21c0 nmethod 2683 0x0000019704142e10 code [0x0000019704143080, 0x0000019704143ac8]
Event: 18.652 Thread 0x000001977f0c21c0 2684       3       java.util.concurrent.atomic.AtomicReference::compareAndSet (10 bytes)
Event: 18.655 Thread 0x000001977f0c21c0 nmethod 2684 0x0000019704143e90 code [0x0000019704144120, 0x0000019704144e18]
Event: 18.655 Thread 0x000001977f0c21c0 2685       1       org.apache.felix.scr.impl.manager.RegistrationManager$RegStateWrapper::getRegState (5 bytes)
Event: 18.655 Thread 0x000001977f0c21c0 nmethod 2685 0x000001970b1b1890 code [0x000001970b1b1a20, 0x000001970b1b1af8]
Event: 18.658 Thread 0x000001977f0c21c0 2686       3       jdk.internal.loader.BootLoader::getDefinedPackage (39 bytes)
Event: 18.659 Thread 0x000001977f0c21c0 nmethod 2686 0x0000019704145290 code [0x0000019704145480, 0x0000019704145788]
Event: 18.666 Thread 0x000001977f0c21c0 2687       3       org.apache.felix.scr.impl.manager.AbstractComponentManager::getState (42 bytes)
Event: 18.667 Thread 0x000001977f0c21c0 nmethod 2687 0x0000019704145910 code [0x0000019704145b00, 0x0000019704146098]
Event: 18.682 Thread 0x000001977f0c0110 2688       4       org.eclipse.osgi.internal.loader.BundleLoader::addExportedProvidersFor (167 bytes)
Event: 18.722 Thread 0x000001977f0c21c0 2690       1       org.apache.felix.scr.impl.logger.LogManager$LogDomain::access$100 (5 bytes)
Event: 18.722 Thread 0x000001977f0c21c0 nmethod 2690 0x000001970b1b1b90 code [0x000001970b1b1d20, 0x000001970b1b1dd8]
Event: 18.727 Thread 0x000001977f0c21c0 2691       1       org.apache.felix.scr.impl.metadata.ComponentMetadata::getDependencies (5 bytes)
Event: 18.727 Thread 0x000001977f0c21c0 nmethod 2691 0x000001970b1b1e90 code [0x000001970b1b2020, 0x000001970b1b20f8]

GC Heap History (12 events):
Event: 3.237 GC heap before
{Heap before GC invocations=0 (full 0):
 garbage-first heap   total 262144K, used 11264K [0x0000000080000000, 0x0000000100000000)
  region size 1024K, 12 young (12288K), 0 survivors (0K)
 Metaspace       used 10566K, committed 10688K, reserved 1064960K
  class space    used 952K, committed 1024K, reserved 1048576K
}
Event: 3.258 GC heap after
{Heap after GC invocations=1 (full 0):
 garbage-first heap   total 262144K, used 2587K [0x0000000080000000, 0x0000000100000000)
  region size 1024K, 2 young (2048K), 2 survivors (2048K)
 Metaspace       used 10566K, committed 10688K, reserved 1064960K
  class space    used 952K, committed 1024K, reserved 1048576K
}
Event: 4.671 GC heap before
{Heap before GC invocations=1 (full 0):
 garbage-first heap   total 262144K, used 12827K [0x0000000080000000, 0x0000000100000000)
  region size 1024K, 12 young (12288K), 2 survivors (2048K)
 Metaspace       used 12201K, committed 12416K, reserved 1064960K
  class space    used 1106K, committed 1216K, reserved 1048576K
}
Event: 4.706 GC heap after
{Heap after GC invocations=2 (full 0):
 garbage-first heap   total 262144K, used 8192K [0x0000000080000000, 0x0000000100000000)
  region size 1024K, 2 young (2048K), 2 survivors (2048K)
 Metaspace       used 12201K, committed 12416K, reserved 1064960K
  class space    used 1106K, committed 1216K, reserved 1048576K
}
Event: 5.339 GC heap before
{Heap before GC invocations=2 (full 0):
 garbage-first heap   total 262144K, used 17408K [0x0000000080000000, 0x0000000100000000)
  region size 1024K, 12 young (12288K), 2 survivors (2048K)
 Metaspace       used 12532K, committed 12736K, reserved 1064960K
  class space    used 1133K, committed 1216K, reserved 1048576K
}
Event: 5.413 GC heap after
{Heap after GC invocations=3 (full 0):
 garbage-first heap   total 262144K, used 13730K [0x0000000080000000, 0x0000000100000000)
  region size 1024K, 2 young (2048K), 2 survivors (2048K)
 Metaspace       used 12532K, committed 12736K, reserved 1064960K
  class space    used 1133K, committed 1216K, reserved 1048576K
}
Event: 6.848 GC heap before
{Heap before GC invocations=3 (full 0):
 garbage-first heap   total 262144K, used 23970K [0x0000000080000000, 0x0000000100000000)
  region size 1024K, 12 young (12288K), 2 survivors (2048K)
 Metaspace       used 14214K, committed 14400K, reserved 1064960K
  class space    used 1306K, committed 1408K, reserved 1048576K
}
Event: 6.885 GC heap after
{Heap after GC invocations=4 (full 0):
 garbage-first heap   total 262144K, used 17311K [0x0000000080000000, 0x0000000100000000)
  region size 1024K, 2 young (2048K), 2 survivors (2048K)
 Metaspace       used 14214K, committed 14400K, reserved 1064960K
  class space    used 1306K, committed 1408K, reserved 1048576K
}
Event: 10.105 GC heap before
{Heap before GC invocations=4 (full 0):
 garbage-first heap   total 262144K, used 30623K [0x0000000080000000, 0x0000000100000000)
  region size 1024K, 15 young (15360K), 2 survivors (2048K)
 Metaspace       used 14913K, committed 15232K, reserved 1064960K
  class space    used 1377K, committed 1536K, reserved 1048576K
}
Event: 10.121 GC heap after
{Heap after GC invocations=5 (full 0):
 garbage-first heap   total 262144K, used 17795K [0x0000000080000000, 0x0000000100000000)
  region size 1024K, 1 young (1024K), 1 survivors (1024K)
 Metaspace       used 14913K, committed 15232K, reserved 1064960K
  class space    used 1377K, committed 1536K, reserved 1048576K
}
Event: 15.757 GC heap before
{Heap before GC invocations=5 (full 0):
 garbage-first heap   total 262144K, used 39299K [0x0000000080000000, 0x0000000100000000)
  region size 1024K, 24 young (24576K), 1 survivors (1024K)
 Metaspace       used 21091K, committed 21504K, reserved 1073152K
  class space    used 2058K, committed 2240K, reserved 1048576K
}
Event: 15.792 GC heap after
{Heap after GC invocations=6 (full 0):
 garbage-first heap   total 262144K, used 22397K [0x0000000080000000, 0x0000000100000000)
  region size 1024K, 5 young (5120K), 5 survivors (5120K)
 Metaspace       used 21091K, committed 21504K, reserved 1073152K
  class space    used 2058K, committed 2240K, reserved 1048576K
}

Deoptimization events (20 events):
Event: 14.857 Thread 0x000001977fb09c50 Uncommon trap: trap_request=0xffffffc6 fr.pc=0x000001970b11affc relative=0x00000000000010dc
Event: 14.857 Thread 0x000001977fb09c50 Uncommon trap: reason=bimorphic_or_optimized_type_check action=maybe_recompile pc=0x000001970b11affc method=java.util.HashMap.putVal(ILjava/lang/Object;Ljava/lang/Object;ZZ)Ljava/lang/Object; @ 56 c2
Event: 14.857 Thread 0x000001977fb09c50 DEOPT PACKING pc=0x000001970b11affc sp=0x0000003d226fba70
Event: 14.857 Thread 0x000001977fb09c50 DEOPT UNPACKING pc=0x00000197036323a3 sp=0x0000003d226fb9f8 mode 2
Event: 15.092 Thread 0x000001977fb09c50 Uncommon trap: trap_request=0xffffffc6 fr.pc=0x000001970b152ba4 relative=0x0000000000000084
Event: 15.092 Thread 0x000001977fb09c50 Uncommon trap: reason=bimorphic_or_optimized_type_check action=maybe_recompile pc=0x000001970b152ba4 method=java.util.Collections$UnmodifiableCollection.size()I @ 4 c2
Event: 15.092 Thread 0x000001977fb09c50 DEOPT PACKING pc=0x000001970b152ba4 sp=0x0000003d226fad60
Event: 15.092 Thread 0x000001977fb09c50 DEOPT UNPACKING pc=0x00000197036323a3 sp=0x0000003d226fad00 mode 2
Event: 15.092 Thread 0x000001977fb09c50 Uncommon trap: trap_request=0xffffffc6 fr.pc=0x000001970b1855a4 relative=0x00000000000002e4
Event: 15.092 Thread 0x000001977fb09c50 Uncommon trap: reason=bimorphic_or_optimized_type_check action=maybe_recompile pc=0x000001970b1855a4 method=java.util.Collections$UnmodifiableCollection$1.<init>(Ljava/util/Collections$UnmodifiableCollection;)V @ 17 c2
Event: 15.092 Thread 0x000001977fb09c50 DEOPT PACKING pc=0x000001970b1855a4 sp=0x0000003d226fad30
Event: 15.093 Thread 0x000001977fb09c50 DEOPT UNPACKING pc=0x00000197036323a3 sp=0x0000003d226fac88 mode 2
Event: 16.229 Thread 0x000001977fb09c50 Uncommon trap: trap_request=0xffffff45 fr.pc=0x000001970b194f98 relative=0x0000000000000898
Event: 16.229 Thread 0x000001977fb09c50 Uncommon trap: reason=unstable_if action=reinterpret pc=0x000001970b194f98 method=java.util.HashMap.putVal(ILjava/lang/Object;Ljava/lang/Object;ZZ)Ljava/lang/Object; @ 81 c2
Event: 16.229 Thread 0x000001977fb09c50 DEOPT PACKING pc=0x000001970b194f98 sp=0x0000003d226f98a0
Event: 16.229 Thread 0x000001977fb09c50 DEOPT UNPACKING pc=0x00000197036323a3 sp=0x0000003d226f9830 mode 2
Event: 16.290 Thread 0x000001977fb09c50 Uncommon trap: trap_request=0xffffff45 fr.pc=0x000001970b133388 relative=0x00000000000000e8
Event: 16.290 Thread 0x000001977fb09c50 Uncommon trap: reason=unstable_if action=reinterpret pc=0x000001970b133388 method=java.lang.StringLatin1.trim([B)Ljava/lang/String; @ 19 c2
Event: 16.290 Thread 0x000001977fb09c50 DEOPT PACKING pc=0x000001970b133388 sp=0x0000003d226fd800
Event: 16.290 Thread 0x000001977fb09c50 DEOPT UNPACKING pc=0x00000197036323a3 sp=0x0000003d226fd730 mode 2

Classes unloaded (0 events):
No events

Classes redefined (0 events):
No events

Internal exceptions (20 events):
Event: 2.093 Thread 0x000001977d773e30 Exception <a 'java/lang/ClassNotFoundException'{0x000000008fcf3648}: sun/net/www/protocol/c/Handler> (0x000000008fcf3648) 
thrown [e:\jenkins\tmp\workspace\build\src\src\hotspot\share\classfile\systemDictionary.cpp, line 256]
Event: 2.946 Thread 0x000001977d773e30 Exception <a 'java/lang/ClassNotFoundException'{0x000000008f5bcb08}: sun/net/www/protocol/c/Handler> (0x000000008f5bcb08) 
thrown [e:\jenkins\tmp\workspace\build\src\src\hotspot\share\classfile\systemDictionary.cpp, line 256]
Event: 2.947 Thread 0x000001977d773e30 Exception <a 'java/lang/ClassNotFoundException'{0x000000008f5bdee8}: sun/net/www/protocol/c/Handler> (0x000000008f5bdee8) 
thrown [e:\jenkins\tmp\workspace\build\src\src\hotspot\share\classfile\systemDictionary.cpp, line 256]
Event: 2.952 Thread 0x000001977d773e30 Exception <a 'java/lang/ClassNotFoundException'{0x000000008f5c0660}: sun/net/www/protocol/c/Handler> (0x000000008f5c0660) 
thrown [e:\jenkins\tmp\workspace\build\src\src\hotspot\share\classfile\systemDictionary.cpp, line 256]
Event: 3.147 Thread 0x000001977d773e30 Implicit null exception at 0x000001970b0c1f3e to 0x000001970b0c3082
Event: 3.400 Thread 0x000001977d773e30 Exception <a 'java/lang/NoSuchMethodError'{0x000000008ffca810}: 'int java.lang.invoke.DirectMethodHandle$Holder.invokeStaticInit(java.lang.Object, java.lang.Object, java.lang.Object, java.lang.Object)'> (0x000000008ffca810) 
thrown [e:\jenkins\tmp\workspace\build\src\src\hotspot\share\interpreter\linkResolver.cpp, line 766]
Event: 3.426 Thread 0x000001977d773e30 Exception <a 'java/lang/NoSuchMethodError'{0x000000008ffd4f88}: 'java.lang.Object java.lang.invoke.DirectMethodHandle$Holder.invokeInterface(java.lang.Object, java.lang.Object)'> (0x000000008ffd4f88) 
thrown [e:\jenkins\tmp\workspace\build\src\src\hotspot\share\interpreter\linkResolver.cpp, line 766]
Event: 3.428 Thread 0x000001977d773e30 Exception <a 'java/lang/IncompatibleClassChangeError'{0x000000008ffd8780}: Found class java.lang.Object, but interface was expected> (0x000000008ffd8780) 
thrown [e:\jenkins\tmp\workspace\build\src\src\hotspot\share\interpreter\linkResolver.cpp, line 833]
Event: 3.434 Thread 0x000001977d773e30 Exception <a 'java/lang/NoSuchMethodError'{0x000000008ffdb6a0}: 'void java.lang.invoke.DirectMethodHandle$Holder.invokeStatic(java.lang.Object, java.lang.Object)'> (0x000000008ffdb6a0) 
thrown [e:\jenkins\tmp\workspace\build\src\src\hotspot\share\interpreter\linkResolver.cpp, line 766]
Event: 3.437 Thread 0x000001977d773e30 Exception <a 'java/lang/NoSuchMethodError'{0x000000008ffdeea0}: 'void java.lang.invoke.DirectMethodHandle$Holder.invokeStaticInit(java.lang.Object, java.lang.Object)'> (0x000000008ffdeea0) 
thrown [e:\jenkins\tmp\workspace\build\src\src\hotspot\share\interpreter\linkResolver.cpp, line 766]
Event: 3.448 Thread 0x000001977d773e30 Exception <a 'java/lang/NoSuchMethodError'{0x000000008ffe4b40}: 'int java.lang.invoke.DirectMethodHandle$Holder.invokeStaticInit(java.lang.Object, java.lang.Object)'> (0x000000008ffe4b40) 
thrown [e:\jenkins\tmp\workspace\build\src\src\hotspot\share\interpreter\linkResolver.cpp, line 766]
Event: 3.568 Thread 0x000001977d773e30 Exception <a 'java/lang/NoSuchMethodError'{0x000000008fe35210}: 'java.lang.Object java.lang.invoke.DirectMethodHandle$Holder.invokeStaticInit(java.lang.Object, int, int, int, int)'> (0x000000008fe35210) 
thrown [e:\jenkins\tmp\workspace\build\src\src\hotspot\share\interpreter\linkResolver.cpp, line 766]
Event: 4.021 Thread 0x000001977d773e30 Exception <a 'java/lang/NoSuchMethodError'{0x000000008fe52390}: 'java.lang.Object java.lang.invoke.DirectMethodHandle$Holder.invokeStaticInit(java.lang.Object, java.lang.Object, int, int, int, int)'> (0x000000008fe52390) 
thrown [e:\jenkins\tmp\workspace\build\src\src\hotspot\share\interpreter\linkResolver.cpp, line 766]
Event: 4.235 Thread 0x000001977d773e30 Exception <a 'java/lang/NoSuchMethodError'{0x000000008fc86130}: 'void java.lang.invoke.DirectMethodHandle$Holder.invokeSpecial(java.lang.Object, java.lang.Object, java.lang.Object)'> (0x000000008fc86130) 
thrown [e:\jenkins\tmp\workspace\build\src\src\hotspot\share\interpreter\linkResolver.cpp, line 766]
Event: 6.160 Thread 0x000001977d773e30 Exception <a 'java/lang/NoSuchMethodError'{0x000000008f986848}: 'java.lang.Object java.lang.invoke.DirectMethodHandle$Holder.newInvokeSpecial(java.lang.Object, int, java.lang.Object)'> (0x000000008f986848) 
thrown [e:\jenkins\tmp\workspace\build\src\src\hotspot\share\interpreter\linkResolver.cpp, line 766]
Event: 7.004 Thread 0x000001977d773e30 Exception <a 'java/lang/NoSuchMethodError'{0x000000008ff4c478}: 'java.lang.Object java.lang.invoke.Invokers$Holder.invokeExact_MT(java.lang.Object, java.lang.Object, java.lang.Object, java.lang.Object, java.lang.Object, java.lang.Object)'> (0x000000008ff4c478) 
thrown [e:\jenkins\tmp\workspace\build\src\src\hotspot\share\interpreter\linkResolver.cpp, line 766]
Event: 9.891 Thread 0x000001977fb09c50 Exception <a 'java/lang/NoSuchMethodError'{0x000000008f19b2f0}: 'java.lang.Object java.lang.invoke.DirectMethodHandle$Holder.invokeStaticInit(java.lang.Object)'> (0x000000008f19b2f0) 
thrown [e:\jenkins\tmp\workspace\build\src\src\hotspot\share\interpreter\linkResolver.cpp, line 766]
Event: 11.567 Thread 0x000001977fb09c50 Exception <a 'java/io/FileNotFoundException'{0x000000008fcd0a50}> (0x000000008fcd0a50) 
thrown [e:\jenkins\tmp\workspace\build\src\src\hotspot\share\prims\jni.cpp, line 516]
Event: 14.542 Thread 0x000001977fb09c50 Exception <a 'java/lang/NoSuchMethodError'{0x000000008f232b30}: 'void java.lang.invoke.DirectMethodHandle$Holder.invokeInterface(java.lang.Object, java.lang.Object, java.lang.Object)'> (0x000000008f232b30) 
thrown [e:\jenkins\tmp\workspace\build\src\src\hotspot\share\interpreter\linkResolver.cpp, line 766]
Event: 16.256 Thread 0x000001977fb09c50 Exception <a 'java/io/FileNotFoundException'{0x000000008fd42178}> (0x000000008fd42178) 
thrown [e:\jenkins\tmp\workspace\build\src\src\hotspot\share\prims\jni.cpp, line 516]

VM Operations (20 events):
Event: 14.836 Executing VM operation: HandshakeAllThreads
Event: 14.838 Executing VM operation: HandshakeAllThreads done
Event: 15.000 Executing VM operation: HandshakeAllThreads
Event: 15.000 Executing VM operation: HandshakeAllThreads done
Event: 15.659 Executing VM operation: HandshakeAllThreads
Event: 15.659 Executing VM operation: HandshakeAllThreads done
Event: 15.659 Executing VM operation: Cleanup
Event: 15.660 Executing VM operation: Cleanup done
Event: 15.757 Executing VM operation: CollectForMetadataAllocation
Event: 15.792 Executing VM operation: CollectForMetadataAllocation done
Event: 15.959 Executing VM operation: G1Concurrent
Event: 15.992 Executing VM operation: G1Concurrent done
Event: 16.040 Executing VM operation: G1Concurrent
Event: 16.059 Executing VM operation: G1Concurrent done
Event: 16.082 Executing VM operation: HandshakeAllThreads
Event: 16.082 Executing VM operation: HandshakeAllThreads done
Event: 17.092 Executing VM operation: Cleanup
Event: 17.299 Executing VM operation: Cleanup done
Event: 18.318 Executing VM operation: Cleanup
Event: 18.367 Executing VM operation: Cleanup done

Events (20 events):
Event: 17.837 loading class jdk/internal/icu/text/BidiBase$ImpTabPair
Event: 17.837 loading class jdk/internal/icu/text/BidiBase$ImpTabPair done
Event: 17.838 loading class jdk/internal/icu/lang/UCharacter
Event: 17.838 loading class jdk/internal/icu/lang/UCharacter done
Event: 17.838 loading class jdk/internal/icu/impl/UBiDiProps
Event: 17.839 loading class jdk/internal/icu/impl/UBiDiProps done
Event: 17.843 loading class jdk/internal/icu/impl/UBiDiProps$IsAcceptable
Event: 17.847 loading class jdk/internal/icu/impl/UBiDiProps$IsAcceptable done
Event: 17.848 loading class jdk/internal/icu/impl/Trie2_16
Event: 17.848 loading class jdk/internal/icu/impl/Trie2
Event: 17.849 loading class jdk/internal/icu/impl/Trie2 done
Event: 17.849 loading class jdk/internal/icu/impl/Trie2_16 done
Event: 17.850 loading class jdk/internal/icu/impl/Trie2$1
Event: 17.853 loading class jdk/internal/icu/impl/Trie2$ValueMapper
Event: 17.955 loading class jdk/internal/icu/impl/Trie2$ValueMapper done
Event: 17.955 loading class jdk/internal/icu/impl/Trie2$1 done
Event: 17.955 loading class jdk/internal/icu/impl/Trie2$UTrie2Header
Event: 17.956 loading class jdk/internal/icu/impl/Trie2$UTrie2Header done
Event: 18.730 loading class java/io/StringReader
Event: 18.732 loading class java/io/StringReader done


Dynamic libraries:
0x00007ff6755a0000 - 0x00007ff675624000 	C:\Users\ASUS\eclipse\eclipse.exe
0x00007fffbfa30000 - 0x00007fffbfc28000 	C:\Windows\SYSTEM32\ntdll.dll
0x00007fffbf220000 - 0x00007fffbf2dd000 	C:\Windows\System32\KERNEL32.DLL
0x00007fffbd670000 - 0x00007fffbd93e000 	C:\Windows\System32\KERNELBASE.dll
0x00007fffbf640000 - 0x00007fffbf7e0000 	C:\Windows\System32\USER32.dll
0x00007fffbd400000 - 0x00007fffbd422000 	C:\Windows\System32\win32u.dll
0x00007fffbf920000 - 0x00007fffbf94a000 	C:\Windows\System32\GDI32.dll
0x00007fffbd560000 - 0x00007fffbd66b000 	C:\Windows\System32\gdi32full.dll
0x00007fffbd9f0000 - 0x00007fffbda8d000 	C:\Windows\System32\msvcp_win.dll
0x00007fffbd2b0000 - 0x00007fffbd3b0000 	C:\Windows\System32\ucrtbase.dll
0x00007fffa8e00000 - 0x00007fffa909a000 	C:\Windows\WinSxS\amd64_microsoft.windows.common-controls_6595b64144ccf1df_6.0.19041.1110_none_60b5254171f9507e\COMCTL32.dll
0x00007fffbf100000 - 0x00007fffbf19e000 	C:\Windows\System32\msvcrt.dll
0x00007fffbf950000 - 0x00007fffbf980000 	C:\Windows\System32\IMM32.DLL
0x00007fffb4550000 - 0x00007fffb458e000 	C:\Users\ASUS\eclipse\plugins\org.eclipse.equinox.launcher.win32.win32.x86_64_1.2.400.v20211117-0650\eclipse_11602.dll
0x00007fffbdb70000 - 0x00007fffbdc1e000 	C:\Windows\System32\ADVAPI32.dll
0x00007fffbf430000 - 0x00007fffbf4cc000 	C:\Windows\System32\sechost.dll
0x00007fffbe4a0000 - 0x00007fffbe5c5000 	C:\Windows\System32\RPCRT4.dll
0x00007fffbe370000 - 0x00007fffbe49a000 	C:\Windows\System32\ole32.dll
0x00007fffbead0000 - 0x00007fffbee24000 	C:\Windows\System32\combase.dll
0x00007fffb1580000 - 0x00007fffb158a000 	C:\Windows\SYSTEM32\VERSION.dll
0x00007fffbab70000 - 0x00007fffbac0e000 	C:\Windows\system32\uxtheme.dll
0x00007fffbf7e0000 - 0x00007fffbf8f5000 	C:\Windows\System32\MSCTF.dll
0x00007fffbf360000 - 0x00007fffbf42d000 	C:\Windows\System32\OLEAUT32.dll
0x00007fffbaf40000 - 0x00007fffbaf52000 	C:\Windows\SYSTEM32\kernel.appcore.dll
0x00007fffbd430000 - 0x00007fffbd4b2000 	C:\Windows\System32\bcryptPrimitives.dll
0x00007fffbee40000 - 0x00007fffbeee9000 	C:\Windows\System32\clbcatq.dll
0x00007fffbd4c0000 - 0x00007fffbd4e7000 	C:\Windows\System32\bcrypt.dll
0x00007fffb53b0000 - 0x00007fffb54a9000 	C:\Windows\SYSTEM32\textinputframework.dll
0x00007fffba510000 - 0x00007fffba86e000 	C:\Windows\System32\CoreUIComponents.dll
0x00007fffbf590000 - 0x00007fffbf63d000 	C:\Windows\System32\SHCORE.dll
0x00007fffba870000 - 0x00007fffba962000 	C:\Windows\System32\CoreMessaging.dll
0x00007fffbf980000 - 0x00007fffbf9eb000 	C:\Windows\System32\WS2_32.dll
0x00007fffbbe50000 - 0x00007fffbbe83000 	C:\Windows\SYSTEM32\ntmarta.dll
0x00007fffb9de0000 - 0x00007fffb9f34000 	C:\Windows\SYSTEM32\wintypes.dll
0x00007fff88980000 - 0x00007fff895c7000 	C:\Users\ASUS\eclipse\plugins\org.eclipse.justj.openjdk.hotspot.jre.full.win32.x86_64_17.0.2.v20220201-1208\jre\bin\server\jvm.dll
0x00007fffbf200000 - 0x00007fffbf208000 	C:\Windows\System32\PSAPI.DLL
0x00007fffb1550000 - 0x00007fffb1577000 	C:\Windows\SYSTEM32\WINMM.dll
0x00007fffb4650000 - 0x00007fffb4659000 	C:\Windows\SYSTEM32\WSOCK32.dll
0x00007fffa9100000 - 0x00007fffa911b000 	C:\Windows\SYSTEM32\VCRUNTIME140.dll
0x00007fffa9120000 - 0x00007fffa912c000 	C:\Windows\SYSTEM32\VCRUNTIME140_1.dll
0x00007fffb4530000 - 0x00007fffb453a000 	C:\Users\ASUS\eclipse\plugins\org.eclipse.justj.openjdk.hotspot.jre.full.win32.x86_64_17.0.2.v20220201-1208\jre\bin\jimage.dll
0x00007fffb5e20000 - 0x00007fffb6004000 	C:\Windows\SYSTEM32\DBGHELP.DLL
0x00007fffb5dc0000 - 0x00007fffb5dec000 	C:\Windows\SYSTEM32\dbgcore.DLL
0x00007fffb2850000 - 0x00007fffb2875000 	C:\Users\ASUS\eclipse\plugins\org.eclipse.justj.openjdk.hotspot.jre.full.win32.x86_64_17.0.2.v20220201-1208\jre\bin\java.dll
0x00007fffb42e0000 - 0x00007fffb42f8000 	C:\Users\ASUS\eclipse\plugins\org.eclipse.justj.openjdk.hotspot.jre.full.win32.x86_64_17.0.2.v20220201-1208\jre\bin\zip.dll
0x00007fffbdc20000 - 0x00007fffbe364000 	C:\Windows\System32\SHELL32.dll
0x00007fffbb250000 - 0x00007fffbb9e4000 	C:\Windows\SYSTEM32\windows.storage.dll
0x00007fffbcb40000 - 0x00007fffbcb70000 	C:\Windows\SYSTEM32\Wldp.dll
0x00007fffbf530000 - 0x00007fffbf585000 	C:\Windows\System32\shlwapi.dll
0x00007fffbd090000 - 0x00007fffbd0af000 	C:\Windows\SYSTEM32\profapi.dll
0x00007fffb3f70000 - 0x00007fffb3f89000 	C:\Users\ASUS\eclipse\plugins\org.eclipse.justj.openjdk.hotspot.jre.full.win32.x86_64_17.0.2.v20220201-1208\jre\bin\net.dll
0x00007fffae080000 - 0x00007fffae18a000 	C:\Windows\SYSTEM32\WINHTTP.dll
0x00007fffbc8a0000 - 0x00007fffbc90a000 	C:\Windows\system32\mswsock.dll
0x00007fffb3ed0000 - 0x00007fffb3ee5000 	C:\Users\ASUS\eclipse\plugins\org.eclipse.justj.openjdk.hotspot.jre.full.win32.x86_64_17.0.2.v20220201-1208\jre\bin\nio.dll
0x00007fffbca90000 - 0x00007fffbcaa8000 	C:\Windows\SYSTEM32\CRYPTSP.dll
0x00007fffbc1c0000 - 0x00007fffbc1f4000 	C:\Windows\system32\rsaenh.dll
0x00007fffbd010000 - 0x00007fffbd03e000 	C:\Windows\SYSTEM32\USERENV.dll
0x00007fffbcab0000 - 0x00007fffbcabc000 	C:\Windows\SYSTEM32\CRYPTBASE.dll
0x00007fffbc590000 - 0x00007fffbc5cb000 	C:\Windows\SYSTEM32\IPHLPAPI.DLL
0x00007fffbf210000 - 0x00007fffbf218000 	C:\Windows\System32\NSI.dll
0x00007fffb5910000 - 0x00007fffb5927000 	C:\Windows\SYSTEM32\dhcpcsvc6.DLL
0x00007fffb6420000 - 0x00007fffb643d000 	C:\Windows\SYSTEM32\dhcpcsvc.DLL
0x00007fffbc5e0000 - 0x00007fffbc6aa000 	C:\Windows\SYSTEM32\DNSAPI.dll
0x00007fffb44a0000 - 0x00007fffb44b0000 	C:\Users\ASUS\eclipse\plugins\org.eclipse.justj.openjdk.hotspot.jre.full.win32.x86_64_17.0.2.v20220201-1208\jre\bin\verify.dll

dbghelp: loaded successfully - version: 4.0.5 - missing functions: none
symbol engine: initialized successfully - sym options: 0x614 - pdb path: .;C:\Users\ASUS\eclipse;C:\Windows\SYSTEM32;C:\Windows\WinSxS\amd64_microsoft.windows.common-controls_6595b64144ccf1df_6.0.19041.1110_none_60b5254171f9507e;C:\Users\ASUS\eclipse\plugins\org.eclipse.equinox.launcher.win32.win32.x86_64_1.2.400.v20211117-0650;C:\Users\ASUS\eclipse\plugins\org.eclipse.justj.openjdk.hotspot.jre.full.win32.x86_64_17.0.2.v20220201-1208\jre\bin\server;C:\Users\ASUS\eclipse\plugins\org.eclipse.justj.openjdk.hotspot.jre.full.win32.x86_64_17.0.2.v20220201-1208\jre\bin

VM Arguments:
jvm_args: -Dosgi.requiredJavaVersion=11 -Dosgi.instance.area.default=@user.home/eclipse-workspace -XX:+UseG1GC -XX:+UseStringDeduplication --add-modules=ALL-SYSTEM -Dosgi.requiredJavaVersion=11 -Dosgi.dataAreaRequiresExplicitInit=true -Dorg.eclipse.swt.graphics.Resource.reportNonDisposed=true -Xms256m -Xmx2048m --add-modules=ALL-SYSTEM 
java_command: Eclipse
java_class_path (initial): C:\Users\ASUS\eclipse\\plugins/org.eclipse.equinox.launcher_1.6.400.v20210924-0641.jar
Launcher Type: generic

[Global flags]
     intx CICompilerCount                          = 2                                         {product} {ergonomic}
     uint ConcGCThreads                            = 1                                         {product} {ergonomic}
     uint G1ConcRefinementThreads                  = 2                                         {product} {ergonomic}
   size_t G1HeapRegionSize                         = 1048576                                   {product} {ergonomic}
    uintx GCDrainStackTargetSize                   = 64                                        {product} {ergonomic}
   size_t InitialHeapSize                          = 268435456                                 {product} {command line}
   size_t MarkStackSize                            = 4194304                                   {product} {ergonomic}
   size_t MaxHeapSize                              = 2147483648                                {product} {command line}
   size_t MaxNewSize                               = 1287651328                                {product} {ergonomic}
   size_t MinHeapDeltaBytes                        = 1048576                                   {product} {ergonomic}
   size_t MinHeapSize                              = 268435456                                 {product} {command line}
    uintx NonNMethodCodeHeapSize                   = 5826188                                {pd product} {ergonomic}
    uintx NonProfiledCodeHeapSize                  = 122916026                              {pd product} {ergonomic}
    uintx ProfiledCodeHeapSize                     = 122916026                              {pd product} {ergonomic}
    uintx ReservedCodeCacheSize                    = 251658240                              {pd product} {ergonomic}
     bool SegmentedCodeCache                       = true                                      {product} {ergonomic}
   size_t SoftMaxHeapSize                          = 2147483648                             {manageable} {ergonomic}
     bool UseCompressedClassPointers               = true                           {product lp64_product} {ergonomic}
     bool UseCompressedOops                        = true                           {product lp64_product} {ergonomic}
     bool UseG1GC                                  = true                                      {product} {command line}
     bool UseLargePagesIndividualAllocation        = false                                  {pd product} {ergonomic}
     bool UseStringDeduplication                   = true                                      {product} {command line}

Logging:
Log output configuration:
 #0: stdout all=warning uptime,level,tags
 #1: stderr all=off uptime,level,tags

Environment Variables:
PATH=C:\Program Files (x86)\Common Files\Oracle\Java\javapath;C:\Program Files\Java\jdk-17.0.3\bin;C:\Python310\Scripts\;C:\Python310\;C:\Windows\system32;C:\Windows;C:\Windows\System32\Wbem;C:\Windows\System32\WindowsPowerShell\v1.0\;C:\Windows\System32\OpenSSH\;C:\Program Files\Git\cmd;C:\Program Files (x86)\nodejs\;C:\ProgramData\chocolatey\bin;C:\Program Files\Java\jdk1.8.0_333\bin\;C:\Users\ASUS\AppData\Local\Microsoft\WindowsApps;;C:\Users\ASUS\AppData\Local\Programs\Microsoft VS Code\bin;C:\Program Files\heroku\bin;C:\Users\ASUS\AppData\Roaming\npm
USERNAME=ASUS
OS=Windows_NT
PROCESSOR_IDENTIFIER=AMD64 Family 22 Model 48 Stepping 1, AuthenticAMD



---------------  S Y S T E M  ---------------

OS:
 Windows 10 , 64 bit Build 19041 (10.0.19041.1889)
OS uptime: 4 days 9:22 hours

CPU: total 2 (initial active 2) (2 cores per cpu, 1 threads per core) family 22 model 48 stepping 1 microcode 0x0, cx8, cmov, fxsr, mmx, 3dnowpref, sse, sse2, sse3, ssse3, sse4a, sse4.1, sse4.2, popcnt, lzcnt, tsc, tscinvbit, avx, aes, clmul, bmi1, vzeroupper, clflush

Memory: 4k page, system-wide physical 3508M (183M free)
TotalPageFile size 14260M (AvailPageFile size 2M)
current process WorkingSet (physical memory assigned to process): 141M, peak: 141M
current process commit charge ("private bytes"): 376M, peak: 377M

vm_info: OpenJDK 64-Bit Server VM (17.0.2+8) for windows-amd64 JRE (17.0.2+8), built on Jan 20 2022 04:52:34 by "" with MS VC++ 16.7 (VS2019)

END.
