#
# There is insufficient memory for the Java Runtime Environment to continue.
# Native memory allocation (malloc) failed to allocate 935536 bytes for Chunk::new
# Possible reasons:
#   The system is out of physical RAM or swap space
#   The process is running with CompressedOops enabled, and the Java Heap may be blocking the growth of the native heap
# Possible solutions:
#   Reduce memory load on the system
#   Increase physical memory or swap space
#   Check if swap backing store is full
#   Decrease Java heap size (-Xmx/-Xms)
#   Decrease number of Java threads
#   Decrease Java thread stack sizes (-Xss)
#   Set larger code cache with -XX:ReservedCodeCacheSize=
#   JVM is running with Unscaled Compressed Oops mode in which the Java heap is
#     placed in the first 4GB address space. The Java Heap base address is the
#     maximum limit for the native heap growth. Please use -XX:HeapBaseMinAddress
#     to set the Java Heap base and to place the Java Heap above 4GB virtual address.
# This output file may be truncated or incomplete.
#
#  Out of Memory Error (arena.cpp:189), pid=19320, tid=13884
#
# JRE version: OpenJDK Runtime Environment Temurin-17.0.2+8 (17.0.2+8) (build 17.0.2+8)
# Java VM: OpenJDK 64-Bit Server VM Temurin-17.0.2+8 (17.0.2+8, mixed mode, tiered, compressed oops, compressed class ptrs, g1 gc, windows-amd64)
# No core dump will be written. Minidumps are not enabled by default on client versions of Windows
#

---------------  S U M M A R Y ------------

Command Line: -Dosgi.requiredJavaVersion=11 -Dosgi.instance.area.default=@user.home/eclipse-workspace -XX:+UseG1GC -XX:+UseStringDeduplication --add-modules=ALL-SYSTEM -Dosgi.requiredJavaVersion=11 -Dosgi.dataAreaRequiresExplicitInit=true -Dorg.eclipse.swt.graphics.Resource.reportNonDisposed=true -Xms256m -Xmx2048m --add-modules=ALL-SYSTEM Eclipse

Host: AMD E2-7015 APU with AMD Radeon R2 Graphics, 2 cores, 3G,  Windows 10 , 64 bit Build 19041 (10.0.19041.1889)
Time: Thu Aug 18 17:03:04 2022 India Standard Time elapsed time: 64.872483 seconds (0d 0h 1m 4s)

---------------  T H R E A D  ---------------

Current thread (0x000001f670ca7850):  JavaThread "C2 CompilerThread0" daemon [_thread_in_native, id=13884, stack(0x00000074a5600000,0x00000074a5700000)]


Current CompileTask:
C2:  64873 5361   !   4       org.eclipse.osgi.internal.loader.classpath.ClasspathManager::defineClass (636 bytes)

Stack: [0x00000074a5600000,0x00000074a5700000]
Native frames: (J=compiled Java code, j=interpreted, Vv=VM code, C=native code)
V  [jvm.dll+0x67564a]
V  [jvm.dll+0x82fc04]
V  [jvm.dll+0x8313ae]
V  [jvm.dll+0x831a13]
V  [jvm.dll+0x245235]
V  [jvm.dll+0xabd7b]
V  [jvm.dll+0xac30c]
V  [jvm.dll+0x2ac33f]
V  [jvm.dll+0x57c559]
V  [jvm.dll+0x2202ed]
V  [jvm.dll+0x2206cf]
V  [jvm.dll+0x219f25]
V  [jvm.dll+0x2173eb]
V  [jvm.dll+0x1a3a8d]
V  [jvm.dll+0x226ef8]
V  [jvm.dll+0x22503c]
V  [jvm.dll+0x7e596b]
V  [jvm.dll+0x7dff2a]
V  [jvm.dll+0x6744d5]
C  [ucrtbase.dll+0x21bb2]
C  [KERNEL32.DLL+0x17034]
C  [ntdll.dll+0x52651]


---------------  P R O C E S S  ---------------

Threads class SMR info:
_java_thread_list=0x000001f67298fe70, length=23, elements={
0x000001f65702fa40, 0x000001f670c3c310, 0x000001f670c3ccc0, 0x000001f670c8a1f0,
0x000001f670cd6620, 0x000001f670cdd620, 0x000001f670ca6000, 0x000001f670ca7850,
0x000001f670cba6d0, 0x000001f670cbb750, 0x000001f670e3ef10, 0x000001f670f5e710,
0x000001f671515870, 0x000001f67207a040, 0x000001f67207a510, 0x000001f671511ce0,
0x000001f671731ae0, 0x000001f6717ed220, 0x000001f672079a40, 0x000001f672076080,
0x000001f672076550, 0x000001f672077d60, 0x000001f672078700
}

Java Threads: ( => current thread )
  0x000001f65702fa40 JavaThread "main" [_thread_in_vm, id=17500, stack(0x00000074a4220000,0x00000074a4320000)]
  0x000001f670c3c310 JavaThread "Reference Handler" daemon [_thread_blocked, id=3976, stack(0x00000074a5000000,0x00000074a5100000)]
  0x000001f670c3ccc0 JavaThread "Finalizer" daemon [_thread_blocked, id=3752, stack(0x00000074a5100000,0x00000074a5200000)]
  0x000001f670c8a1f0 JavaThread "Signal Dispatcher" daemon [_thread_blocked, id=12952, stack(0x00000074a5200000,0x00000074a5300000)]
  0x000001f670cd6620 JavaThread "Attach Listener" daemon [_thread_blocked, id=356, stack(0x00000074a5300000,0x00000074a5400000)]
  0x000001f670cdd620 JavaThread "Service Thread" daemon [_thread_blocked, id=12536, stack(0x00000074a5400000,0x00000074a5500000)]
  0x000001f670ca6000 JavaThread "Monitor Deflation Thread" daemon [_thread_blocked, id=17812, stack(0x00000074a5500000,0x00000074a5600000)]
=>0x000001f670ca7850 JavaThread "C2 CompilerThread0" daemon [_thread_in_native, id=13884, stack(0x00000074a5600000,0x00000074a5700000)]
  0x000001f670cba6d0 JavaThread "C1 CompilerThread0" daemon [_thread_blocked, id=15848, stack(0x00000074a5700000,0x00000074a5800000)]
  0x000001f670cbb750 JavaThread "Sweeper thread" daemon [_thread_blocked, id=12792, stack(0x00000074a5800000,0x00000074a5900000)]
  0x000001f670e3ef10 JavaThread "Common-Cleaner" daemon [_thread_blocked, id=6688, stack(0x00000074a5900000,0x00000074a5a00000)]
  0x000001f670f5e710 JavaThread "Notification Thread" daemon [_thread_blocked, id=18932, stack(0x00000074a5a00000,0x00000074a5b00000)]
  0x000001f671515870 JavaThread "Active Thread: Equinox Container: 9e9d78d9-0363-41d6-b939-cb6c54af65ac" [_thread_blocked, id=9356, stack(0x00000074a5e00000,0x00000074a5f00000)]
  0x000001f67207a040 JavaThread "Framework Event Dispatcher: Equinox Container: 9e9d78d9-0363-41d6-b939-cb6c54af65ac" daemon [_thread_blocked, id=6852, stack(0x00000074a5f00000,0x00000074a6000000)]
  0x000001f67207a510 JavaThread "Start Level: Equinox Container: 9e9d78d9-0363-41d6-b939-cb6c54af65ac" daemon [_thread_blocked, id=17012, stack(0x00000074a6000000,0x00000074a6100000)]
  0x000001f671511ce0 JavaThread "SCR Component Actor" daemon [_thread_blocked, id=10028, stack(0x00000074a6100000,0x00000074a6200000)]
  0x000001f671731ae0 JavaThread "EMF Reference Cleaner" daemon [_thread_blocked, id=3300, stack(0x00000074a6300000,0x00000074a6400000)]
  0x000001f6717ed220 JavaThread "Worker-JM" [_thread_blocked, id=14376, stack(0x00000074a6400000,0x00000074a6500000)]
  0x000001f672079a40 JavaThread "Bundle File Closer" daemon [_thread_blocked, id=16268, stack(0x00000074a6600000,0x00000074a6700000)]
  0x000001f672076080 JavaThread "Gogo shell" [_thread_blocked, id=18112, stack(0x00000074a6900000,0x00000074a6a00000)]
  0x000001f672076550 JavaThread "Worker-0" [_thread_blocked, id=18724, stack(0x00000074a6d00000,0x00000074a6e00000)]
  0x000001f672077d60 JavaThread "Git Repository Closer" daemon [_thread_blocked, id=16832, stack(0x00000074a6e00000,0x00000074a6f00000)]
  0x000001f672078700 JavaThread "Timer-2" [_thread_blocked, id=19056, stack(0x00000074a6200000,0x00000074a6300000)]

Other Threads:
  0x000001f670c38b60 VMThread "VM Thread" [stack: 0x00000074a4f00000,0x00000074a5000000] [id=10636]
  0x000001f670fa6cf0 WatcherThread [stack: 0x00000074a5b00000,0x00000074a5c00000] [id=4708]
  0x000001f65706ee10 GCTaskThread "GC Thread#0" [stack: 0x00000074a4900000,0x00000074a4a00000] [id=11368]
  0x000001f6712204b0 GCTaskThread "GC Thread#1" [stack: 0x00000074a5c00000,0x00000074a5d00000] [id=14876]
  0x000001f65707fd50 ConcurrentGCThread "G1 Main Marker" [stack: 0x00000074a4a00000,0x00000074a4b00000] [id=13464]
  0x000001f657082770 ConcurrentGCThread "G1 Conc#0" [stack: 0x00000074a4b00000,0x00000074a4c00000] [id=14732]
  0x000001f6701981f0 ConcurrentGCThread "G1 Refine#0" [stack: 0x00000074a4c00000,0x00000074a4d00000] [id=14228]
  0x000001f6712167b0 ConcurrentGCThread "G1 Refine#1" [stack: 0x00000074a5d00000,0x00000074a5e00000] [id=6392]
  0x000001f67019a8d0 ConcurrentGCThread "G1 Service" [stack: 0x00000074a4d00000,0x00000074a4e00000] [id=4508]
  0x000001f670c6a150 ConcurrentGCThread "StringDedupProcessor" [stack: 0x00000074a4e00000,0x00000074a4f00000] [id=15320]

Threads with active compile tasks:
C2 CompilerThread0    65004 5361   !   4       org.eclipse.osgi.internal.loader.classpath.ClasspathManager::defineClass (636 bytes)

VM state: not at safepoint (normal execution)

VM Mutex/Monitor currently owned by a thread: None

Heap address: 0x0000000080000000, size: 2048 MB, Compressed Oops mode: 32-bit

CDS archive(s) not mapped
Compressed class space mapped at: 0x0000000100000000-0x0000000140000000, reserved size: 1073741824
Narrow klass base: 0x0000000000000000, Narrow klass shift: 3, Narrow klass range: 0x140000000

GC Precious Log:
 CPUs: 2 total, 2 available
 Memory: 3508M
 Large Page Support: Disabled
 NUMA Support: Disabled
 Compressed Oops: Enabled (32-bit)
 Heap Region Size: 1M
 Heap Min Capacity: 256M
 Heap Initial Capacity: 256M
 Heap Max Capacity: 2G
 Pre-touch: Disabled
 Parallel Workers: 2
 Concurrent Workers: 1
 Concurrent Refinement Workers: 2
 Periodic GC: Disabled
 String Deduplication is enabled

Heap:
 garbage-first heap   total 262144K, used 66560K [0x0000000080000000, 0x0000000100000000)
  region size 1024K, 36 young (36864K), 6 survivors (6144K)
 Metaspace       used 42836K, committed 44032K, reserved 1089536K
  class space    used 4701K, committed 5120K, reserved 1048576K

Heap Regions: E=young(eden), S=young(survivor), O=old, HS=humongous(starts), HC=humongous(continues), CS=collection set, F=free, OA=open archive, CA=closed archive, TAMS=top-at-mark-start (previous, next)
|   0|0x0000000080000000, 0x0000000080100000, 0x0000000080100000|100%| O|  |TAMS 0x0000000080100000, 0x0000000080000000| Untracked 
|   1|0x0000000080100000, 0x0000000080200000, 0x0000000080200000|100%| O|  |TAMS 0x0000000080200000, 0x0000000080100000| Untracked 
|   2|0x0000000080200000, 0x0000000080300000, 0x0000000080300000|100%| O|  |TAMS 0x0000000080300000, 0x0000000080200000| Untracked 
|   3|0x0000000080300000, 0x0000000080400000, 0x0000000080400000|100%| O|  |TAMS 0x0000000080400000, 0x0000000080300000| Untracked 
|   4|0x0000000080400000, 0x0000000080500000, 0x0000000080500000|100%| O|  |TAMS 0x0000000080500000, 0x0000000080400000| Untracked 
|   5|0x0000000080500000, 0x0000000080600000, 0x0000000080600000|100%| O|  |TAMS 0x0000000080600000, 0x0000000080500000| Untracked 
|   6|0x0000000080600000, 0x0000000080700000, 0x0000000080700000|100%| O|  |TAMS 0x0000000080700000, 0x0000000080600000| Untracked 
|   7|0x0000000080700000, 0x0000000080800000, 0x0000000080800000|100%| O|  |TAMS 0x0000000080800000, 0x0000000080700000| Untracked 
|   8|0x0000000080800000, 0x0000000080900000, 0x0000000080900000|100%| O|  |TAMS 0x0000000080900000, 0x0000000080800000| Untracked 
|   9|0x0000000080900000, 0x0000000080a00000, 0x0000000080a00000|100%| O|  |TAMS 0x0000000080a00000, 0x0000000080900000| Untracked 
|  10|0x0000000080a00000, 0x0000000080b00000, 0x0000000080b00000|100%| O|  |TAMS 0x0000000080b00000, 0x0000000080a00000| Untracked 
|  11|0x0000000080b00000, 0x0000000080c00000, 0x0000000080c00000|100%| O|  |TAMS 0x0000000080c00000, 0x0000000080b00000| Untracked 
|  12|0x0000000080c00000, 0x0000000080d00000, 0x0000000080d00000|100%| O|  |TAMS 0x0000000080d00000, 0x0000000080c00000| Untracked 
|  13|0x0000000080d00000, 0x0000000080e00000, 0x0000000080e00000|100%| O|  |TAMS 0x0000000080e00000, 0x0000000080d00000| Untracked 
|  14|0x0000000080e00000, 0x0000000080f00000, 0x0000000080f00000|100%| O|  |TAMS 0x0000000080f00000, 0x0000000080e00000| Untracked 
|  15|0x0000000080f00000, 0x0000000081000000, 0x0000000081000000|100%| O|  |TAMS 0x0000000081000000, 0x0000000080f00000| Untracked 
|  16|0x0000000081000000, 0x0000000081100000, 0x0000000081100000|100%| O|  |TAMS 0x0000000081100000, 0x0000000081000000| Untracked 
|  17|0x0000000081100000, 0x0000000081200000, 0x0000000081200000|100%| O|  |TAMS 0x0000000081200000, 0x0000000081100000| Untracked 
|  18|0x0000000081200000, 0x0000000081300000, 0x0000000081300000|100%| O|  |TAMS 0x0000000081200000, 0x0000000081200000| Untracked 
|  19|0x0000000081300000, 0x0000000081400000, 0x0000000081400000|100%| O|  |TAMS 0x0000000081300000, 0x0000000081300000| Untracked 
|  20|0x0000000081400000, 0x0000000081500000, 0x0000000081500000|100%| O|  |TAMS 0x0000000081400000, 0x0000000081400000| Untracked 
|  21|0x0000000081500000, 0x0000000081600000, 0x0000000081600000|100%| O|  |TAMS 0x0000000081500000, 0x0000000081500000| Untracked 
|  22|0x0000000081600000, 0x0000000081600000, 0x0000000081700000|  0%| F|  |TAMS 0x0000000081600000, 0x0000000081600000| Untracked 
|  23|0x0000000081700000, 0x0000000081800000, 0x0000000081800000|100%| O|  |TAMS 0x0000000081700000, 0x0000000081700000| Untracked 
|  24|0x0000000081800000, 0x0000000081900000, 0x0000000081900000|100%| O|  |TAMS 0x0000000081800000, 0x0000000081800000| Untracked 
|  25|0x0000000081900000, 0x0000000081a00000, 0x0000000081a00000|100%| O|  |TAMS 0x0000000081900000, 0x0000000081900000| Untracked 
|  26|0x0000000081a00000, 0x0000000081b00000, 0x0000000081b00000|100%| O|  |TAMS 0x0000000081a00000, 0x0000000081a00000| Untracked 
|  27|0x0000000081b00000, 0x0000000081c00000, 0x0000000081c00000|100%| O|  |TAMS 0x0000000081b00000, 0x0000000081b00000| Untracked 
|  28|0x0000000081c00000, 0x0000000081d00000, 0x0000000081d00000|100%| O|  |TAMS 0x0000000081c00000, 0x0000000081c00000| Untracked 
|  29|0x0000000081d00000, 0x0000000081d00000, 0x0000000081e00000|  0%| F|  |TAMS 0x0000000081d00000, 0x0000000081d00000| Untracked 
|  30|0x0000000081e00000, 0x0000000081f00000, 0x0000000081f00000|100%| O|  |TAMS 0x0000000081e00000, 0x0000000081e00000| Untracked 
|  31|0x0000000081f00000, 0x0000000082000000, 0x0000000082000000|100%| O|  |TAMS 0x0000000081f00000, 0x0000000081f00000| Untracked 
|  32|0x0000000082000000, 0x0000000082000000, 0x0000000082100000|  0%| F|  |TAMS 0x0000000082000000, 0x0000000082000000| Untracked 
|  33|0x0000000082100000, 0x0000000082100000, 0x0000000082200000|  0%| F|  |TAMS 0x0000000082100000, 0x0000000082100000| Untracked 
|  34|0x0000000082200000, 0x0000000082200000, 0x0000000082300000|  0%| F|  |TAMS 0x0000000082200000, 0x0000000082200000| Untracked 
|  35|0x0000000082300000, 0x0000000082300000, 0x0000000082400000|  0%| F|  |TAMS 0x0000000082300000, 0x0000000082300000| Untracked 
|  36|0x0000000082400000, 0x0000000082400000, 0x0000000082500000|  0%| F|  |TAMS 0x0000000082400000, 0x0000000082400000| Untracked 
|  37|0x0000000082500000, 0x0000000082500000, 0x0000000082600000|  0%| F|  |TAMS 0x0000000082500000, 0x0000000082500000| Untracked 
|  38|0x0000000082600000, 0x0000000082600000, 0x0000000082700000|  0%| F|  |TAMS 0x0000000082600000, 0x0000000082600000| Untracked 
|  39|0x0000000082700000, 0x0000000082700000, 0x0000000082800000|  0%| F|  |TAMS 0x0000000082700000, 0x0000000082700000| Untracked 
|  40|0x0000000082800000, 0x0000000082800000, 0x0000000082900000|  0%| F|  |TAMS 0x0000000082800000, 0x0000000082800000| Untracked 
|  41|0x0000000082900000, 0x0000000082900000, 0x0000000082a00000|  0%| F|  |TAMS 0x0000000082900000, 0x0000000082900000| Untracked 
|  42|0x0000000082a00000, 0x0000000082a00000, 0x0000000082b00000|  0%| F|  |TAMS 0x0000000082a00000, 0x0000000082a00000| Untracked 
|  43|0x0000000082b00000, 0x0000000082b00000, 0x0000000082c00000|  0%| F|  |TAMS 0x0000000082b00000, 0x0000000082b00000| Untracked 
|  44|0x0000000082c00000, 0x0000000082c00000, 0x0000000082d00000|  0%| F|  |TAMS 0x0000000082c00000, 0x0000000082c00000| Untracked 
|  45|0x0000000082d00000, 0x0000000082d00000, 0x0000000082e00000|  0%| F|  |TAMS 0x0000000082d00000, 0x0000000082d00000| Untracked 
|  46|0x0000000082e00000, 0x0000000082e00000, 0x0000000082f00000|  0%| F|  |TAMS 0x0000000082e00000, 0x0000000082e00000| Untracked 
|  47|0x0000000082f00000, 0x0000000082f00000, 0x0000000083000000|  0%| F|  |TAMS 0x0000000082f00000, 0x0000000082f00000| Untracked 
|  48|0x0000000083000000, 0x0000000083000000, 0x0000000083100000|  0%| F|  |TAMS 0x0000000083000000, 0x0000000083000000| Untracked 
|  49|0x0000000083100000, 0x0000000083100000, 0x0000000083200000|  0%| F|  |TAMS 0x0000000083100000, 0x0000000083100000| Untracked 
|  50|0x0000000083200000, 0x0000000083200000, 0x0000000083300000|  0%| F|  |TAMS 0x0000000083200000, 0x0000000083200000| Untracked 
|  51|0x0000000083300000, 0x0000000083300000, 0x0000000083400000|  0%| F|  |TAMS 0x0000000083300000, 0x0000000083300000| Untracked 
|  52|0x0000000083400000, 0x0000000083400000, 0x0000000083500000|  0%| F|  |TAMS 0x0000000083400000, 0x0000000083400000| Untracked 
|  53|0x0000000083500000, 0x0000000083500000, 0x0000000083600000|  0%| F|  |TAMS 0x0000000083500000, 0x0000000083500000| Untracked 
|  54|0x0000000083600000, 0x0000000083600000, 0x0000000083700000|  0%| F|  |TAMS 0x0000000083600000, 0x0000000083600000| Untracked 
|  55|0x0000000083700000, 0x0000000083700000, 0x0000000083800000|  0%| F|  |TAMS 0x0000000083700000, 0x0000000083700000| Untracked 
|  56|0x0000000083800000, 0x0000000083800000, 0x0000000083900000|  0%| F|  |TAMS 0x0000000083800000, 0x0000000083800000| Untracked 
|  57|0x0000000083900000, 0x0000000083900000, 0x0000000083a00000|  0%| F|  |TAMS 0x0000000083900000, 0x0000000083900000| Untracked 
|  58|0x0000000083a00000, 0x0000000083a00000, 0x0000000083b00000|  0%| F|  |TAMS 0x0000000083a00000, 0x0000000083a00000| Untracked 
|  59|0x0000000083b00000, 0x0000000083b00000, 0x0000000083c00000|  0%| F|  |TAMS 0x0000000083b00000, 0x0000000083b00000| Untracked 
|  60|0x0000000083c00000, 0x0000000083c00000, 0x0000000083d00000|  0%| F|  |TAMS 0x0000000083c00000, 0x0000000083c00000| Untracked 
|  61|0x0000000083d00000, 0x0000000083d00000, 0x0000000083e00000|  0%| F|  |TAMS 0x0000000083d00000, 0x0000000083d00000| Untracked 
|  62|0x0000000083e00000, 0x0000000083e00000, 0x0000000083f00000|  0%| F|  |TAMS 0x0000000083e00000, 0x0000000083e00000| Untracked 
|  63|0x0000000083f00000, 0x0000000083f00000, 0x0000000084000000|  0%| F|  |TAMS 0x0000000083f00000, 0x0000000083f00000| Untracked 
|  64|0x0000000084000000, 0x0000000084000000, 0x0000000084100000|  0%| F|  |TAMS 0x0000000084000000, 0x0000000084000000| Untracked 
|  65|0x0000000084100000, 0x0000000084100000, 0x0000000084200000|  0%| F|  |TAMS 0x0000000084100000, 0x0000000084100000| Untracked 
|  66|0x0000000084200000, 0x0000000084200000, 0x0000000084300000|  0%| F|  |TAMS 0x0000000084200000, 0x0000000084200000| Untracked 
|  67|0x0000000084300000, 0x0000000084300000, 0x0000000084400000|  0%| F|  |TAMS 0x0000000084300000, 0x0000000084300000| Untracked 
|  68|0x0000000084400000, 0x0000000084400000, 0x0000000084500000|  0%| F|  |TAMS 0x0000000084400000, 0x0000000084400000| Untracked 
|  69|0x0000000084500000, 0x0000000084500000, 0x0000000084600000|  0%| F|  |TAMS 0x0000000084500000, 0x0000000084500000| Untracked 
|  70|0x0000000084600000, 0x0000000084600000, 0x0000000084700000|  0%| F|  |TAMS 0x0000000084600000, 0x0000000084600000| Untracked 
|  71|0x0000000084700000, 0x0000000084700000, 0x0000000084800000|  0%| F|  |TAMS 0x0000000084700000, 0x0000000084700000| Untracked 
|  72|0x0000000084800000, 0x0000000084800000, 0x0000000084900000|  0%| F|  |TAMS 0x0000000084800000, 0x0000000084800000| Untracked 
|  73|0x0000000084900000, 0x0000000084900000, 0x0000000084a00000|  0%| F|  |TAMS 0x0000000084900000, 0x0000000084900000| Untracked 
|  74|0x0000000084a00000, 0x0000000084a00000, 0x0000000084b00000|  0%| F|  |TAMS 0x0000000084a00000, 0x0000000084a00000| Untracked 
|  75|0x0000000084b00000, 0x0000000084b00000, 0x0000000084c00000|  0%| F|  |TAMS 0x0000000084b00000, 0x0000000084b00000| Untracked 
|  76|0x0000000084c00000, 0x0000000084c00000, 0x0000000084d00000|  0%| F|  |TAMS 0x0000000084c00000, 0x0000000084c00000| Untracked 
|  77|0x0000000084d00000, 0x0000000084d00000, 0x0000000084e00000|  0%| F|  |TAMS 0x0000000084d00000, 0x0000000084d00000| Untracked 
|  78|0x0000000084e00000, 0x0000000084e00000, 0x0000000084f00000|  0%| F|  |TAMS 0x0000000084e00000, 0x0000000084e00000| Untracked 
|  79|0x0000000084f00000, 0x0000000084f00000, 0x0000000085000000|  0%| F|  |TAMS 0x0000000084f00000, 0x0000000084f00000| Untracked 
|  80|0x0000000085000000, 0x0000000085000000, 0x0000000085100000|  0%| F|  |TAMS 0x0000000085000000, 0x0000000085000000| Untracked 
|  81|0x0000000085100000, 0x0000000085100000, 0x0000000085200000|  0%| F|  |TAMS 0x0000000085100000, 0x0000000085100000| Untracked 
|  82|0x0000000085200000, 0x0000000085200000, 0x0000000085300000|  0%| F|  |TAMS 0x0000000085200000, 0x0000000085200000| Untracked 
|  83|0x0000000085300000, 0x0000000085300000, 0x0000000085400000|  0%| F|  |TAMS 0x0000000085300000, 0x0000000085300000| Untracked 
|  84|0x0000000085400000, 0x0000000085400000, 0x0000000085500000|  0%| F|  |TAMS 0x0000000085400000, 0x0000000085400000| Untracked 
|  85|0x0000000085500000, 0x0000000085500000, 0x0000000085600000|  0%| F|  |TAMS 0x0000000085500000, 0x0000000085500000| Untracked 
|  86|0x0000000085600000, 0x0000000085600000, 0x0000000085700000|  0%| F|  |TAMS 0x0000000085600000, 0x0000000085600000| Untracked 
|  87|0x0000000085700000, 0x0000000085700000, 0x0000000085800000|  0%| F|  |TAMS 0x0000000085700000, 0x0000000085700000| Untracked 
|  88|0x0000000085800000, 0x0000000085800000, 0x0000000085900000|  0%| F|  |TAMS 0x0000000085800000, 0x0000000085800000| Untracked 
|  89|0x0000000085900000, 0x0000000085900000, 0x0000000085a00000|  0%| F|  |TAMS 0x0000000085900000, 0x0000000085900000| Untracked 
|  90|0x0000000085a00000, 0x0000000085a00000, 0x0000000085b00000|  0%| F|  |TAMS 0x0000000085a00000, 0x0000000085a00000| Untracked 
|  91|0x0000000085b00000, 0x0000000085b00000, 0x0000000085c00000|  0%| F|  |TAMS 0x0000000085b00000, 0x0000000085b00000| Untracked 
|  92|0x0000000085c00000, 0x0000000085c00000, 0x0000000085d00000|  0%| F|  |TAMS 0x0000000085c00000, 0x0000000085c00000| Untracked 
|  93|0x0000000085d00000, 0x0000000085d00000, 0x0000000085e00000|  0%| F|  |TAMS 0x0000000085d00000, 0x0000000085d00000| Untracked 
|  94|0x0000000085e00000, 0x0000000085e00000, 0x0000000085f00000|  0%| F|  |TAMS 0x0000000085e00000, 0x0000000085e00000| Untracked 
|  95|0x0000000085f00000, 0x0000000085f00000, 0x0000000086000000|  0%| F|  |TAMS 0x0000000085f00000, 0x0000000085f00000| Untracked 
|  96|0x0000000086000000, 0x0000000086000000, 0x0000000086100000|  0%| F|  |TAMS 0x0000000086000000, 0x0000000086000000| Untracked 
|  97|0x0000000086100000, 0x0000000086100000, 0x0000000086200000|  0%| F|  |TAMS 0x0000000086100000, 0x0000000086100000| Untracked 
|  98|0x0000000086200000, 0x0000000086200000, 0x0000000086300000|  0%| F|  |TAMS 0x0000000086200000, 0x0000000086200000| Untracked 
|  99|0x0000000086300000, 0x0000000086300000, 0x0000000086400000|  0%| F|  |TAMS 0x0000000086300000, 0x0000000086300000| Untracked 
| 100|0x0000000086400000, 0x0000000086400000, 0x0000000086500000|  0%| F|  |TAMS 0x0000000086400000, 0x0000000086400000| Untracked 
| 101|0x0000000086500000, 0x0000000086500000, 0x0000000086600000|  0%| F|  |TAMS 0x0000000086500000, 0x0000000086500000| Untracked 
| 102|0x0000000086600000, 0x0000000086600000, 0x0000000086700000|  0%| F|  |TAMS 0x0000000086600000, 0x0000000086600000| Untracked 
| 103|0x0000000086700000, 0x0000000086700000, 0x0000000086800000|  0%| F|  |TAMS 0x0000000086700000, 0x0000000086700000| Untracked 
| 104|0x0000000086800000, 0x0000000086800000, 0x0000000086900000|  0%| F|  |TAMS 0x0000000086800000, 0x0000000086800000| Untracked 
| 105|0x0000000086900000, 0x0000000086900000, 0x0000000086a00000|  0%| F|  |TAMS 0x0000000086900000, 0x0000000086900000| Untracked 
| 106|0x0000000086a00000, 0x0000000086a00000, 0x0000000086b00000|  0%| F|  |TAMS 0x0000000086a00000, 0x0000000086a00000| Untracked 
| 107|0x0000000086b00000, 0x0000000086b00000, 0x0000000086c00000|  0%| F|  |TAMS 0x0000000086b00000, 0x0000000086b00000| Untracked 
| 108|0x0000000086c00000, 0x0000000086c00000, 0x0000000086d00000|  0%| F|  |TAMS 0x0000000086c00000, 0x0000000086c00000| Untracked 
| 109|0x0000000086d00000, 0x0000000086d00000, 0x0000000086e00000|  0%| F|  |TAMS 0x0000000086d00000, 0x0000000086d00000| Untracked 
| 110|0x0000000086e00000, 0x0000000086e00000, 0x0000000086f00000|  0%| F|  |TAMS 0x0000000086e00000, 0x0000000086e00000| Untracked 
| 111|0x0000000086f00000, 0x0000000086f00000, 0x0000000087000000|  0%| F|  |TAMS 0x0000000086f00000, 0x0000000086f00000| Untracked 
| 112|0x0000000087000000, 0x0000000087000000, 0x0000000087100000|  0%| F|  |TAMS 0x0000000087000000, 0x0000000087000000| Untracked 
| 113|0x0000000087100000, 0x0000000087100000, 0x0000000087200000|  0%| F|  |TAMS 0x0000000087100000, 0x0000000087100000| Untracked 
| 114|0x0000000087200000, 0x0000000087200000, 0x0000000087300000|  0%| F|  |TAMS 0x0000000087200000, 0x0000000087200000| Untracked 
| 115|0x0000000087300000, 0x0000000087300000, 0x0000000087400000|  0%| F|  |TAMS 0x0000000087300000, 0x0000000087300000| Untracked 
| 116|0x0000000087400000, 0x0000000087400000, 0x0000000087500000|  0%| F|  |TAMS 0x0000000087400000, 0x0000000087400000| Untracked 
| 117|0x0000000087500000, 0x0000000087500000, 0x0000000087600000|  0%| F|  |TAMS 0x0000000087500000, 0x0000000087500000| Untracked 
| 118|0x0000000087600000, 0x0000000087600000, 0x0000000087700000|  0%| F|  |TAMS 0x0000000087600000, 0x0000000087600000| Untracked 
| 119|0x0000000087700000, 0x0000000087700000, 0x0000000087800000|  0%| F|  |TAMS 0x0000000087700000, 0x0000000087700000| Untracked 
| 120|0x0000000087800000, 0x0000000087800000, 0x0000000087900000|  0%| F|  |TAMS 0x0000000087800000, 0x0000000087800000| Untracked 
| 121|0x0000000087900000, 0x0000000087900000, 0x0000000087a00000|  0%| F|  |TAMS 0x0000000087900000, 0x0000000087900000| Untracked 
| 122|0x0000000087a00000, 0x0000000087a00000, 0x0000000087b00000|  0%| F|  |TAMS 0x0000000087a00000, 0x0000000087a00000| Untracked 
| 123|0x0000000087b00000, 0x0000000087b00000, 0x0000000087c00000|  0%| F|  |TAMS 0x0000000087b00000, 0x0000000087b00000| Untracked 
| 124|0x0000000087c00000, 0x0000000087c00000, 0x0000000087d00000|  0%| F|  |TAMS 0x0000000087c00000, 0x0000000087c00000| Untracked 
| 125|0x0000000087d00000, 0x0000000087d00000, 0x0000000087e00000|  0%| F|  |TAMS 0x0000000087d00000, 0x0000000087d00000| Untracked 
| 126|0x0000000087e00000, 0x0000000087e00000, 0x0000000087f00000|  0%| F|  |TAMS 0x0000000087e00000, 0x0000000087e00000| Untracked 
| 127|0x0000000087f00000, 0x0000000087f00000, 0x0000000088000000|  0%| F|  |TAMS 0x0000000087f00000, 0x0000000087f00000| Untracked 
| 128|0x0000000088000000, 0x0000000088000000, 0x0000000088100000|  0%| F|  |TAMS 0x0000000088000000, 0x0000000088000000| Untracked 
| 129|0x0000000088100000, 0x0000000088100000, 0x0000000088200000|  0%| F|  |TAMS 0x0000000088100000, 0x0000000088100000| Untracked 
| 130|0x0000000088200000, 0x0000000088200000, 0x0000000088300000|  0%| F|  |TAMS 0x0000000088200000, 0x0000000088200000| Untracked 
| 131|0x0000000088300000, 0x0000000088300000, 0x0000000088400000|  0%| F|  |TAMS 0x0000000088300000, 0x0000000088300000| Untracked 
| 132|0x0000000088400000, 0x0000000088400000, 0x0000000088500000|  0%| F|  |TAMS 0x0000000088400000, 0x0000000088400000| Untracked 
| 133|0x0000000088500000, 0x0000000088500000, 0x0000000088600000|  0%| F|  |TAMS 0x0000000088500000, 0x0000000088500000| Untracked 
| 134|0x0000000088600000, 0x0000000088600000, 0x0000000088700000|  0%| F|  |TAMS 0x0000000088600000, 0x0000000088600000| Untracked 
| 135|0x0000000088700000, 0x0000000088700000, 0x0000000088800000|  0%| F|  |TAMS 0x0000000088700000, 0x0000000088700000| Untracked 
| 136|0x0000000088800000, 0x0000000088800000, 0x0000000088900000|  0%| F|  |TAMS 0x0000000088800000, 0x0000000088800000| Untracked 
| 137|0x0000000088900000, 0x0000000088900000, 0x0000000088a00000|  0%| F|  |TAMS 0x0000000088900000, 0x0000000088900000| Untracked 
| 138|0x0000000088a00000, 0x0000000088a00000, 0x0000000088b00000|  0%| F|  |TAMS 0x0000000088a00000, 0x0000000088a00000| Untracked 
| 139|0x0000000088b00000, 0x0000000088b00000, 0x0000000088c00000|  0%| F|  |TAMS 0x0000000088b00000, 0x0000000088b00000| Untracked 
| 140|0x0000000088c00000, 0x0000000088c00000, 0x0000000088d00000|  0%| F|  |TAMS 0x0000000088c00000, 0x0000000088c00000| Untracked 
| 141|0x0000000088d00000, 0x0000000088d00000, 0x0000000088e00000|  0%| F|  |TAMS 0x0000000088d00000, 0x0000000088d00000| Untracked 
| 142|0x0000000088e00000, 0x0000000088e00000, 0x0000000088f00000|  0%| F|  |TAMS 0x0000000088e00000, 0x0000000088e00000| Untracked 
| 143|0x0000000088f00000, 0x0000000088f00000, 0x0000000089000000|  0%| F|  |TAMS 0x0000000088f00000, 0x0000000088f00000| Untracked 
| 144|0x0000000089000000, 0x0000000089000000, 0x0000000089100000|  0%| F|  |TAMS 0x0000000089000000, 0x0000000089000000| Untracked 
| 145|0x0000000089100000, 0x0000000089100000, 0x0000000089200000|  0%| F|  |TAMS 0x0000000089100000, 0x0000000089100000| Untracked 
| 146|0x0000000089200000, 0x0000000089200000, 0x0000000089300000|  0%| F|  |TAMS 0x0000000089200000, 0x0000000089200000| Untracked 
| 147|0x0000000089300000, 0x0000000089300000, 0x0000000089400000|  0%| F|  |TAMS 0x0000000089300000, 0x0000000089300000| Untracked 
| 148|0x0000000089400000, 0x0000000089400000, 0x0000000089500000|  0%| F|  |TAMS 0x0000000089400000, 0x0000000089400000| Untracked 
| 149|0x0000000089500000, 0x0000000089500000, 0x0000000089600000|  0%| F|  |TAMS 0x0000000089500000, 0x0000000089500000| Untracked 
| 150|0x0000000089600000, 0x0000000089600000, 0x0000000089700000|  0%| F|  |TAMS 0x0000000089600000, 0x0000000089600000| Untracked 
| 151|0x0000000089700000, 0x0000000089700000, 0x0000000089800000|  0%| F|  |TAMS 0x0000000089700000, 0x0000000089700000| Untracked 
| 152|0x0000000089800000, 0x0000000089800000, 0x0000000089900000|  0%| F|  |TAMS 0x0000000089800000, 0x0000000089800000| Untracked 
| 153|0x0000000089900000, 0x0000000089900000, 0x0000000089a00000|  0%| F|  |TAMS 0x0000000089900000, 0x0000000089900000| Untracked 
| 154|0x0000000089a00000, 0x0000000089a00000, 0x0000000089b00000|  0%| F|  |TAMS 0x0000000089a00000, 0x0000000089a00000| Untracked 
| 155|0x0000000089b00000, 0x0000000089b00000, 0x0000000089c00000|  0%| F|  |TAMS 0x0000000089b00000, 0x0000000089b00000| Untracked 
| 156|0x0000000089c00000, 0x0000000089c00000, 0x0000000089d00000|  0%| F|  |TAMS 0x0000000089c00000, 0x0000000089c00000| Untracked 
| 157|0x0000000089d00000, 0x0000000089d00000, 0x0000000089e00000|  0%| F|  |TAMS 0x0000000089d00000, 0x0000000089d00000| Untracked 
| 158|0x0000000089e00000, 0x0000000089e00000, 0x0000000089f00000|  0%| F|  |TAMS 0x0000000089e00000, 0x0000000089e00000| Untracked 
| 159|0x0000000089f00000, 0x0000000089f00000, 0x000000008a000000|  0%| F|  |TAMS 0x0000000089f00000, 0x0000000089f00000| Untracked 
| 160|0x000000008a000000, 0x000000008a000000, 0x000000008a100000|  0%| F|  |TAMS 0x000000008a000000, 0x000000008a000000| Untracked 
| 161|0x000000008a100000, 0x000000008a100000, 0x000000008a200000|  0%| F|  |TAMS 0x000000008a100000, 0x000000008a100000| Untracked 
| 162|0x000000008a200000, 0x000000008a200000, 0x000000008a300000|  0%| F|  |TAMS 0x000000008a200000, 0x000000008a200000| Untracked 
| 163|0x000000008a300000, 0x000000008a300000, 0x000000008a400000|  0%| F|  |TAMS 0x000000008a300000, 0x000000008a300000| Untracked 
| 164|0x000000008a400000, 0x000000008a400000, 0x000000008a500000|  0%| F|  |TAMS 0x000000008a400000, 0x000000008a400000| Untracked 
| 165|0x000000008a500000, 0x000000008a500000, 0x000000008a600000|  0%| F|  |TAMS 0x000000008a500000, 0x000000008a500000| Untracked 
| 166|0x000000008a600000, 0x000000008a600000, 0x000000008a700000|  0%| F|  |TAMS 0x000000008a600000, 0x000000008a600000| Untracked 
| 167|0x000000008a700000, 0x000000008a700000, 0x000000008a800000|  0%| F|  |TAMS 0x000000008a700000, 0x000000008a700000| Untracked 
| 168|0x000000008a800000, 0x000000008a800000, 0x000000008a900000|  0%| F|  |TAMS 0x000000008a800000, 0x000000008a800000| Untracked 
| 169|0x000000008a900000, 0x000000008a900000, 0x000000008aa00000|  0%| F|  |TAMS 0x000000008a900000, 0x000000008a900000| Untracked 
| 170|0x000000008aa00000, 0x000000008aa00000, 0x000000008ab00000|  0%| F|  |TAMS 0x000000008aa00000, 0x000000008aa00000| Untracked 
| 171|0x000000008ab00000, 0x000000008ab00000, 0x000000008ac00000|  0%| F|  |TAMS 0x000000008ab00000, 0x000000008ab00000| Untracked 
| 172|0x000000008ac00000, 0x000000008ac00000, 0x000000008ad00000|  0%| F|  |TAMS 0x000000008ac00000, 0x000000008ac00000| Untracked 
| 173|0x000000008ad00000, 0x000000008ad00000, 0x000000008ae00000|  0%| F|  |TAMS 0x000000008ad00000, 0x000000008ad00000| Untracked 
| 174|0x000000008ae00000, 0x000000008ae00000, 0x000000008af00000|  0%| F|  |TAMS 0x000000008ae00000, 0x000000008ae00000| Untracked 
| 175|0x000000008af00000, 0x000000008af00000, 0x000000008b000000|  0%| F|  |TAMS 0x000000008af00000, 0x000000008af00000| Untracked 
| 176|0x000000008b000000, 0x000000008b000000, 0x000000008b100000|  0%| F|  |TAMS 0x000000008b000000, 0x000000008b000000| Untracked 
| 177|0x000000008b100000, 0x000000008b100000, 0x000000008b200000|  0%| F|  |TAMS 0x000000008b100000, 0x000000008b100000| Untracked 
| 178|0x000000008b200000, 0x000000008b200000, 0x000000008b300000|  0%| F|  |TAMS 0x000000008b200000, 0x000000008b200000| Untracked 
| 179|0x000000008b300000, 0x000000008b300000, 0x000000008b400000|  0%| F|  |TAMS 0x000000008b300000, 0x000000008b300000| Untracked 
| 180|0x000000008b400000, 0x000000008b400000, 0x000000008b500000|  0%| F|  |TAMS 0x000000008b400000, 0x000000008b400000| Untracked 
| 181|0x000000008b500000, 0x000000008b500000, 0x000000008b600000|  0%| F|  |TAMS 0x000000008b500000, 0x000000008b500000| Untracked 
| 182|0x000000008b600000, 0x000000008b600000, 0x000000008b700000|  0%| F|  |TAMS 0x000000008b600000, 0x000000008b600000| Untracked 
| 183|0x000000008b700000, 0x000000008b700000, 0x000000008b800000|  0%| F|  |TAMS 0x000000008b700000, 0x000000008b700000| Untracked 
| 184|0x000000008b800000, 0x000000008b800000, 0x000000008b900000|  0%| F|  |TAMS 0x000000008b800000, 0x000000008b800000| Untracked 
| 185|0x000000008b900000, 0x000000008b900000, 0x000000008ba00000|  0%| F|  |TAMS 0x000000008b900000, 0x000000008b900000| Untracked 
| 186|0x000000008ba00000, 0x000000008ba00000, 0x000000008bb00000|  0%| F|  |TAMS 0x000000008ba00000, 0x000000008ba00000| Untracked 
| 187|0x000000008bb00000, 0x000000008bb00000, 0x000000008bc00000|  0%| F|  |TAMS 0x000000008bb00000, 0x000000008bb00000| Untracked 
| 188|0x000000008bc00000, 0x000000008bc00000, 0x000000008bd00000|  0%| F|  |TAMS 0x000000008bc00000, 0x000000008bc00000| Untracked 
| 189|0x000000008bd00000, 0x000000008bd00000, 0x000000008be00000|  0%| F|  |TAMS 0x000000008bd00000, 0x000000008bd00000| Untracked 
| 190|0x000000008be00000, 0x000000008be00000, 0x000000008bf00000|  0%| F|  |TAMS 0x000000008be00000, 0x000000008be00000| Untracked 
| 191|0x000000008bf00000, 0x000000008bf00000, 0x000000008c000000|  0%| F|  |TAMS 0x000000008bf00000, 0x000000008bf00000| Untracked 
| 192|0x000000008c000000, 0x000000008c000000, 0x000000008c100000|  0%| F|  |TAMS 0x000000008c000000, 0x000000008c000000| Untracked 
| 193|0x000000008c100000, 0x000000008c100000, 0x000000008c200000|  0%| F|  |TAMS 0x000000008c100000, 0x000000008c100000| Untracked 
| 194|0x000000008c200000, 0x000000008c200000, 0x000000008c300000|  0%| F|  |TAMS 0x000000008c200000, 0x000000008c200000| Untracked 
| 195|0x000000008c300000, 0x000000008c300000, 0x000000008c400000|  0%| F|  |TAMS 0x000000008c300000, 0x000000008c300000| Untracked 
| 196|0x000000008c400000, 0x000000008c400000, 0x000000008c500000|  0%| F|  |TAMS 0x000000008c400000, 0x000000008c400000| Untracked 
| 197|0x000000008c500000, 0x000000008c500000, 0x000000008c600000|  0%| F|  |TAMS 0x000000008c500000, 0x000000008c500000| Untracked 
| 198|0x000000008c600000, 0x000000008c600000, 0x000000008c700000|  0%| F|  |TAMS 0x000000008c600000, 0x000000008c600000| Untracked 
| 199|0x000000008c700000, 0x000000008c700000, 0x000000008c800000|  0%| F|  |TAMS 0x000000008c700000, 0x000000008c700000| Untracked 
| 200|0x000000008c800000, 0x000000008c800000, 0x000000008c900000|  0%| F|  |TAMS 0x000000008c800000, 0x000000008c800000| Untracked 
| 201|0x000000008c900000, 0x000000008c900000, 0x000000008ca00000|  0%| F|  |TAMS 0x000000008c900000, 0x000000008c900000| Untracked 
| 202|0x000000008ca00000, 0x000000008ca00000, 0x000000008cb00000|  0%| F|  |TAMS 0x000000008ca00000, 0x000000008ca00000| Untracked 
| 203|0x000000008cb00000, 0x000000008cb00000, 0x000000008cc00000|  0%| F|  |TAMS 0x000000008cb00000, 0x000000008cb00000| Untracked 
| 204|0x000000008cc00000, 0x000000008cc00000, 0x000000008cd00000|  0%| F|  |TAMS 0x000000008cc00000, 0x000000008cc00000| Untracked 
| 205|0x000000008cd00000, 0x000000008cd00000, 0x000000008ce00000|  0%| F|  |TAMS 0x000000008cd00000, 0x000000008cd00000| Untracked 
| 206|0x000000008ce00000, 0x000000008ce00000, 0x000000008cf00000|  0%| F|  |TAMS 0x000000008ce00000, 0x000000008ce00000| Untracked 
| 207|0x000000008cf00000, 0x000000008cf00000, 0x000000008d000000|  0%| F|  |TAMS 0x000000008cf00000, 0x000000008cf00000| Untracked 
| 208|0x000000008d000000, 0x000000008d100000, 0x000000008d100000|100%| S|CS|TAMS 0x000000008d000000, 0x000000008d000000| Complete 
| 209|0x000000008d100000, 0x000000008d200000, 0x000000008d200000|100%| S|CS|TAMS 0x000000008d100000, 0x000000008d100000| Complete 
| 210|0x000000008d200000, 0x000000008d300000, 0x000000008d300000|100%| S|CS|TAMS 0x000000008d200000, 0x000000008d200000| Complete 
| 211|0x000000008d300000, 0x000000008d400000, 0x000000008d400000|100%| S|CS|TAMS 0x000000008d300000, 0x000000008d300000| Complete 
| 212|0x000000008d400000, 0x000000008d500000, 0x000000008d500000|100%| S|CS|TAMS 0x000000008d400000, 0x000000008d400000| Complete 
| 213|0x000000008d500000, 0x000000008d600000, 0x000000008d600000|100%| S|CS|TAMS 0x000000008d500000, 0x000000008d500000| Complete 
| 214|0x000000008d600000, 0x000000008d600000, 0x000000008d700000|  0%| F|  |TAMS 0x000000008d600000, 0x000000008d600000| Untracked 
| 215|0x000000008d700000, 0x000000008d700000, 0x000000008d800000|  0%| F|  |TAMS 0x000000008d700000, 0x000000008d700000| Untracked 
| 216|0x000000008d800000, 0x000000008d800000, 0x000000008d900000|  0%| F|  |TAMS 0x000000008d800000, 0x000000008d800000| Untracked 
| 217|0x000000008d900000, 0x000000008d900000, 0x000000008da00000|  0%| F|  |TAMS 0x000000008d900000, 0x000000008d900000| Untracked 
| 218|0x000000008da00000, 0x000000008da00000, 0x000000008db00000|  0%| F|  |TAMS 0x000000008da00000, 0x000000008da00000| Untracked 
| 219|0x000000008db00000, 0x000000008db00000, 0x000000008dc00000|  0%| F|  |TAMS 0x000000008db00000, 0x000000008db00000| Untracked 
| 220|0x000000008dc00000, 0x000000008dc00000, 0x000000008dd00000|  0%| F|  |TAMS 0x000000008dc00000, 0x000000008dc00000| Untracked 
| 221|0x000000008dd00000, 0x000000008dd00000, 0x000000008de00000|  0%| F|  |TAMS 0x000000008dd00000, 0x000000008dd00000| Untracked 
| 222|0x000000008de00000, 0x000000008de00000, 0x000000008df00000|  0%| F|  |TAMS 0x000000008de00000, 0x000000008de00000| Untracked 
| 223|0x000000008df00000, 0x000000008df00000, 0x000000008e000000|  0%| F|  |TAMS 0x000000008df00000, 0x000000008df00000| Untracked 
| 224|0x000000008e000000, 0x000000008e000000, 0x000000008e100000|  0%| F|  |TAMS 0x000000008e000000, 0x000000008e000000| Untracked 
| 225|0x000000008e100000, 0x000000008e100000, 0x000000008e200000|  0%| F|  |TAMS 0x000000008e100000, 0x000000008e100000| Untracked 
| 226|0x000000008e200000, 0x000000008e300000, 0x000000008e300000|100%| E|  |TAMS 0x000000008e200000, 0x000000008e200000| Complete 
| 227|0x000000008e300000, 0x000000008e400000, 0x000000008e400000|100%| E|CS|TAMS 0x000000008e300000, 0x000000008e300000| Complete 
| 228|0x000000008e400000, 0x000000008e500000, 0x000000008e500000|100%| E|CS|TAMS 0x000000008e400000, 0x000000008e400000| Complete 
| 229|0x000000008e500000, 0x000000008e600000, 0x000000008e600000|100%| E|CS|TAMS 0x000000008e500000, 0x000000008e500000| Complete 
| 230|0x000000008e600000, 0x000000008e700000, 0x000000008e700000|100%| E|CS|TAMS 0x000000008e600000, 0x000000008e600000| Complete 
| 231|0x000000008e700000, 0x000000008e800000, 0x000000008e800000|100%| E|CS|TAMS 0x000000008e700000, 0x000000008e700000| Complete 
| 232|0x000000008e800000, 0x000000008e900000, 0x000000008e900000|100%| E|CS|TAMS 0x000000008e800000, 0x000000008e800000| Complete 
| 233|0x000000008e900000, 0x000000008ea00000, 0x000000008ea00000|100%| E|CS|TAMS 0x000000008e900000, 0x000000008e900000| Complete 
| 234|0x000000008ea00000, 0x000000008eb00000, 0x000000008eb00000|100%| E|CS|TAMS 0x000000008ea00000, 0x000000008ea00000| Complete 
| 235|0x000000008eb00000, 0x000000008ec00000, 0x000000008ec00000|100%| E|CS|TAMS 0x000000008eb00000, 0x000000008eb00000| Complete 
| 236|0x000000008ec00000, 0x000000008ed00000, 0x000000008ed00000|100%| E|CS|TAMS 0x000000008ec00000, 0x000000008ec00000| Complete 
| 237|0x000000008ed00000, 0x000000008ee00000, 0x000000008ee00000|100%| E|CS|TAMS 0x000000008ed00000, 0x000000008ed00000| Complete 
| 238|0x000000008ee00000, 0x000000008ef00000, 0x000000008ef00000|100%| E|CS|TAMS 0x000000008ee00000, 0x000000008ee00000| Complete 
| 239|0x000000008ef00000, 0x000000008f000000, 0x000000008f000000|100%| E|CS|TAMS 0x000000008ef00000, 0x000000008ef00000| Complete 
| 240|0x000000008f000000, 0x000000008f100000, 0x000000008f100000|100%| E|CS|TAMS 0x000000008f000000, 0x000000008f000000| Complete 
| 241|0x000000008f100000, 0x000000008f200000, 0x000000008f200000|100%| E|CS|TAMS 0x000000008f100000, 0x000000008f100000| Complete 
| 242|0x000000008f200000, 0x000000008f300000, 0x000000008f300000|100%| E|CS|TAMS 0x000000008f200000, 0x000000008f200000| Complete 
| 243|0x000000008f300000, 0x000000008f400000, 0x000000008f400000|100%| E|CS|TAMS 0x000000008f300000, 0x000000008f300000| Complete 
| 244|0x000000008f400000, 0x000000008f500000, 0x000000008f500000|100%| E|CS|TAMS 0x000000008f400000, 0x000000008f400000| Complete 
| 245|0x000000008f500000, 0x000000008f600000, 0x000000008f600000|100%| E|CS|TAMS 0x000000008f500000, 0x000000008f500000| Complete 
| 246|0x000000008f600000, 0x000000008f700000, 0x000000008f700000|100%| E|CS|TAMS 0x000000008f600000, 0x000000008f600000| Complete 
| 247|0x000000008f700000, 0x000000008f800000, 0x000000008f800000|100%| E|CS|TAMS 0x000000008f700000, 0x000000008f700000| Complete 
| 248|0x000000008f800000, 0x000000008f900000, 0x000000008f900000|100%| E|CS|TAMS 0x000000008f800000, 0x000000008f800000| Complete 
| 249|0x000000008f900000, 0x000000008fa00000, 0x000000008fa00000|100%| E|CS|TAMS 0x000000008f900000, 0x000000008f900000| Complete 
| 250|0x000000008fa00000, 0x000000008fb00000, 0x000000008fb00000|100%| E|CS|TAMS 0x000000008fa00000, 0x000000008fa00000| Complete 
| 251|0x000000008fb00000, 0x000000008fc00000, 0x000000008fc00000|100%| E|CS|TAMS 0x000000008fb00000, 0x000000008fb00000| Complete 
| 252|0x000000008fc00000, 0x000000008fd00000, 0x000000008fd00000|100%| E|CS|TAMS 0x000000008fc00000, 0x000000008fc00000| Complete 
| 253|0x000000008fd00000, 0x000000008fe00000, 0x000000008fe00000|100%| E|CS|TAMS 0x000000008fd00000, 0x000000008fd00000| Complete 
| 254|0x000000008fe00000, 0x000000008ff00000, 0x000000008ff00000|100%| E|CS|TAMS 0x000000008fe00000, 0x000000008fe00000| Complete 
| 255|0x000000008ff00000, 0x0000000090000000, 0x0000000090000000|100%| E|CS|TAMS 0x000000008ff00000, 0x000000008ff00000| Complete 

Card table byte_map: [0x000001f669680000,0x000001f669a80000] _byte_map_base: 0x000001f669280000

Marking Bits (Prev, Next): (CMBitMap*) 0x000001f65706f420, (CMBitMap*) 0x000001f65706f460
 Prev Bits: [0x000001f669e80000, 0x000001f66be80000)
 Next Bits: [0x000001f66be80000, 0x000001f66de80000)

Polling page: 0x000001f655c50000

Metaspace:

Usage:
  Non-class:     37.24 MB used.
      Class:      4.59 MB used.
       Both:     41.83 MB used.

Virtual space:
  Non-class space:       40.00 MB reserved,      38.00 MB ( 95%) committed,  5 nodes.
      Class space:        1.00 GB reserved,       5.00 MB ( <1%) committed,  1 nodes.
             Both:        1.04 GB reserved,      43.00 MB (  4%) committed. 

Chunk freelists:
   Non-Class:  2.03 MB
       Class:  2.91 MB
        Both:  4.94 MB

MaxMetaspaceSize: unlimited
CompressedClassSpaceSize: 1.00 GB
Initial GC threshold: 21.00 MB
Current GC threshold: 58.88 MB
CDS: off
MetaspaceReclaimPolicy: balanced
 - commit_granule_bytes: 65536.
 - commit_granule_words: 8192.
 - virtual_space_node_default_size: 1048576.
 - enlarge_chunks_in_place: 1.
 - new_chunks_are_fully_committed: 0.
 - uncommit_free_chunks: 1.
 - use_allocation_guard: 0.
 - handle_deallocations: 1.


Internal statistics:

num_allocs_failed_limit: 6.
num_arena_births: 374.
num_arena_deaths: 0.
num_vsnodes_births: 6.
num_vsnodes_deaths: 0.
num_space_committed: 688.
num_space_uncommitted: 0.
num_chunks_returned_to_freelist: 6.
num_chunks_taken_from_freelist: 1985.
num_chunk_merges: 6.
num_chunk_splits: 1265.
num_chunks_enlarged: 754.
num_purges: 0.
num_inconsistent_stats: 0.

CodeHeap 'non-profiled nmethods': size=120064Kb used=2494Kb max_used=2494Kb free=117569Kb
 bounds [0x000001f662140000, 0x000001f6623b0000, 0x000001f669680000]
CodeHeap 'profiled nmethods': size=120000Kb used=9952Kb max_used=9959Kb free=110047Kb
 bounds [0x000001f65ac10000, 0x000001f65b5d0000, 0x000001f662140000]
CodeHeap 'non-nmethods': size=5696Kb used=1385Kb max_used=1424Kb free=4310Kb
 bounds [0x000001f65a680000, 0x000001f65a8f0000, 0x000001f65ac10000]
 total_blobs=5359 nmethods=4618 adapters=654
 compilation: enabled
              stopped_count=0, restarted_count=0
 full_count=0

Compilation events (20 events):
Event: 64.758 Thread 0x000001f670cba6d0 5379   !   3       org.apache.batik.css.parser.Parser::nextIgnoreSpaces (101 bytes)
Event: 64.759 Thread 0x000001f670cba6d0 nmethod 5379 0x000001f65b1d0210 code [0x000001f65b1d0440, 0x000001f65b1d0ad8]
Event: 64.763 Thread 0x000001f670cba6d0 5380       3       org.apache.batik.css.parser.CSSLexicalUnit::<init> (27 bytes)
Event: 64.764 Thread 0x000001f670cba6d0 nmethod 5380 0x000001f65b1cfc10 code [0x000001f65b1cfdc0, 0x000001f65b1d0118]
Event: 64.766 Thread 0x000001f670cba6d0 5382       3       org.eclipse.e4.ui.css.core.impl.dom.AbstractCSSNode::<init> (5 bytes)
Event: 64.767 Thread 0x000001f670cba6d0 nmethod 5382 0x000001f65b1cf890 code [0x000001f65b1cfa20, 0x000001f65b1cfb78]
Event: 64.767 Thread 0x000001f670cba6d0 5383       3       org.eclipse.e4.ui.css.core.impl.sac.CSSDocumentHandlerImpl::getNodeStack (23 bytes)
Event: 64.768 Thread 0x000001f670cba6d0 nmethod 5383 0x000001f65b1cf190 code [0x000001f65b1cf360, 0x000001f65b1cf6e8]
Event: 64.770 Thread 0x000001f670cba6d0 5385       3       org.eclipse.e4.ui.css.core.impl.dom.CSSValueImpl::<init> (5 bytes)
Event: 64.771 Thread 0x000001f670cba6d0 nmethod 5385 0x000001f65b1ced10 code [0x000001f65b1ceec0, 0x000001f65b1cf078]
Event: 64.771 Thread 0x000001f670cba6d0 5387       3       org.apache.batik.css.parser.Scanner::getStringValue (25 bytes)
Event: 64.772 Thread 0x000001f670cba6d0 nmethod 5387 0x000001f65b1ce890 code [0x000001f65b1cea40, 0x000001f65b1cec08]
Event: 64.782 Thread 0x000001f670cba6d0 5388       1       org.apache.batik.css.parser.CSSLexicalUnit::getLexicalUnitType (5 bytes)
Event: 64.782 Thread 0x000001f670cba6d0 nmethod 5388 0x000001f6623af790 code [0x000001f6623af920, 0x000001f6623af9f8]
Event: 64.783 Thread 0x000001f670cba6d0 5389       3       org.eclipse.e4.ui.css.core.impl.dom.Measure::<init> (10 bytes)
Event: 64.784 Thread 0x000001f670cba6d0 nmethod 5389 0x000001f65b1ce310 code [0x000001f65b1ce4c0, 0x000001f65b1ce738]
Event: 64.852 Thread 0x000001f670cba6d0 5390 %     3       java.util.jar.JarFile::match @ 14 (132 bytes)
Event: 64.854 Thread 0x000001f670cba6d0 nmethod 5390% 0x000001f65b1cd790 code [0x000001f65b1cd980, 0x000001f65b1cdfb8]
Event: 64.854 Thread 0x000001f670cba6d0 5391       3       java.util.jar.JarFile::match (132 bytes)
Event: 64.855 Thread 0x000001f670cba6d0 nmethod 5391 0x000001f65b1ccb90 code [0x000001f65b1ccd80, 0x000001f65b1cd2f8]

GC Heap History (18 events):
Event: 3.660 GC heap before
{Heap before GC invocations=0 (full 0):
 garbage-first heap   total 262144K, used 11264K [0x0000000080000000, 0x0000000100000000)
  region size 1024K, 12 young (12288K), 0 survivors (0K)
 Metaspace       used 10553K, committed 10688K, reserved 1064960K
  class space    used 952K, committed 1024K, reserved 1048576K
}
Event: 3.682 GC heap after
{Heap after GC invocations=1 (full 0):
 garbage-first heap   total 262144K, used 2592K [0x0000000080000000, 0x0000000100000000)
  region size 1024K, 2 young (2048K), 2 survivors (2048K)
 Metaspace       used 10553K, committed 10688K, reserved 1064960K
  class space    used 952K, committed 1024K, reserved 1048576K
}
Event: 7.433 GC heap before
{Heap before GC invocations=1 (full 0):
 garbage-first heap   total 262144K, used 11808K [0x0000000080000000, 0x0000000100000000)
  region size 1024K, 12 young (12288K), 2 survivors (2048K)
 Metaspace       used 12187K, committed 12416K, reserved 1064960K
  class space    used 1106K, committed 1216K, reserved 1048576K
}
Event: 7.470 GC heap after
{Heap after GC invocations=2 (full 0):
 garbage-first heap   total 262144K, used 8192K [0x0000000080000000, 0x0000000100000000)
  region size 1024K, 2 young (2048K), 2 survivors (2048K)
 Metaspace       used 12187K, committed 12416K, reserved 1064960K
  class space    used 1106K, committed 1216K, reserved 1048576K
}
Event: 9.635 GC heap before
{Heap before GC invocations=2 (full 0):
 garbage-first heap   total 262144K, used 17408K [0x0000000080000000, 0x0000000100000000)
  region size 1024K, 12 young (12288K), 2 survivors (2048K)
 Metaspace       used 12515K, committed 12672K, reserved 1064960K
  class space    used 1133K, committed 1216K, reserved 1048576K
}
Event: 9.687 GC heap after
{Heap after GC invocations=3 (full 0):
 garbage-first heap   total 262144K, used 14147K [0x0000000080000000, 0x0000000100000000)
  region size 1024K, 2 young (2048K), 2 survivors (2048K)
 Metaspace       used 12515K, committed 12672K, reserved 1064960K
  class space    used 1133K, committed 1216K, reserved 1048576K
}
Event: 13.548 GC heap before
{Heap before GC invocations=3 (full 0):
 garbage-first heap   total 262144K, used 24387K [0x0000000080000000, 0x0000000100000000)
  region size 1024K, 12 young (12288K), 2 survivors (2048K)
 Metaspace       used 14217K, committed 14400K, reserved 1064960K
  class space    used 1305K, committed 1408K, reserved 1048576K
}
Event: 13.622 GC heap after
{Heap after GC invocations=4 (full 0):
 garbage-first heap   total 262144K, used 17282K [0x0000000080000000, 0x0000000100000000)
  region size 1024K, 2 young (2048K), 2 survivors (2048K)
 Metaspace       used 14217K, committed 14400K, reserved 1064960K
  class space    used 1305K, committed 1408K, reserved 1048576K
}
Event: 15.276 GC heap before
{Heap before GC invocations=4 (full 0):
 garbage-first heap   total 262144K, used 29570K [0x0000000080000000, 0x0000000100000000)
  region size 1024K, 14 young (14336K), 2 survivors (2048K)
 Metaspace       used 14472K, committed 14720K, reserved 1064960K
  class space    used 1324K, committed 1472K, reserved 1048576K
}
Event: 15.291 GC heap after
{Heap after GC invocations=5 (full 0):
 garbage-first heap   total 262144K, used 17765K [0x0000000080000000, 0x0000000100000000)
  region size 1024K, 1 young (1024K), 1 survivors (1024K)
 Metaspace       used 14472K, committed 14720K, reserved 1064960K
  class space    used 1324K, committed 1472K, reserved 1048576K
}
Event: 24.135 GC heap before
{Heap before GC invocations=5 (full 0):
 garbage-first heap   total 262144K, used 39269K [0x0000000080000000, 0x0000000100000000)
  region size 1024K, 24 young (24576K), 1 survivors (1024K)
 Metaspace       used 21086K, committed 21504K, reserved 1073152K
  class space    used 2053K, committed 2240K, reserved 1048576K
}
Event: 24.165 GC heap after
{Heap after GC invocations=6 (full 0):
 garbage-first heap   total 262144K, used 22528K [0x0000000080000000, 0x0000000100000000)
  region size 1024K, 4 young (4096K), 4 survivors (4096K)
 Metaspace       used 21086K, committed 21504K, reserved 1073152K
  class space    used 2053K, committed 2240K, reserved 1048576K
}
Event: 42.159 GC heap before
{Heap before GC invocations=7 (full 0):
 garbage-first heap   total 262144K, used 68608K [0x0000000080000000, 0x0000000100000000)
  region size 1024K, 50 young (51200K), 4 survivors (4096K)
 Metaspace       used 35167K, committed 36096K, reserved 1081344K
  class space    used 3796K, committed 4160K, reserved 1048576K
}
Event: 42.226 GC heap after
{Heap after GC invocations=8 (full 0):
 garbage-first heap   total 262144K, used 30060K [0x0000000080000000, 0x0000000100000000)
  region size 1024K, 8 young (8192K), 8 survivors (8192K)
 Metaspace       used 35167K, committed 36096K, reserved 1081344K
  class space    used 3796K, committed 4160K, reserved 1048576K
}
Event: 46.651 GC heap before
{Heap before GC invocations=9 (full 0):
 garbage-first heap   total 262144K, used 49516K [0x0000000080000000, 0x0000000100000000)
  region size 1024K, 27 young (27648K), 8 survivors (8192K)
 Metaspace       used 35484K, committed 36416K, reserved 1081344K
  class space    used 3833K, committed 4160K, reserved 1048576K
}
Event: 46.781 GC heap after
{Heap after GC invocations=10 (full 0):
 garbage-first heap   total 262144K, used 33539K [0x0000000080000000, 0x0000000100000000)
  region size 1024K, 4 young (4096K), 4 survivors (4096K)
 Metaspace       used 35484K, committed 36416K, reserved 1081344K
  class space    used 3833K, committed 4160K, reserved 1048576K
}
Event: 57.892 GC heap before
{Heap before GC invocations=10 (full 0):
 garbage-first heap   total 262144K, used 73475K [0x0000000080000000, 0x0000000100000000)
  region size 1024K, 42 young (43008K), 4 survivors (4096K)
 Metaspace       used 38793K, committed 39872K, reserved 1089536K
  class space    used 4206K, committed 4608K, reserved 1048576K
}
Event: 57.924 GC heap after
{Heap after GC invocations=11 (full 0):
 garbage-first heap   total 262144K, used 36864K [0x0000000080000000, 0x0000000100000000)
  region size 1024K, 6 young (6144K), 6 survivors (6144K)
 Metaspace       used 38793K, committed 39872K, reserved 1089536K
  class space    used 4206K, committed 4608K, reserved 1048576K
}

Deoptimization events (20 events):
Event: 62.539 Thread 0x000001f65702fa40 Uncommon trap: trap_request=0xffffff45 fr.pc=0x000001f66218d40c relative=0x000000000000044c
Event: 62.539 Thread 0x000001f65702fa40 Uncommon trap: reason=unstable_if action=reinterpret pc=0x000001f66218d40c method=java.lang.AbstractStringBuilder.putStringAt(ILjava/lang/String;II)V @ 8 c2
Event: 62.539 Thread 0x000001f65702fa40 DEOPT PACKING pc=0x000001f66218d40c sp=0x00000074a431dd90
Event: 62.539 Thread 0x000001f65702fa40 DEOPT UNPACKING pc=0x000001f65a6d23a3 sp=0x00000074a431dc28 mode 2
Event: 62.539 Thread 0x000001f65702fa40 Uncommon trap: trap_request=0xffffff45 fr.pc=0x000001f6622da7f0 relative=0x0000000000000430
Event: 62.539 Thread 0x000001f65702fa40 Uncommon trap: reason=unstable_if action=reinterpret pc=0x000001f6622da7f0 method=java.lang.AbstractStringBuilder.putStringAt(ILjava/lang/String;II)V @ 8 c2
Event: 62.539 Thread 0x000001f65702fa40 DEOPT PACKING pc=0x000001f6622da7f0 sp=0x00000074a431dd40
Event: 62.539 Thread 0x000001f65702fa40 DEOPT UNPACKING pc=0x000001f65a6d23a3 sp=0x00000074a431dc30 mode 2
Event: 62.577 Thread 0x000001f65702fa40 Uncommon trap: trap_request=0xffffff45 fr.pc=0x000001f662231294 relative=0x00000000000005d4
Event: 62.577 Thread 0x000001f65702fa40 Uncommon trap: reason=unstable_if action=reinterpret pc=0x000001f662231294 method=java.lang.AbstractStringBuilder.<init>(Ljava/lang/String;)V @ 40 c2
Event: 62.577 Thread 0x000001f65702fa40 DEOPT PACKING pc=0x000001f662231294 sp=0x00000074a431da10
Event: 62.577 Thread 0x000001f65702fa40 DEOPT UNPACKING pc=0x000001f65a6d23a3 sp=0x00000074a431d9f0 mode 2
Event: 62.790 Thread 0x000001f672076a20 Uncommon trap: trap_request=0xffffffde fr.pc=0x000001f6622ddc58 relative=0x00000000000007f8
Event: 62.790 Thread 0x000001f672076a20 Uncommon trap: reason=class_check action=maybe_recompile pc=0x000001f6622ddc58 method=java.lang.ThreadLocal.set(Ljava/lang/Object;)V @ 26 c2
Event: 62.790 Thread 0x000001f672076a20 DEOPT PACKING pc=0x000001f6622ddc58 sp=0x00000074a62ff110
Event: 62.790 Thread 0x000001f672076a20 DEOPT UNPACKING pc=0x000001f65a6d23a3 sp=0x00000074a62ff0e0 mode 2
Event: 62.804 Thread 0x000001f65702fa40 Uncommon trap: trap_request=0xffffffde fr.pc=0x000001f662162608 relative=0x0000000000000948
Event: 62.804 Thread 0x000001f65702fa40 Uncommon trap: reason=class_check action=maybe_recompile pc=0x000001f662162608 method=org.eclipse.emf.common.util.BasicEMap.entryForKey(IILjava/lang/Object;)Lorg/eclipse/emf/common/util/BasicEMap$Entry; @ 68 c2
Event: 62.804 Thread 0x000001f65702fa40 DEOPT PACKING pc=0x000001f662162608 sp=0x00000074a431df80
Event: 62.804 Thread 0x000001f65702fa40 DEOPT UNPACKING pc=0x000001f65a6d23a3 sp=0x00000074a431de40 mode 2

Classes unloaded (0 events):
No events

Classes redefined (0 events):
No events

Internal exceptions (20 events):
Event: 54.115 Thread 0x000001f65702fa40 Exception <a 'java/lang/NoSuchMethodError'{0x000000008dfbce88}: 'void java.lang.invoke.DirectMethodHandle$Holder.invokeVirtual(java.lang.Object, java.lang.Object)'> (0x000000008dfbce88) 
thrown [e:\jenkins\tmp\workspace\build\src\src\hotspot\share\interpreter\linkResolver.cpp, line 766]
Event: 54.125 Thread 0x000001f65702fa40 Exception <a 'java/lang/NoSuchMethodError'{0x000000008dfd1120}: 'java.lang.Object java.lang.invoke.DirectMethodHandle$Holder.invokeSpecial(java.lang.Object, java.lang.Object, java.lang.Object, int, java.lang.Object, java.lang.Object)'> (0x000000008dfd1120) 
thrown [e:\jenkins\tmp\workspace\build\src\src\hotspot\share\interpreter\linkResolver.cpp, line 766]
Event: 54.184 Thread 0x000001f65702fa40 Exception <a 'java/lang/NoSuchMethodError'{0x000000008dfe0020}: 'void java.lang.invoke.DirectMethodHandle$Holder.invokeSpecial(java.lang.Object, java.lang.Object, java.lang.Object, int)'> (0x000000008dfe0020) 
thrown [e:\jenkins\tmp\workspace\build\src\src\hotspot\share\interpreter\linkResolver.cpp, line 766]
Event: 54.189 Thread 0x000001f65702fa40 Exception <a 'java/lang/NoSuchMethodError'{0x000000008dfe72c0}: 'java.lang.Object java.lang.invoke.DirectMethodHandle$Holder.newInvokeSpecial(java.lang.Object, java.lang.Object, java.lang.Object, int)'> (0x000000008dfe72c0) 
thrown [e:\jenkins\tmp\workspace\build\src\src\hotspot\share\interpreter\linkResolver.cpp, line 766]
Event: 54.192 Thread 0x000001f65702fa40 Exception <a 'java/lang/NoSuchMethodError'{0x000000008dfeb6a0}: 'java.lang.Object java.lang.invoke.DirectMethodHandle$Holder.invokeSpecial(java.lang.Object, java.lang.Object, java.lang.Object, java.lang.Object, int)'> (0x000000008dfeb6a0) 
thrown [e:\jenkins\tmp\workspace\build\src\src\hotspot\share\interpreter\linkResolver.cpp, line 766]
Event: 54.199 Thread 0x000001f65702fa40 Exception <a 'java/lang/NoSuchMethodError'{0x000000008dfef268}: 'java.lang.Object java.lang.invoke.Invokers$Holder.linkToTargetMethod(java.lang.Object, java.lang.Object, int, java.lang.Object)'> (0x000000008dfef268) 
thrown [e:\jenkins\tmp\workspace\build\src\src\hotspot\share\interpreter\linkResolver.cpp, line 766]
Event: 55.406 Thread 0x000001f65702fa40 Implicit null exception at 0x000001f662278e77 to 0x000001f662279864
Event: 60.175 Thread 0x000001f65702fa40 Exception <a 'java/lang/NoSuchMethodError'{0x000000008f89fdc0}: 'void java.lang.invoke.DirectMethodHandle$Holder.invokeSpecial(java.lang.Object, java.lang.Object, double)'> (0x000000008f89fdc0) 
thrown [e:\jenkins\tmp\workspace\build\src\src\hotspot\share\interpreter\linkResolver.cpp, line 766]
Event: 60.182 Thread 0x000001f65702fa40 Exception <a 'java/lang/NoSuchMethodError'{0x000000008f8a6a88}: 'java.lang.Object java.lang.invoke.DirectMethodHandle$Holder.newInvokeSpecial(java.lang.Object, java.lang.Object, double)'> (0x000000008f8a6a88) 
thrown [e:\jenkins\tmp\workspace\build\src\src\hotspot\share\interpreter\linkResolver.cpp, line 766]
Event: 60.191 Thread 0x000001f65702fa40 Exception <a 'java/lang/NoSuchMethodError'{0x000000008f8aaea0}: 'java.lang.Object java.lang.invoke.DirectMethodHandle$Holder.invokeSpecial(java.lang.Object, java.lang.Object, java.lang.Object, double)'> (0x000000008f8aaea0) 
thrown [e:\jenkins\tmp\workspace\build\src\src\hotspot\share\interpreter\linkResolver.cpp, line 766]
Event: 60.544 Thread 0x000001f65702fa40 Implicit null exception at 0x000001f66216f316 to 0x000001f66216fc30
Event: 61.175 Thread 0x000001f65702fa40 Exception <a 'java/lang/NoSuchMethodError'{0x000000008f480dd8}: 'int java.lang.invoke.DirectMethodHandle$Holder.invokeSpecial(java.lang.Object, java.lang.Object, java.lang.Object)'> (0x000000008f480dd8) 
thrown [e:\jenkins\tmp\workspace\build\src\src\hotspot\share\interpreter\linkResolver.cpp, line 766]
Event: 62.630 Thread 0x000001f65702fa40 Exception <a 'java/io/FileNotFoundException'{0x000000008efeafa8}> (0x000000008efeafa8) 
thrown [e:\jenkins\tmp\workspace\build\src\src\hotspot\share\prims\jni.cpp, line 516]
Event: 62.813 Thread 0x000001f65702fa40 Exception <a 'java/lang/NullPointerException'{0x000000008eeac448}> (0x000000008eeac448) 
thrown [e:\jenkins\tmp\workspace\build\src\src\hotspot\share\interpreter\linkResolver.cpp, line 1440]
Event: 63.279 Thread 0x000001f65702fa40 Exception <a 'java/io/FileNotFoundException'{0x000000008ec4b750}> (0x000000008ec4b750) 
thrown [e:\jenkins\tmp\workspace\build\src\src\hotspot\share\prims\jni.cpp, line 516]
Event: 63.280 Thread 0x000001f65702fa40 Exception <a 'java/io/FileNotFoundException'{0x000000008ec4cd68}> (0x000000008ec4cd68) 
thrown [e:\jenkins\tmp\workspace\build\src\src\hotspot\share\prims\jni.cpp, line 516]
Event: 63.628 Thread 0x000001f65702fa40 Exception <a 'java/lang/NoSuchMethodError'{0x000000008ebb4770}: 'void java.lang.invoke.DirectMethodHandle$Holder.invokeInterface(java.lang.Object, java.lang.Object)'> (0x000000008ebb4770) 
thrown [e:\jenkins\tmp\workspace\build\src\src\hotspot\share\interpreter\linkResolver.cpp, line 766]
Event: 63.942 Thread 0x000001f65702fa40 Exception <a 'java/io/FileNotFoundException'{0x000000008e9076a0}> (0x000000008e9076a0) 
thrown [e:\jenkins\tmp\workspace\build\src\src\hotspot\share\prims\jni.cpp, line 516]
Event: 63.943 Thread 0x000001f65702fa40 Exception <a 'java/io/FileNotFoundException'{0x000000008e908a00}> (0x000000008e908a00) 
thrown [e:\jenkins\tmp\workspace\build\src\src\hotspot\share\prims\jni.cpp, line 516]
Event: 64.351 Thread 0x000001f65702fa40 Exception <a 'java/io/FileNotFoundException'{0x000000008e8a14d0}> (0x000000008e8a14d0) 
thrown [e:\jenkins\tmp\workspace\build\src\src\hotspot\share\prims\jni.cpp, line 516]

VM Operations (20 events):
Event: 57.891 Executing VM operation: G1CollectForAllocation
Event: 57.925 Executing VM operation: G1CollectForAllocation done
Event: 59.657 Executing VM operation: HandshakeAllThreads
Event: 59.657 Executing VM operation: HandshakeAllThreads done
Event: 59.657 Executing VM operation: Cleanup
Event: 59.657 Executing VM operation: Cleanup done
Event: 60.562 Executing VM operation: HandshakeAllThreads
Event: 60.562 Executing VM operation: HandshakeAllThreads done
Event: 60.565 Executing VM operation: HandshakeAllThreads
Event: 60.565 Executing VM operation: HandshakeAllThreads done
Event: 61.563 Executing VM operation: Cleanup
Event: 61.565 Executing VM operation: Cleanup done
Event: 62.573 Executing VM operation: Cleanup
Event: 62.574 Executing VM operation: Cleanup done
Event: 62.824 Executing VM operation: HandshakeAllThreads
Event: 62.824 Executing VM operation: HandshakeAllThreads done
Event: 63.819 Executing VM operation: Cleanup
Event: 63.822 Executing VM operation: Cleanup done
Event: 64.041 Executing VM operation: HandshakeAllThreads
Event: 64.041 Executing VM operation: HandshakeAllThreads done

Events (20 events):
Event: 63.053 loading class javax/xml/transform/TransformerException
Event: 63.055 loading class javax/xml/transform/TransformerException done
Event: 63.055 loading class javax/xml/parsers/FactoryConfigurationError
Event: 63.055 loading class javax/xml/parsers/FactoryConfigurationError done
Event: 63.276 loading class java/util/Hashtable$KeySet
Event: 63.277 loading class java/util/Hashtable$KeySet done
Event: 64.060 loading class org/w3c/dom/views/AbstractView
Event: 64.060 loading class org/w3c/dom/views/AbstractView done
Event: 64.101 loading class org/w3c/dom/DOMException
Event: 64.101 loading class org/w3c/dom/DOMException done
Event: 64.356 loading class java/util/stream/MatchOps$MatchKind
Event: 64.357 loading class java/util/stream/MatchOps$MatchKind done
Event: 64.357 loading class java/util/stream/MatchOps
Event: 64.357 loading class java/util/stream/MatchOps done
Event: 64.357 loading class java/util/stream/MatchOps$MatchOp
Event: 64.358 loading class java/util/stream/MatchOps$MatchOp done
Event: 64.358 loading class java/util/stream/MatchOps$BooleanTerminalSink
Event: 64.358 loading class java/util/stream/MatchOps$BooleanTerminalSink done
Event: 64.360 loading class java/util/stream/MatchOps$1MatchSink
Event: 64.361 loading class java/util/stream/MatchOps$1MatchSink done


Dynamic libraries:
0x00007ff7b5bf0000 - 0x00007ff7b5c74000 	C:\Users\ASUS\eclipse\eclipse.exe
0x00007fffbfa30000 - 0x00007fffbfc28000 	C:\Windows\SYSTEM32\ntdll.dll
0x00007fffbf220000 - 0x00007fffbf2dd000 	C:\Windows\System32\KERNEL32.DLL
0x00007fffbd670000 - 0x00007fffbd93e000 	C:\Windows\System32\KERNELBASE.dll
0x00007fffbf640000 - 0x00007fffbf7e0000 	C:\Windows\System32\USER32.dll
0x00007fffbd400000 - 0x00007fffbd422000 	C:\Windows\System32\win32u.dll
0x00007fffbf920000 - 0x00007fffbf94a000 	C:\Windows\System32\GDI32.dll
0x00007fffbd560000 - 0x00007fffbd66b000 	C:\Windows\System32\gdi32full.dll
0x00007fffbd9f0000 - 0x00007fffbda8d000 	C:\Windows\System32\msvcp_win.dll
0x00007fffbd2b0000 - 0x00007fffbd3b0000 	C:\Windows\System32\ucrtbase.dll
0x00007fffa8e00000 - 0x00007fffa909a000 	C:\Windows\WinSxS\amd64_microsoft.windows.common-controls_6595b64144ccf1df_6.0.19041.1110_none_60b5254171f9507e\COMCTL32.dll
0x00007fffbf100000 - 0x00007fffbf19e000 	C:\Windows\System32\msvcrt.dll
0x00007fffbf950000 - 0x00007fffbf980000 	C:\Windows\System32\IMM32.DLL
0x00007fffb2840000 - 0x00007fffb287e000 	C:\Users\ASUS\eclipse\plugins\org.eclipse.equinox.launcher.win32.win32.x86_64_1.2.400.v20211117-0650\eclipse_11602.dll
0x00007fffbdb70000 - 0x00007fffbdc1e000 	C:\Windows\System32\ADVAPI32.dll
0x00007fffbf430000 - 0x00007fffbf4cc000 	C:\Windows\System32\sechost.dll
0x00007fffbe4a0000 - 0x00007fffbe5c5000 	C:\Windows\System32\RPCRT4.dll
0x00007fffbe370000 - 0x00007fffbe49a000 	C:\Windows\System32\ole32.dll
0x00007fffbead0000 - 0x00007fffbee24000 	C:\Windows\System32\combase.dll
0x00007fffb1580000 - 0x00007fffb158a000 	C:\Windows\SYSTEM32\VERSION.dll
0x00007fffbab70000 - 0x00007fffbac0e000 	C:\Windows\system32\uxtheme.dll
0x00007fffbf7e0000 - 0x00007fffbf8f5000 	C:\Windows\System32\MSCTF.dll
0x00007fffbf360000 - 0x00007fffbf42d000 	C:\Windows\System32\OLEAUT32.dll
0x00007fffbaf40000 - 0x00007fffbaf52000 	C:\Windows\SYSTEM32\kernel.appcore.dll
0x00007fffbd430000 - 0x00007fffbd4b2000 	C:\Windows\System32\bcryptPrimitives.dll
0x00007fffbee40000 - 0x00007fffbeee9000 	C:\Windows\System32\clbcatq.dll
0x00007fffbd4c0000 - 0x00007fffbd4e7000 	C:\Windows\System32\bcrypt.dll
0x00007fffb53b0000 - 0x00007fffb54a9000 	C:\Windows\SYSTEM32\textinputframework.dll
0x00007fffba510000 - 0x00007fffba86e000 	C:\Windows\System32\CoreUIComponents.dll
0x00007fffba870000 - 0x00007fffba962000 	C:\Windows\System32\CoreMessaging.dll
0x00007fffbf980000 - 0x00007fffbf9eb000 	C:\Windows\System32\WS2_32.dll
0x00007fffbf590000 - 0x00007fffbf63d000 	C:\Windows\System32\SHCORE.dll
0x00007fffb9de0000 - 0x00007fffb9f34000 	C:\Windows\SYSTEM32\wintypes.dll
0x00007fffbbe50000 - 0x00007fffbbe83000 	C:\Windows\SYSTEM32\ntmarta.dll
0x00007fff88980000 - 0x00007fff895c7000 	C:\Users\ASUS\eclipse\plugins\org.eclipse.justj.openjdk.hotspot.jre.full.win32.x86_64_17.0.2.v20220201-1208\jre\bin\server\jvm.dll
0x00007fffbf200000 - 0x00007fffbf208000 	C:\Windows\System32\PSAPI.DLL
0x00007fffb4650000 - 0x00007fffb4659000 	C:\Windows\SYSTEM32\WSOCK32.dll
0x00007fffb1550000 - 0x00007fffb1577000 	C:\Windows\SYSTEM32\WINMM.dll
0x00007fffa9100000 - 0x00007fffa911b000 	C:\Windows\SYSTEM32\VCRUNTIME140.dll
0x00007fffa9120000 - 0x00007fffa912c000 	C:\Windows\SYSTEM32\VCRUNTIME140_1.dll
0x00007fffb4530000 - 0x00007fffb453a000 	C:\Users\ASUS\eclipse\plugins\org.eclipse.justj.openjdk.hotspot.jre.full.win32.x86_64_17.0.2.v20220201-1208\jre\bin\jimage.dll
0x00007fffb5e20000 - 0x00007fffb6004000 	C:\Windows\SYSTEM32\DBGHELP.DLL
0x00007fffb5dc0000 - 0x00007fffb5dec000 	C:\Windows\SYSTEM32\dbgcore.DLL
0x00007fffb1a70000 - 0x00007fffb1a95000 	C:\Users\ASUS\eclipse\plugins\org.eclipse.justj.openjdk.hotspot.jre.full.win32.x86_64_17.0.2.v20220201-1208\jre\bin\java.dll
0x00007fffb3f70000 - 0x00007fffb3f88000 	C:\Users\ASUS\eclipse\plugins\org.eclipse.justj.openjdk.hotspot.jre.full.win32.x86_64_17.0.2.v20220201-1208\jre\bin\zip.dll
0x00007fffbdc20000 - 0x00007fffbe364000 	C:\Windows\System32\SHELL32.dll
0x00007fffbb250000 - 0x00007fffbb9e4000 	C:\Windows\SYSTEM32\windows.storage.dll
0x00007fffbcb40000 - 0x00007fffbcb70000 	C:\Windows\SYSTEM32\Wldp.dll
0x00007fffbf530000 - 0x00007fffbf585000 	C:\Windows\System32\shlwapi.dll
0x00007fffbd090000 - 0x00007fffbd0af000 	C:\Windows\SYSTEM32\profapi.dll
0x00007fffb3ed0000 - 0x00007fffb3ee9000 	C:\Users\ASUS\eclipse\plugins\org.eclipse.justj.openjdk.hotspot.jre.full.win32.x86_64_17.0.2.v20220201-1208\jre\bin\net.dll
0x00007fffae080000 - 0x00007fffae18a000 	C:\Windows\SYSTEM32\WINHTTP.dll
0x00007fffbc8a0000 - 0x00007fffbc90a000 	C:\Windows\system32\mswsock.dll
0x00007fffb1de0000 - 0x00007fffb1df5000 	C:\Users\ASUS\eclipse\plugins\org.eclipse.justj.openjdk.hotspot.jre.full.win32.x86_64_17.0.2.v20220201-1208\jre\bin\nio.dll
0x00007fffbca90000 - 0x00007fffbcaa8000 	C:\Windows\SYSTEM32\CRYPTSP.dll
0x00007fffbc1c0000 - 0x00007fffbc1f4000 	C:\Windows\system32\rsaenh.dll
0x00007fffbd010000 - 0x00007fffbd03e000 	C:\Windows\SYSTEM32\USERENV.dll
0x00007fffbcab0000 - 0x00007fffbcabc000 	C:\Windows\SYSTEM32\CRYPTBASE.dll
0x00007fffbc590000 - 0x00007fffbc5cb000 	C:\Windows\SYSTEM32\IPHLPAPI.DLL
0x00007fffbf210000 - 0x00007fffbf218000 	C:\Windows\System32\NSI.dll
0x00007fffb5910000 - 0x00007fffb5927000 	C:\Windows\SYSTEM32\dhcpcsvc6.DLL
0x00007fffb6420000 - 0x00007fffb643d000 	C:\Windows\SYSTEM32\dhcpcsvc.DLL
0x00007fffbc5e0000 - 0x00007fffbc6aa000 	C:\Windows\SYSTEM32\DNSAPI.dll
0x00007fffb44a0000 - 0x00007fffb44b0000 	C:\Users\ASUS\eclipse\plugins\org.eclipse.justj.openjdk.hotspot.jre.full.win32.x86_64_17.0.2.v20220201-1208\jre\bin\verify.dll
0x00007fff93bf0000 - 0x00007fff93cae000 	C:\Users\ASUS\eclipse\configuration\org.eclipse.osgi\755\0\.cp\swt-win32-4950r5.dll
0x00007fffbda90000 - 0x00007fffbdb6a000 	C:\Windows\System32\COMDLG32.dll
0x00007fffb85d0000 - 0x00007fffb8668000 	C:\Windows\SYSTEM32\WINSPOOL.DRV
0x00007fffb4570000 - 0x00007fffb4589000 	C:\Windows\SYSTEM32\USP10.dll
0x00007fffabbc0000 - 0x00007fffac096000 	C:\Windows\SYSTEM32\WININET.dll
0x00007fffb1bf0000 - 0x00007fffb1ddc000 	C:\Windows\SYSTEM32\urlmon.dll
0x00007fffb8c90000 - 0x00007fffb8d86000 	C:\Windows\SYSTEM32\PROPSYS.dll
0x00007fffbafb0000 - 0x00007fffbafdf000 	C:\Windows\SYSTEM32\dwmapi.dll
0x00007fffb7720000 - 0x00007fffb7727000 	C:\Windows\SYSTEM32\MSIMG32.dll
0x00007fffb2580000 - 0x00007fffb2831000 	C:\Windows\SYSTEM32\iertutil.dll
0x00007fffb1bc0000 - 0x00007fffb1be8000 	C:\Windows\SYSTEM32\srvcli.dll
0x00007fffbc5d0000 - 0x00007fffbc5dc000 	C:\Windows\SYSTEM32\netutils.dll
0x00007fffa8150000 - 0x00007fffa81b6000 	C:\Windows\SYSTEM32\OLEACC.dll
0x00007fffb4ec0000 - 0x00007fffb4ecd000 	C:\Windows\SYSTEM32\LINKINFO.dll
0x00007fffa0d00000 - 0x00007fffa0e7e000 	C:\Windows\System32\TaskFlowDataEngine.dll
0x00007fffa0740000 - 0x00007fffa0c0b000 	C:\Windows\System32\cdp.dll
0x00007fffbd150000 - 0x00007fffbd2a6000 	C:\Windows\System32\CRYPT32.dll
0x00007fffbd3b0000 - 0x00007fffbd3fe000 	C:\Windows\System32\cfgmgr32.dll
0x00007fffbccd0000 - 0x00007fffbcce2000 	C:\Windows\System32\UMPDC.dll
0x00007fffb4360000 - 0x00007fffb449d000 	C:\Windows\System32\dsreg.dll
0x00007fffbc250000 - 0x00007fffbc2da000 	C:\Windows\System32\msvcp110_win.dll
0x00007fff9b260000 - 0x00007fff9b2dd000 	C:\Windows\System32\OneCoreCommonProxyStub.dll
0x00007fffb1a20000 - 0x00007fffb1a48000 	C:\Users\ASUS\eclipse\configuration\org.eclipse.osgi\755\0\.cp\swt-gdip-win32-4950r5.dll
0x00007fff96cc0000 - 0x00007fff96e65000 	C:\Windows\WinSxS\amd64_microsoft.windows.gdiplus_6595b64144ccf1df_1.1.19041.1706_none_919e8e54cc8d4ca1\gdiplus.dll
0x00007fffb1fa0000 - 0x00007fffb2154000 	C:\Windows\SYSTEM32\WindowsCodecs.dll
0x0000000180000000 - 0x0000000180012000 	C:\Users\ASUS\eclipse\configuration\org.eclipse.osgi\127\0\.cp\os\win32\x86_64\localfile_1_0_0.dll
0x00007fffaea70000 - 0x00007fffaeb1c000 	C:\Windows\SYSTEM32\TextShaping.dll

dbghelp: loaded successfully - version: 4.0.5 - missing functions: none
symbol engine: initialized successfully - sym options: 0x614 - pdb path: .;C:\Users\ASUS\eclipse;C:\Windows\SYSTEM32;C:\Windows\WinSxS\amd64_microsoft.windows.common-controls_6595b64144ccf1df_6.0.19041.1110_none_60b5254171f9507e;C:\Users\ASUS\eclipse\plugins\org.eclipse.equinox.launcher.win32.win32.x86_64_1.2.400.v20211117-0650;C:\Users\ASUS\eclipse\plugins\org.eclipse.justj.openjdk.hotspot.jre.full.win32.x86_64_17.0.2.v20220201-1208\jre\bin\server;C:\Users\ASUS\eclipse\plugins\org.eclipse.justj.openjdk.hotspot.jre.full.win32.x86_64_17.0.2.v20220201-1208\jre\bin;C:\Users\ASUS\eclipse\configuration\org.eclipse.osgi\755\0\.cp;C:\Windows\WinSxS\amd64_microsoft.windows.gdiplus_6595b64144ccf1df_1.1.19041.1706_none_919e8e54cc8d4ca1;C:\Users\ASUS\eclipse\configuration\org.eclipse.osgi\127\0\.cp\os\win32\x86_64

VM Arguments:
jvm_args: -Dosgi.requiredJavaVersion=11 -Dosgi.instance.area.default=@user.home/eclipse-workspace -XX:+UseG1GC -XX:+UseStringDeduplication --add-modules=ALL-SYSTEM -Dosgi.requiredJavaVersion=11 -Dosgi.dataAreaRequiresExplicitInit=true -Dorg.eclipse.swt.graphics.Resource.reportNonDisposed=true -Xms256m -Xmx2048m --add-modules=ALL-SYSTEM 
java_command: Eclipse
java_class_path (initial): C:\Users\ASUS\eclipse\\plugins/org.eclipse.equinox.launcher_1.6.400.v20210924-0641.jar
Launcher Type: generic

[Global flags]
     intx CICompilerCount                          = 2                                         {product} {ergonomic}
     uint ConcGCThreads                            = 1                                         {product} {ergonomic}
     uint G1ConcRefinementThreads                  = 2                                         {product} {ergonomic}
   size_t G1HeapRegionSize                         = 1048576                                   {product} {ergonomic}
    uintx GCDrainStackTargetSize                   = 64                                        {product} {ergonomic}
   size_t InitialHeapSize                          = 268435456                                 {product} {command line}
   size_t MarkStackSize                            = 4194304                                   {product} {ergonomic}
   size_t MaxHeapSize                              = 2147483648                                {product} {command line}
   size_t MaxNewSize                               = 1287651328                                {product} {ergonomic}
   size_t MinHeapDeltaBytes                        = 1048576                                   {product} {ergonomic}
   size_t MinHeapSize                              = 268435456                                 {product} {command line}
    uintx NonNMethodCodeHeapSize                   = 5826188                                {pd product} {ergonomic}
    uintx NonProfiledCodeHeapSize                  = 122916026                              {pd product} {ergonomic}
    uintx ProfiledCodeHeapSize                     = 122916026                              {pd product} {ergonomic}
    uintx ReservedCodeCacheSize                    = 251658240                              {pd product} {ergonomic}
     bool SegmentedCodeCache                       = true                                      {product} {ergonomic}
   size_t SoftMaxHeapSize                          = 2147483648                             {manageable} {ergonomic}
     bool UseCompressedClassPointers               = true                           {product lp64_product} {ergonomic}
     bool UseCompressedOops                        = true                           {product lp64_product} {ergonomic}
     bool UseG1GC                                  = true                                      {product} {command line}
     bool UseLargePagesIndividualAllocation        = false                                  {pd product} {ergonomic}
     bool UseStringDeduplication                   = true                                      {product} {command line}

Logging:
Log output configuration:
 #0: stdout all=warning uptime,level,tags
 #1: stderr all=off uptime,level,tags

Environment Variables:
PATH=C:\Program Files (x86)\Common Files\Oracle\Java\javapath;C:\Program Files\Java\jdk-17.0.3\bin;C:\Python310\Scripts\;C:\Python310\;C:\Windows\system32;C:\Windows;C:\Windows\System32\Wbem;C:\Windows\System32\WindowsPowerShell\v1.0\;C:\Windows\System32\OpenSSH\;C:\Program Files\Git\cmd;C:\Program Files (x86)\nodejs\;C:\ProgramData\chocolatey\bin;C:\Program Files\Java\jdk1.8.0_333\bin\;C:\Users\ASUS\AppData\Local\Microsoft\WindowsApps;;C:\Users\ASUS\AppData\Local\Programs\Microsoft VS Code\bin;C:\Program Files\heroku\bin;C:\Users\ASUS\AppData\Roaming\npm
USERNAME=ASUS
OS=Windows_NT
PROCESSOR_IDENTIFIER=AMD64 Family 22 Model 48 Stepping 1, AuthenticAMD



---------------  S Y S T E M  ---------------

OS:
 Windows 10 , 64 bit Build 19041 (10.0.19041.1889)
OS uptime: 4 days 9:21 hours

CPU: total 2 (initial active 2) (2 cores per cpu, 1 threads per core) family 22 model 48 stepping 1 microcode 0x0, cx8, cmov, fxsr, mmx, 3dnowpref, sse, sse2, sse3, ssse3, sse4a, sse4.1, sse4.2, popcnt, lzcnt, tsc, tscinvbit, avx, aes, clmul, bmi1, vzeroupper, clflush

Memory: 4k page, system-wide physical 3508M (220M free)
TotalPageFile size 14260M (AvailPageFile size 4M)
current process WorkingSet (physical memory assigned to process): 208M, peak: 208M
current process commit charge ("private bytes"): 416M, peak: 416M

vm_info: OpenJDK 64-Bit Server VM (17.0.2+8) for windows-amd64 JRE (17.0.2+8), built on Jan 20 2022 04:52:34 by "" with MS VC++ 16.7 (VS2019)

END.
